<?xml version="1.0" encoding="UTF-8"?>
<coverage generated="1762350119201" clover="3.2.0">
  <project timestamp="1762350119201" name="All files">
    <metrics statements="292" coveredstatements="277" conditionals="243" coveredconditionals="207" methods="58" coveredmethods="58" elements="593" coveredelements="542" complexity="0" loc="292" ncloc="292" packages="2" files="6" classes="6"/>
    <package name="components">
      <metrics statements="63" coveredstatements="62" conditionals="42" coveredconditionals="40" methods="18" coveredmethods="18"/>
      <file name="MultiSelectFilter.tsx" path="/workspaces/ag-grid-mendix-widget/src/components/MultiSelectFilter.tsx">
        <metrics statements="63" coveredstatements="62" conditionals="42" coveredconditionals="40" methods="18" coveredmethods="18"/>
        <line num="1" count="1" type="stmt"/>
        <line num="12" count="1" type="stmt"/>
        <line num="13" count="77" type="cond" truecount="0" falsecount="1"/>
        <line num="14" count="77" type="stmt"/>
        <line num="15" count="77" type="stmt"/>
        <line num="16" count="77" type="stmt"/>
        <line num="17" count="77" type="stmt"/>
        <line num="18" count="77" type="stmt"/>
        <line num="20" count="77" type="cond" truecount="2" falsecount="0"/>
        <line num="21" count="77" type="cond" truecount="2" falsecount="0"/>
        <line num="24" count="77" type="stmt"/>
        <line num="25" count="69" type="stmt"/>
        <line num="26" count="3" type="cond" truecount="3" falsecount="0"/>
        <line num="27" count="3" type="stmt"/>
        <line num="28" count="3" type="stmt"/>
        <line num="32" count="69" type="stmt"/>
        <line num="33" count="2" type="cond" truecount="3" falsecount="0"/>
        <line num="34" count="2" type="stmt"/>
        <line num="35" count="2" type="stmt"/>
        <line num="39" count="69" type="cond" truecount="1" falsecount="0"/>
        <line num="40" count="28" type="stmt"/>
        <line num="41" count="28" type="stmt"/>
        <line num="42" count="28" type="stmt"/>
        <line num="43" count="28" type="stmt"/>
        <line num="44" count="28" type="stmt"/>
        <line num="50" count="77" type="stmt"/>
        <line num="51" count="69" type="cond" truecount="4" falsecount="0"/>
        <line num="52" count="27" type="stmt"/>
        <line num="57" count="77" type="stmt"/>
        <line num="58" count="70" type="cond" truecount="1" falsecount="0"/>
        <line num="59" count="28" type="stmt"/>
        <line num="63" count="77" type="stmt"/>
        <line num="64" count="28" type="stmt"/>
        <line num="65" count="28" type="cond" truecount="0" falsecount="1"/>
        <line num="66" count="0" type="stmt"/>
        <line num="70" count="77" type="stmt"/>
        <line num="71" count="3" type="cond" truecount="2" falsecount="0"/>
        <line num="72" count="2" type="stmt"/>
        <line num="74" count="3" type="stmt"/>
        <line num="77" count="77" type="stmt"/>
        <line num="78" count="2" type="cond" truecount="2" falsecount="0"/>
        <line num="79" count="1" type="stmt"/>
        <line num="81" count="1" type="stmt"/>
        <line num="85" count="77" type="stmt"/>
        <line num="86" count="3" type="stmt"/>
        <line num="87" count="3" type="stmt"/>
        <line num="90" count="77" type="cond" truecount="2" falsecount="0"/>
        <line num="91" count="223" type="stmt"/>
        <line num="95" count="77" type="stmt"/>
        <line num="96" count="77" type="cond" truecount="2" falsecount="0"/>
        <line num="97" count="47" type="cond" truecount="2" falsecount="0"/>
        <line num="98" count="30" type="cond" truecount="2" falsecount="0"/>
        <line num="99" count="19" type="stmt"/>
        <line num="100" count="11" type="cond" truecount="2" falsecount="0"/>
        <line num="101" count="5" type="stmt"/>
        <line num="103" count="6" type="stmt"/>
        <line num="107" count="77" type="stmt"/>
        <line num="137" count="3" type="stmt"/>
        <line num="138" count="3" type="stmt"/>
        <line num="174" count="5" type="stmt"/>
        <line num="185" count="90" type="stmt"/>
        <line num="186" count="90" type="stmt"/>
        <line num="197" count="3" type="stmt"/>
      </file>
    </package>
    <package name="utils">
      <metrics statements="229" coveredstatements="215" conditionals="201" coveredconditionals="167" methods="40" coveredmethods="40"/>
      <file name="customFormatters.ts" path="/workspaces/ag-grid-mendix-widget/src/utils/customFormatters.ts">
        <metrics statements="49" coveredstatements="47" conditionals="26" coveredconditionals="20" methods="9" coveredmethods="9"/>
        <line num="26" count="1" type="stmt"/>
        <line num="27" count="17" type="stmt"/>
        <line num="33" count="17" type="stmt"/>
        <line num="35" count="17" type="cond" truecount="3" falsecount="0"/>
        <line num="36" count="2" type="stmt"/>
        <line num="37" count="2" type="stmt"/>
        <line num="40" count="15" type="stmt"/>
        <line num="42" count="15" type="stmt"/>
        <line num="43" count="21" type="stmt"/>
        <line num="50" count="21" type="stmt"/>
        <line num="51" count="21" type="cond" truecount="1" falsecount="0"/>
        <line num="52" count="20" type="stmt"/>
        <line num="56" count="19" type="stmt"/>
        <line num="57" count="19" type="stmt"/>
        <line num="63" count="1" type="stmt"/>
        <line num="70" count="15" type="stmt"/>
        <line num="80" count="20" type="stmt"/>
        <line num="87" count="20" type="cond" truecount="3" falsecount="0"/>
        <line num="88" count="7" type="stmt"/>
        <line num="89" count="7" type="stmt"/>
        <line num="90" count="7" type="stmt"/>
        <line num="91" count="6" type="stmt"/>
        <line num="93" count="1" type="stmt"/>
        <line num="99" count="20" type="stmt"/>
        <line num="101" count="20" type="stmt"/>
        <line num="106" count="20" type="stmt"/>
        <line num="113" count="20" type="stmt"/>
        <line num="115" count="19" type="stmt"/>
        <line num="118" count="19" type="stmt"/>
        <line num="119" count="6" type="stmt"/>
        <line num="120" count="6" type="stmt"/>
        <line num="121" count="4" type="cond" truecount="3" falsecount="1"/>
        <line num="123" count="2" type="stmt"/>
        <line num="127" count="2" type="cond" truecount="2" falsecount="0"/>
        <line num="131" count="1" type="stmt"/>
        <line num="132" count="1" type="stmt"/>
        <line num="133" count="1" type="stmt"/>
        <line num="141" count="7" type="stmt"/>
        <line num="143" count="7" type="cond" truecount="1" falsecount="0"/>
        <line num="144" count="1" type="stmt"/>
        <line num="145" count="1" type="cond" truecount="1" falsecount="1"/>
        <line num="148" count="6" type="stmt"/>
        <line num="149" count="6" type="stmt"/>
        <line num="150" count="6" type="cond" truecount="3" falsecount="1"/>
        <line num="152" count="0" type="stmt"/>
        <line num="153" count="0" type="cond" truecount="0" falsecount="2"/>
        <line num="161" count="5" type="stmt"/>
        <line num="168" count="23" type="stmt"/>
        <line num="175" count="1" type="stmt"/>
      </file>
      <file name="dateRange.ts" path="/workspaces/ag-grid-mendix-widget/src/utils/dateRange.ts">
        <metrics statements="61" coveredstatements="60" conditionals="31" coveredconditionals="31" methods="11" coveredmethods="11"/>
        <line num="21" count="1" type="stmt"/>
        <line num="23" count="1" type="stmt"/>
        <line num="24" count="6" type="stmt"/>
        <line num="25" count="6" type="stmt"/>
        <line num="26" count="6" type="stmt"/>
        <line num="27" count="6" type="stmt"/>
        <line num="30" count="1" type="stmt"/>
        <line num="31" count="9" type="stmt"/>
        <line num="32" count="9" type="stmt"/>
        <line num="33" count="9" type="stmt"/>
        <line num="36" count="1" type="stmt"/>
        <line num="46" count="1" type="stmt"/>
        <line num="48" count="1" type="stmt"/>
        <line num="49" count="8" type="cond" truecount="1" falsecount="0"/>
        <line num="50" count="3" type="stmt"/>
        <line num="52" count="25" type="stmt"/>
        <line num="55" count="1" type="stmt"/>
        <line num="56" count="3" type="stmt"/>
        <line num="57" count="3" type="stmt"/>
        <line num="58" count="3" type="stmt"/>
        <line num="61" count="1" type="stmt"/>
        <line num="65" count="12" type="stmt"/>
        <line num="66" count="4" type="cond" truecount="1" falsecount="0"/>
        <line num="67" count="1" type="stmt"/>
        <line num="70" count="3" type="stmt"/>
        <line num="71" count="3" type="stmt"/>
        <line num="73" count="3" type="cond" truecount="1" falsecount="0"/>
        <line num="74" count="3" type="stmt"/>
        <line num="77" count="3" type="stmt"/>
        <line num="83" count="1" type="stmt"/>
        <line num="84" count="17" type="cond" truecount="1" falsecount="0"/>
        <line num="85" count="8" type="stmt"/>
        <line num="88" count="9" type="cond" truecount="1" falsecount="0"/>
        <line num="89" count="7" type="stmt"/>
        <line num="92" count="2" type="stmt"/>
        <line num="93" count="2" type="cond" truecount="1" falsecount="0"/>
        <line num="94" count="2" type="stmt"/>
        <line num="97" count="0" type="stmt"/>
        <line num="100" count="1" type="stmt"/>
        <line num="101" count="9" type="cond" truecount="3" falsecount="0"/>
        <line num="102" count="4" type="stmt"/>
        <line num="105" count="5" type="stmt"/>
        <line num="106" count="5" type="cond" truecount="2" falsecount="0"/>
        <line num="109" count="1" type="stmt"/>
        <line num="110" count="7" type="cond" truecount="1" falsecount="0"/>
        <line num="111" count="2" type="stmt"/>
        <line num="114" count="5" type="cond" truecount="4" falsecount="0"/>
        <line num="115" count="5" type="cond" truecount="4" falsecount="0"/>
        <line num="117" count="5" type="stmt"/>
        <line num="118" count="5" type="cond" truecount="1" falsecount="0"/>
        <line num="119" count="2" type="stmt"/>
        <line num="121" count="5" type="cond" truecount="1" falsecount="0"/>
        <line num="122" count="2" type="stmt"/>
        <line num="125" count="5" type="cond" truecount="4" falsecount="0"/>
        <line num="128" count="1" type="stmt"/>
        <line num="129" count="8" type="cond" truecount="1" falsecount="0"/>
        <line num="130" count="3" type="stmt"/>
        <line num="133" count="5" type="cond" truecount="2" falsecount="0"/>
        <line num="134" count="5" type="cond" truecount="1" falsecount="0"/>
        <line num="135" count="2" type="stmt"/>
        <line num="138" count="3" type="stmt"/>
      </file>
      <file name="formatters.ts" path="/workspaces/ag-grid-mendix-widget/src/utils/formatters.ts">
        <metrics statements="85" coveredstatements="74" conditionals="100" coveredconditionals="78" methods="6" coveredmethods="6"/>
        <line num="30" count="1" type="stmt"/>
        <line num="35" count="4" type="stmt"/>
        <line num="37" count="4" type="cond" truecount="4" falsecount="0"/>
        <line num="38" count="1" type="stmt"/>
        <line num="39" count="1" type="cond" truecount="1" falsecount="1"/>
        <line num="43" count="3" type="cond" truecount="1" falsecount="1"/>
        <line num="47" count="3" type="cond" truecount="2" falsecount="0"/>
        <line num="53" count="2" type="cond" truecount="1" falsecount="1"/>
        <line num="56" count="1" type="cond" truecount="1" falsecount="1"/>
        <line num="60" count="3" type="stmt"/>
        <line num="62" count="0" type="stmt"/>
        <line num="63" count="0" type="stmt"/>
        <line num="64" count="0" type="stmt"/>
        <line num="65" count="0" type="cond" truecount="0" falsecount="2"/>
        <line num="72" count="1" type="stmt"/>
        <line num="79" count="20" type="cond" truecount="3" falsecount="0"/>
        <line num="81" count="18" type="stmt"/>
        <line num="82" count="18" type="cond" truecount="15" falsecount="7"/>
        <line num="84" count="1" type="cond" truecount="1" falsecount="1"/>
        <line num="85" count="1" type="cond" truecount="1" falsecount="1"/>
        <line num="86" count="1" type="stmt"/>
        <line num="88" count="2" type="stmt"/>
        <line num="90" count="1" type="stmt"/>
        <line num="92" count="1" type="stmt"/>
        <line num="94" count="1" type="stmt"/>
        <line num="95" count="1" type="cond" truecount="1" falsecount="1"/>
        <line num="97" count="1" type="stmt"/>
        <line num="98" count="1" type="cond" truecount="1" falsecount="1"/>
        <line num="100" count="1" type="stmt"/>
        <line num="101" count="1" type="cond" truecount="1" falsecount="1"/>
        <line num="104" count="1" type="stmt"/>
        <line num="106" count="1" type="stmt"/>
        <line num="109" count="1" type="stmt"/>
        <line num="111" count="0" type="stmt"/>
        <line num="113" count="0" type="stmt"/>
        <line num="115" count="0" type="stmt"/>
        <line num="117" count="2" type="cond" truecount="2" falsecount="0"/>
        <line num="119" count="2" type="cond" truecount="2" falsecount="0"/>
        <line num="121" count="1" type="stmt"/>
        <line num="123" count="1" type="stmt"/>
        <line num="125" count="1" type="stmt"/>
        <line num="126" count="1" type="stmt"/>
        <line num="129" count="0" type="stmt"/>
        <line num="132" count="0" type="stmt"/>
        <line num="133" count="0" type="stmt"/>
        <line num="140" count="1" type="stmt"/>
        <line num="141" count="9" type="stmt"/>
        <line num="142" count="9" type="cond" truecount="1" falsecount="0"/>
        <line num="144" count="7" type="stmt"/>
        <line num="155" count="1" type="stmt"/>
        <line num="156" count="12" type="cond" truecount="2" falsecount="0"/>
        <line num="157" count="12" type="cond" truecount="1" falsecount="0"/>
        <line num="159" count="11" type="stmt"/>
        <line num="160" count="11" type="stmt"/>
        <line num="161" count="11" type="stmt"/>
        <line num="163" count="11" type="cond" truecount="7" falsecount="1"/>
        <line num="165" count="3" type="stmt"/>
        <line num="167" count="1" type="stmt"/>
        <line num="169" count="2" type="stmt"/>
        <line num="171" count="1" type="stmt"/>
        <line num="173" count="2" type="stmt"/>
        <line num="179" count="1" type="stmt"/>
        <line num="181" count="1" type="stmt"/>
        <line num="183" count="0" type="stmt"/>
        <line num="190" count="1" type="stmt"/>
        <line num="191" count="7" type="cond" truecount="3" falsecount="0"/>
        <line num="193" count="5" type="cond" truecount="4" falsecount="2"/>
        <line num="195" count="2" type="cond" truecount="2" falsecount="0"/>
        <line num="197" count="1" type="cond" truecount="1" falsecount="1"/>
        <line num="201" count="1" type="stmt"/>
        <line num="203" count="1" type="stmt"/>
        <line num="210" count="1" type="stmt"/>
        <line num="211" count="12" type="cond" truecount="1" falsecount="0"/>
        <line num="212" count="3" type="stmt"/>
        <line num="215" count="9" type="cond" truecount="3" falsecount="0"/>
        <line num="216" count="1" type="stmt"/>
        <line num="219" count="8" type="cond" truecount="3" falsecount="0"/>
        <line num="220" count="1" type="stmt"/>
        <line num="223" count="7" type="cond" truecount="3" falsecount="0"/>
        <line num="224" count="1" type="stmt"/>
        <line num="227" count="6" type="cond" truecount="2" falsecount="0"/>
        <line num="228" count="6" type="cond" truecount="2" falsecount="0"/>
        <line num="230" count="6" type="cond" truecount="3" falsecount="0"/>
        <line num="231" count="4" type="stmt"/>
        <line num="234" count="2" type="stmt"/>
      </file>
      <file name="state.ts" path="/workspaces/ag-grid-mendix-widget/src/utils/state.ts">
        <metrics statements="21" coveredstatements="21" conditionals="33" coveredconditionals="28" methods="12" coveredmethods="12"/>
        <line num="8" count="1" type="cond" truecount="0" falsecount="1"/>
        <line num="9" count="5" type="stmt"/>
        <line num="10" count="12" type="cond" truecount="6" falsecount="1"/>
        <line num="11" count="8" type="stmt"/>
        <line num="16" count="4" type="stmt"/>
        <line num="18" count="8" type="stmt"/>
        <line num="26" count="1" type="cond" truecount="0" falsecount="1"/>
        <line num="27" count="3" type="stmt"/>
        <line num="28" count="3" type="stmt"/>
        <line num="29" count="6" type="cond" truecount="5" falsecount="0"/>
        <line num="30" count="5" type="stmt"/>
        <line num="33" count="3" type="stmt"/>
        <line num="41" count="1" type="cond" truecount="0" falsecount="1"/>
        <line num="42" count="7" type="cond" truecount="4" falsecount="0"/>
        <line num="50" count="1" type="cond" truecount="0" falsecount="1"/>
        <line num="51" count="4" type="stmt"/>
        <line num="52" count="4" type="stmt"/>
        <line num="53" count="8" type="cond" truecount="5" falsecount="0"/>
        <line num="54" count="7" type="cond" truecount="4" falsecount="0"/>
        <line num="55" count="7" type="stmt"/>
        <line num="58" count="4" type="stmt"/>
      </file>
      <file name="theme.ts" path="/workspaces/ag-grid-mendix-widget/src/utils/theme.ts">
        <metrics statements="13" coveredstatements="13" conditionals="11" coveredconditionals="10" methods="2" coveredmethods="2"/>
        <line num="9" count="1" type="stmt"/>
        <line num="16" count="1" type="stmt"/>
        <line num="26" count="1" type="stmt"/>
        <line num="27" count="18" type="cond" truecount="2" falsecount="0"/>
        <line num="30" count="1" type="stmt"/>
        <line num="35" count="18" type="stmt"/>
        <line num="36" count="18" type="stmt"/>
        <line num="37" count="18" type="cond" truecount="1" falsecount="1"/>
        <line num="39" count="18" type="cond" truecount="1" falsecount="0"/>
        <line num="40" count="3" type="stmt"/>
        <line num="43" count="15" type="cond" truecount="1" falsecount="0"/>
        <line num="44" count="2" type="stmt"/>
        <line num="47" count="13" type="cond" truecount="2" falsecount="0"/>
      </file>
    </package>
  </project>
</coverage>
