{"/workspaces/ag-grid-mendix-widget/src/components/MultiSelectFilter.tsx": {"path":"/workspaces/ag-grid-mendix-widget/src/components/MultiSelectFilter.tsx","statementMap":{"0":{"start":{"line":12,"column":0},"end":{"line":12,"column":16}},"1":{"start":{"line":1,"column":0},"end":{"line":1,"column":66}},"2":{"start":{"line":13,"column":91},"end":{"line":13,"column":96}},"3":{"start":{"line":14,"column":32},"end":{"line":14,"column":47}},"4":{"start":{"line":15,"column":40},"end":{"line":15,"column":52}},"5":{"start":{"line":16,"column":25},"end":{"line":16,"column":53}},"6":{"start":{"line":17,"column":27},"end":{"line":17,"column":57}},"7":{"start":{"line":18,"column":33},"end":{"line":18,"column":63}},"8":{"start":{"line":20,"column":24},"end":{"line":20,"column":86}},"9":{"start":{"line":21,"column":25},"end":{"line":21,"column":92}},"10":{"start":{"line":24,"column":4},"end":{"line":47,"column":17}},"11":{"start":{"line":25,"column":35},"end":{"line":30,"column":9}},"12":{"start":{"line":26,"column":12},"end":{"line":29,"column":13}},"13":{"start":{"line":27,"column":16},"end":{"line":27,"column":33}},"14":{"start":{"line":28,"column":16},"end":{"line":28,"column":34}},"15":{"start":{"line":32,"column":30},"end":{"line":37,"column":9}},"16":{"start":{"line":33,"column":12},"end":{"line":36,"column":13}},"17":{"start":{"line":34,"column":16},"end":{"line":34,"column":33}},"18":{"start":{"line":35,"column":16},"end":{"line":35,"column":34}},"19":{"start":{"line":39,"column":8},"end":{"line":46,"column":9}},"20":{"start":{"line":40,"column":12},"end":{"line":40,"column":71}},"21":{"start":{"line":41,"column":12},"end":{"line":41,"column":64}},"22":{"start":{"line":42,"column":12},"end":{"line":45,"column":14}},"23":{"start":{"line":43,"column":16},"end":{"line":43,"column":78}},"24":{"start":{"line":44,"column":16},"end":{"line":44,"column":71}},"25":{"start":{"line":50,"column":4},"end":{"line":54,"column":31}},"26":{"start":{"line":51,"column":8},"end":{"line":53,"column":9}},"27":{"start":{"line":52,"column":12},"end":{"line":52,"column":43}},"28":{"start":{"line":57,"column":4},"end":{"line":61,"column":31}},"29":{"start":{"line":58,"column":8},"end":{"line":60,"column":9}},"30":{"start":{"line":59,"column":12},"end":{"line":59,"column":70}},"31":{"start":{"line":63,"column":27},"end":{"line":68,"column":5}},"32":{"start":{"line":64,"column":8},"end":{"line":64,"column":27}},"33":{"start":{"line":65,"column":8},"end":{"line":67,"column":9}},"34":{"start":{"line":66,"column":12},"end":{"line":66,"column":30}},"35":{"start":{"line":70,"column":24},"end":{"line":75,"column":5}},"36":{"start":{"line":71,"column":29},"end":{"line":73,"column":40}},"37":{"start":{"line":72,"column":43},"end":{"line":72,"column":54}},"38":{"start":{"line":74,"column":8},"end":{"line":74,"column":31}},"39":{"start":{"line":77,"column":28},"end":{"line":83,"column":5}},"40":{"start":{"line":78,"column":8},"end":{"line":82,"column":9}},"41":{"start":{"line":79,"column":12},"end":{"line":79,"column":25}},"42":{"start":{"line":81,"column":12},"end":{"line":81,"column":35}},"43":{"start":{"line":85,"column":21},"end":{"line":88,"column":5}},"44":{"start":{"line":86,"column":8},"end":{"line":86,"column":21}},"45":{"start":{"line":87,"column":8},"end":{"line":87,"column":25}},"46":{"start":{"line":90,"column":28},"end":{"line":92,"column":17}},"47":{"start":{"line":91,"column":37},"end":{"line":91,"column":92}},"48":{"start":{"line":95,"column":27},"end":{"line":105,"column":5}},"49":{"start":{"line":96,"column":8},"end":{"line":104,"column":9}},"50":{"start":{"line":97,"column":12},"end":{"line":97,"column":69}},"51":{"start":{"line":98,"column":15},"end":{"line":104,"column":9}},"52":{"start":{"line":99,"column":12},"end":{"line":99,"column":37}},"53":{"start":{"line":100,"column":15},"end":{"line":104,"column":9}},"54":{"start":{"line":101,"column":12},"end":{"line":101,"column":34}},"55":{"start":{"line":103,"column":12},"end":{"line":103,"column":55}},"56":{"start":{"line":107,"column":4},"end":{"line":209,"column":6}},"57":{"start":{"line":137,"column":28},"end":{"line":137,"column":48}},"58":{"start":{"line":138,"column":28},"end":{"line":138,"column":39}},"59":{"start":{"line":174,"column":49},"end":{"line":174,"column":78}},"60":{"start":{"line":185,"column":50},"end":{"line":185,"column":81}},"61":{"start":{"line":186,"column":32},"end":{"line":202,"column":34}},"62":{"start":{"line":197,"column":60},"end":{"line":197,"column":79}}},"fnMap":{"0":{"name":"MultiSelectFilter","decl":{"start":{"line":12,"column":16},"end":{"line":12,"column":33}},"loc":{"start":{"line":12,"column":63},"end":{"line":210,"column":1}}},"1":{"name":"(anonymous_1)","decl":{"start":{"line":24,"column":14},"end":{"line":24,"column":17}},"loc":{"start":{"line":24,"column":19},"end":{"line":47,"column":5}}},"2":{"name":"(anonymous_2)","decl":{"start":{"line":25,"column":35},"end":{"line":25,"column":36}},"loc":{"start":{"line":25,"column":57},"end":{"line":30,"column":9}}},"3":{"name":"(anonymous_3)","decl":{"start":{"line":32,"column":30},"end":{"line":32,"column":31}},"loc":{"start":{"line":32,"column":55},"end":{"line":37,"column":9}}},"4":{"name":"(anonymous_4)","decl":{"start":{"line":42,"column":19},"end":{"line":42,"column":22}},"loc":{"start":{"line":42,"column":24},"end":{"line":45,"column":13}}},"5":{"name":"(anonymous_5)","decl":{"start":{"line":50,"column":14},"end":{"line":50,"column":17}},"loc":{"start":{"line":50,"column":19},"end":{"line":54,"column":5}}},"6":{"name":"(anonymous_6)","decl":{"start":{"line":57,"column":14},"end":{"line":57,"column":17}},"loc":{"start":{"line":57,"column":19},"end":{"line":61,"column":5}}},"7":{"name":"(anonymous_7)","decl":{"start":{"line":63,"column":27},"end":{"line":63,"column":30}},"loc":{"start":{"line":63,"column":32},"end":{"line":68,"column":5}}},"8":{"name":"(anonymous_8)","decl":{"start":{"line":70,"column":24},"end":{"line":70,"column":25}},"loc":{"start":{"line":70,"column":42},"end":{"line":75,"column":5}}},"9":{"name":"(anonymous_9)","decl":{"start":{"line":72,"column":36},"end":{"line":72,"column":37}},"loc":{"start":{"line":72,"column":43},"end":{"line":72,"column":54}}},"10":{"name":"(anonymous_10)","decl":{"start":{"line":77,"column":28},"end":{"line":77,"column":31}},"loc":{"start":{"line":77,"column":33},"end":{"line":83,"column":5}}},"11":{"name":"(anonymous_11)","decl":{"start":{"line":85,"column":21},"end":{"line":85,"column":24}},"loc":{"start":{"line":85,"column":26},"end":{"line":88,"column":5}}},"12":{"name":"(anonymous_12)","decl":{"start":{"line":91,"column":25},"end":{"line":91,"column":26}},"loc":{"start":{"line":91,"column":37},"end":{"line":91,"column":92}}},"13":{"name":"(anonymous_13)","decl":{"start":{"line":95,"column":27},"end":{"line":95,"column":30}},"loc":{"start":{"line":95,"column":32},"end":{"line":105,"column":5}}},"14":{"name":"(anonymous_14)","decl":{"start":{"line":136,"column":33},"end":{"line":136,"column":34}},"loc":{"start":{"line":136,"column":39},"end":{"line":139,"column":25}}},"15":{"name":"(anonymous_15)","decl":{"start":{"line":174,"column":42},"end":{"line":174,"column":43}},"loc":{"start":{"line":174,"column":49},"end":{"line":174,"column":78}}},"16":{"name":"(anonymous_16)","decl":{"start":{"line":184,"column":48},"end":{"line":184,"column":49}},"loc":{"start":{"line":184,"column":59},"end":{"line":203,"column":29}}},"17":{"name":"(anonymous_17)","decl":{"start":{"line":197,"column":54},"end":{"line":197,"column":57}},"loc":{"start":{"line":197,"column":60},"end":{"line":197,"column":79}}}},"branchMap":{"0":{"loc":{"start":{"line":13,"column":54},"end":{"line":13,"column":73}},"type":"default-arg","locations":[{"start":{"line":13,"column":69},"end":{"line":13,"column":73}}]},"1":{"loc":{"start":{"line":20,"column":24},"end":{"line":20,"column":86}},"type":"binary-expr","locations":[{"start":{"line":20,"column":24},"end":{"line":20,"column":64}},{"start":{"line":20,"column":68},"end":{"line":20,"column":86}}]},"2":{"loc":{"start":{"line":21,"column":25},"end":{"line":21,"column":92}},"type":"binary-expr","locations":[{"start":{"line":21,"column":25},"end":{"line":21,"column":50}},{"start":{"line":21,"column":54},"end":{"line":21,"column":92}}]},"3":{"loc":{"start":{"line":26,"column":12},"end":{"line":29,"column":13}},"type":"if","locations":[{"start":{"line":26,"column":12},"end":{"line":29,"column":13}}]},"4":{"loc":{"start":{"line":26,"column":16},"end":{"line":26,"column":92}},"type":"binary-expr","locations":[{"start":{"line":26,"column":16},"end":{"line":26,"column":36}},{"start":{"line":26,"column":40},"end":{"line":26,"column":92}}]},"5":{"loc":{"start":{"line":33,"column":12},"end":{"line":36,"column":13}},"type":"if","locations":[{"start":{"line":33,"column":12},"end":{"line":36,"column":13}}]},"6":{"loc":{"start":{"line":33,"column":16},"end":{"line":33,"column":48}},"type":"binary-expr","locations":[{"start":{"line":33,"column":16},"end":{"line":33,"column":38}},{"start":{"line":33,"column":42},"end":{"line":33,"column":48}}]},"7":{"loc":{"start":{"line":39,"column":8},"end":{"line":46,"column":9}},"type":"if","locations":[{"start":{"line":39,"column":8},"end":{"line":46,"column":9}}]},"8":{"loc":{"start":{"line":51,"column":8},"end":{"line":53,"column":9}},"type":"if","locations":[{"start":{"line":51,"column":8},"end":{"line":53,"column":9}}]},"9":{"loc":{"start":{"line":51,"column":12},"end":{"line":51,"column":60}},"type":"binary-expr","locations":[{"start":{"line":51,"column":12},"end":{"line":51,"column":18}},{"start":{"line":51,"column":22},"end":{"line":51,"column":34}},{"start":{"line":51,"column":38},"end":{"line":51,"column":60}}]},"10":{"loc":{"start":{"line":58,"column":8},"end":{"line":60,"column":9}},"type":"if","locations":[{"start":{"line":58,"column":8},"end":{"line":60,"column":9}}]},"11":{"loc":{"start":{"line":65,"column":8},"end":{"line":67,"column":9}},"type":"if","locations":[{"start":{"line":65,"column":8},"end":{"line":67,"column":9}}]},"12":{"loc":{"start":{"line":71,"column":29},"end":{"line":73,"column":40}},"type":"cond-expr","locations":[{"start":{"line":72,"column":14},"end":{"line":72,"column":55}},{"start":{"line":73,"column":14},"end":{"line":73,"column":40}}]},"13":{"loc":{"start":{"line":78,"column":8},"end":{"line":82,"column":9}},"type":"if","locations":[{"start":{"line":78,"column":8},"end":{"line":82,"column":9}},{"start":{"line":80,"column":15},"end":{"line":82,"column":9}}]},"14":{"loc":{"start":{"line":90,"column":28},"end":{"line":92,"column":17}},"type":"cond-expr","locations":[{"start":{"line":91,"column":10},"end":{"line":91,"column":93}},{"start":{"line":92,"column":10},"end":{"line":92,"column":17}}]},"15":{"loc":{"start":{"line":96,"column":8},"end":{"line":104,"column":9}},"type":"if","locations":[{"start":{"line":96,"column":8},"end":{"line":104,"column":9}},{"start":{"line":98,"column":15},"end":{"line":104,"column":9}}]},"16":{"loc":{"start":{"line":97,"column":19},"end":{"line":97,"column":68}},"type":"binary-expr","locations":[{"start":{"line":97,"column":19},"end":{"line":97,"column":30}},{"start":{"line":97,"column":34},"end":{"line":97,"column":68}}]},"17":{"loc":{"start":{"line":98,"column":15},"end":{"line":104,"column":9}},"type":"if","locations":[{"start":{"line":98,"column":15},"end":{"line":104,"column":9}},{"start":{"line":100,"column":15},"end":{"line":104,"column":9}}]},"18":{"loc":{"start":{"line":100,"column":15},"end":{"line":104,"column":9}},"type":"if","locations":[{"start":{"line":100,"column":15},"end":{"line":104,"column":9}},{"start":{"line":102,"column":15},"end":{"line":104,"column":9}}]},"19":{"loc":{"start":{"line":123,"column":56},"end":{"line":123,"column":76}},"type":"cond-expr","locations":[{"start":{"line":123,"column":65},"end":{"line":123,"column":71}},{"start":{"line":123,"column":74},"end":{"line":123,"column":76}}]},"20":{"loc":{"start":{"line":132,"column":17},"end":{"line":146,"column":null}},"type":"binary-expr","locations":[{"start":{"line":132,"column":17},"end":{"line":132,"column":42}},{"start":{"line":133,"column":20},"end":{"line":145,"column":null}}]},"21":{"loc":{"start":{"line":150,"column":13},"end":{"line":206,"column":null}},"type":"binary-expr","locations":[{"start":{"line":150,"column":13},"end":{"line":150,"column":19}},{"start":{"line":151,"column":16},"end":{"line":205,"column":null}}]},"22":{"loc":{"start":{"line":166,"column":21},"end":{"line":177,"column":null}},"type":"binary-expr","locations":[{"start":{"line":166,"column":21},"end":{"line":166,"column":33}},{"start":{"line":167,"column":24},"end":{"line":176,"column":null}}]},"23":{"loc":{"start":{"line":181,"column":25},"end":{"line":203,"column":null}},"type":"cond-expr","locations":[{"start":{"line":182,"column":28},"end":{"line":182,"column":90}},{"start":{"line":184,"column":28},"end":{"line":203,"column":30}}]}},"s":{"0":1,"1":1,"2":77,"3":77,"4":77,"5":77,"6":77,"7":77,"8":77,"9":77,"10":77,"11":69,"12":3,"13":3,"14":3,"15":69,"16":2,"17":2,"18":2,"19":69,"20":28,"21":28,"22":28,"23":28,"24":28,"25":77,"26":69,"27":27,"28":77,"29":70,"30":28,"31":77,"32":28,"33":28,"34":0,"35":77,"36":3,"37":2,"38":3,"39":77,"40":2,"41":1,"42":1,"43":77,"44":3,"45":3,"46":77,"47":223,"48":77,"49":77,"50":47,"51":30,"52":19,"53":11,"54":5,"55":6,"56":77,"57":3,"58":3,"59":5,"60":90,"61":90,"62":3},"f":{"0":77,"1":69,"2":3,"3":2,"4":28,"5":69,"6":70,"7":28,"8":3,"9":2,"10":2,"11":3,"12":223,"13":77,"14":3,"15":5,"16":90,"17":3},"b":{"0":[0],"1":[77,5],"2":[77,30],"3":[3],"4":[3,3],"5":[2],"6":[2,2],"7":[28],"8":[27],"9":[69,28,27],"10":[28],"11":[0],"12":[1,2],"13":[1,1],"14":[75,2],"15":[47,30],"16":[47,46],"17":[19,11],"18":[5,6],"19":[33,44],"20":[77,30],"21":[77,33],"22":[33,32],"23":[1,32]}}
,"/workspaces/ag-grid-mendix-widget/src/utils/customFormatters.ts": {"path":"/workspaces/ag-grid-mendix-widget/src/utils/customFormatters.ts","statementMap":{"0":{"start":{"line":27,"column":12},"end":{"line":27,"column":67}},"1":{"start":{"line":33,"column":8},"end":{"line":33,"column":99}},"2":{"start":{"line":35,"column":8},"end":{"line":38,"column":9}},"3":{"start":{"line":36,"column":12},"end":{"line":36,"column":91}},"4":{"start":{"line":37,"column":12},"end":{"line":37,"column":19}},"5":{"start":{"line":40,"column":8},"end":{"line":40,"column":98}},"6":{"start":{"line":42,"column":8},"end":{"line":68,"column":11}},"7":{"start":{"line":43,"column":12},"end":{"line":48,"column":15}},"8":{"start":{"line":50,"column":12},"end":{"line":67,"column":13}},"9":{"start":{"line":51,"column":16},"end":{"line":60,"column":17}},"10":{"start":{"line":52,"column":45},"end":{"line":54,"column":null}},"11":{"start":{"line":56,"column":20},"end":{"line":56,"column":83}},"12":{"start":{"line":57,"column":20},"end":{"line":59,"column":22}},"13":{"start":{"line":63,"column":16},"end":{"line":66,"column":18}},"14":{"start":{"line":70,"column":8},"end":{"line":73,"column":10}},"15":{"start":{"line":80,"column":8},"end":{"line":83,"column":10}},"16":{"start":{"line":87,"column":8},"end":{"line":95,"column":9}},"17":{"start":{"line":88,"column":12},"end":{"line":88,"column":86}},"18":{"start":{"line":89,"column":12},"end":{"line":94,"column":13}},"19":{"start":{"line":90,"column":16},"end":{"line":90,"column":48}},"20":{"start":{"line":91,"column":16},"end":{"line":91,"column":93}},"21":{"start":{"line":93,"column":16},"end":{"line":93,"column":92}},"22":{"start":{"line":99,"column":8},"end":{"line":134,"column":9}},"23":{"start":{"line":101,"column":33},"end":{"line":104,"column":14}},"24":{"start":{"line":106,"column":12},"end":{"line":109,"column":14}},"25":{"start":{"line":113,"column":30},"end":{"line":113,"column":93}},"26":{"start":{"line":115,"column":12},"end":{"line":115,"column":84}},"27":{"start":{"line":118,"column":12},"end":{"line":129,"column":14}},"28":{"start":{"line":119,"column":16},"end":{"line":128,"column":17}},"29":{"start":{"line":120,"column":35},"end":{"line":120,"column":73}},"30":{"start":{"line":121,"column":20},"end":{"line":121,"column":89}},"31":{"start":{"line":123,"column":20},"end":{"line":126,"column":22}},"32":{"start":{"line":127,"column":20},"end":{"line":127,"column":47}},"33":{"start":{"line":131,"column":12},"end":{"line":131,"column":94}},"34":{"start":{"line":132,"column":12},"end":{"line":132,"column":79}},"35":{"start":{"line":133,"column":12},"end":{"line":133,"column":24}},"36":{"start":{"line":141,"column":26},"end":{"line":141,"column":60}},"37":{"start":{"line":143,"column":8},"end":{"line":146,"column":9}},"38":{"start":{"line":144,"column":12},"end":{"line":144,"column":74}},"39":{"start":{"line":145,"column":12},"end":{"line":145,"column":47}},"40":{"start":{"line":148,"column":8},"end":{"line":154,"column":9}},"41":{"start":{"line":149,"column":27},"end":{"line":149,"column":81}},"42":{"start":{"line":150,"column":12},"end":{"line":150,"column":81}},"43":{"start":{"line":152,"column":12},"end":{"line":152,"column":82}},"44":{"start":{"line":153,"column":12},"end":{"line":153,"column":47}},"45":{"start":{"line":161,"column":8},"end":{"line":161,"column":50}},"46":{"start":{"line":168,"column":8},"end":{"line":168,"column":50}},"47":{"start":{"line":175,"column":8},"end":{"line":175,"column":32}},"48":{"start":{"line":26,"column":0},"end":{"line":26,"column":13}}},"fnMap":{"0":{"name":"(anonymous_0)","decl":{"start":{"line":26,"column":0},"end":{"line":26,"column":13}},"loc":{"start":{"line":26,"column":0},"end":{"line":177,"column":1}}},"1":{"name":"(anonymous_1)","decl":{"start":{"line":32,"column":4},"end":{"line":32,"column":22}},"loc":{"start":{"line":32,"column":64},"end":{"line":74,"column":5}}},"2":{"name":"(anonymous_2)","decl":{"start":{"line":42,"column":33},"end":{"line":42,"column":34}},"loc":{"start":{"line":42,"column":47},"end":{"line":68,"column":9}}},"3":{"name":"(anonymous_3)","decl":{"start":{"line":79,"column":12},"end":{"line":79,"column":38}},"loc":{"start":{"line":79,"column":72},"end":{"line":135,"column":5}}},"4":{"name":"(anonymous_4)","decl":{"start":{"line":118,"column":19},"end":{"line":118,"column":20}},"loc":{"start":{"line":118,"column":66},"end":{"line":129,"column":13}}},"5":{"name":"(anonymous_5)","decl":{"start":{"line":140,"column":4},"end":{"line":140,"column":11}},"loc":{"start":{"line":140,"column":60},"end":{"line":155,"column":5}}},"6":{"name":"(anonymous_6)","decl":{"start":{"line":160,"column":4},"end":{"line":160,"column":7}},"loc":{"start":{"line":160,"column":29},"end":{"line":162,"column":5}}},"7":{"name":"(anonymous_7)","decl":{"start":{"line":167,"column":4},"end":{"line":167,"column":21}},"loc":{"start":{"line":167,"column":21},"end":{"line":169,"column":5}}},"8":{"name":"(anonymous_8)","decl":{"start":{"line":174,"column":4},"end":{"line":174,"column":9}},"loc":{"start":{"line":174,"column":9},"end":{"line":176,"column":5}}}},"branchMap":{"0":{"loc":{"start":{"line":35,"column":8},"end":{"line":38,"column":9}},"type":"if","locations":[{"start":{"line":35,"column":8},"end":{"line":38,"column":9}}]},"1":{"loc":{"start":{"line":35,"column":12},"end":{"line":35,"column":65}},"type":"binary-expr","locations":[{"start":{"line":35,"column":12},"end":{"line":35,"column":29}},{"start":{"line":35,"column":33},"end":{"line":35,"column":65}}]},"2":{"loc":{"start":{"line":51,"column":16},"end":{"line":60,"column":17}},"type":"if","locations":[{"start":{"line":51,"column":16},"end":{"line":60,"column":17}}]},"3":{"loc":{"start":{"line":82,"column":12},"end":{"line":82,"column":35}},"type":"cond-expr","locations":[{"start":{"line":82,"column":16},"end":{"line":82,"column":18}},{"start":{"line":82,"column":12},"end":{"line":82,"column":35}}]},"4":{"loc":{"start":{"line":82,"column":12},"end":{"line":82,"column":18}},"type":"binary-expr","locations":[{"start":{"line":82,"column":12},"end":{"line":82,"column":18}},{"start":{"line":82,"column":12},"end":{"line":82,"column":18}}]},"5":{"loc":{"start":{"line":87,"column":8},"end":{"line":95,"column":9}},"type":"if","locations":[{"start":{"line":87,"column":8},"end":{"line":95,"column":9}}]},"6":{"loc":{"start":{"line":87,"column":12},"end":{"line":87,"column":43}},"type":"binary-expr","locations":[{"start":{"line":87,"column":12},"end":{"line":87,"column":22}},{"start":{"line":87,"column":26},"end":{"line":87,"column":43}}]},"7":{"loc":{"start":{"line":121,"column":27},"end":{"line":121,"column":88}},"type":"cond-expr","locations":[{"start":{"line":121,"column":69},"end":{"line":121,"column":83}},{"start":{"line":121,"column":86},"end":{"line":121,"column":88}}]},"8":{"loc":{"start":{"line":121,"column":27},"end":{"line":121,"column":66}},"type":"binary-expr","locations":[{"start":{"line":121,"column":27},"end":{"line":121,"column":42}},{"start":{"line":121,"column":46},"end":{"line":121,"column":66}}]},"9":{"loc":{"start":{"line":127,"column":34},"end":{"line":127,"column":45}},"type":"binary-expr","locations":[{"start":{"line":127,"column":34},"end":{"line":127,"column":39}},{"start":{"line":127,"column":43},"end":{"line":127,"column":45}}]},"10":{"loc":{"start":{"line":143,"column":8},"end":{"line":146,"column":9}},"type":"if","locations":[{"start":{"line":143,"column":8},"end":{"line":146,"column":9}}]},"11":{"loc":{"start":{"line":145,"column":26},"end":{"line":145,"column":45}},"type":"binary-expr","locations":[{"start":{"line":145,"column":26},"end":{"line":145,"column":39}},{"start":{"line":145,"column":43},"end":{"line":145,"column":45}}]},"12":{"loc":{"start":{"line":150,"column":19},"end":{"line":150,"column":80}},"type":"cond-expr","locations":[{"start":{"line":150,"column":61},"end":{"line":150,"column":75}},{"start":{"line":150,"column":78},"end":{"line":150,"column":80}}]},"13":{"loc":{"start":{"line":150,"column":19},"end":{"line":150,"column":58}},"type":"binary-expr","locations":[{"start":{"line":150,"column":19},"end":{"line":150,"column":34}},{"start":{"line":150,"column":38},"end":{"line":150,"column":58}}]},"14":{"loc":{"start":{"line":153,"column":26},"end":{"line":153,"column":45}},"type":"binary-expr","locations":[{"start":{"line":153,"column":26},"end":{"line":153,"column":39}},{"start":{"line":153,"column":43},"end":{"line":153,"column":45}}]}},"s":{"0":17,"1":17,"2":17,"3":2,"4":2,"5":15,"6":15,"7":21,"8":21,"9":21,"10":20,"11":19,"12":19,"13":1,"14":15,"15":20,"16":20,"17":7,"18":7,"19":7,"20":6,"21":1,"22":20,"23":20,"24":20,"25":20,"26":19,"27":19,"28":6,"29":6,"30":4,"31":2,"32":2,"33":1,"34":1,"35":1,"36":7,"37":7,"38":1,"39":1,"40":6,"41":6,"42":6,"43":0,"44":0,"45":5,"46":23,"47":1,"48":1},"f":{"0":17,"1":17,"2":21,"3":20,"4":6,"5":7,"6":5,"7":23,"8":1},"b":{"0":[2],"1":[17,15],"2":[20],"3":[0,20],"4":[20,20],"5":[7],"6":[20,7],"7":[4,0],"8":[4,4],"9":[2,1],"10":[1],"11":[1,0],"12":[6,0],"13":[6,6],"14":[0,0]}}
,"/workspaces/ag-grid-mendix-widget/src/utils/dateRange.ts": {"path":"/workspaces/ag-grid-mendix-widget/src/utils/dateRange.ts","statementMap":{"0":{"start":{"line":21,"column":21},"end":{"line":21,"column":43}},"1":{"start":{"line":23,"column":24},"end":{"line":28,"column":1}},"2":{"start":{"line":24,"column":17},"end":{"line":24,"column":35}},"3":{"start":{"line":25,"column":18},"end":{"line":25,"column":62}},"4":{"start":{"line":26,"column":16},"end":{"line":26,"column":55}},"5":{"start":{"line":27,"column":4},"end":{"line":27,"column":37}},"6":{"start":{"line":30,"column":26},"end":{"line":34,"column":1}},"7":{"start":{"line":31,"column":18},"end":{"line":31,"column":42}},"8":{"start":{"line":32,"column":4},"end":{"line":32,"column":31}},"9":{"start":{"line":33,"column":4},"end":{"line":33,"column":17}},"10":{"start":{"line":36,"column":67},"end":{"line":44,"column":2}},"11":{"start":{"line":46,"column":13},"end":{"line":46,"column":99}},"12":{"start":{"line":48,"column":38},"end":{"line":53,"column":1}},"13":{"start":{"line":49,"column":4},"end":{"line":51,"column":5}},"14":{"start":{"line":50,"column":8},"end":{"line":50,"column":21}},"15":{"start":{"line":52,"column":4},"end":{"line":52,"column":82}},"16":{"start":{"line":52,"column":60},"end":{"line":52,"column":80}},"17":{"start":{"line":48,"column":13},"end":{"line":48,"column":38}},"18":{"start":{"line":55,"column":21},"end":{"line":59,"column":1}},"19":{"start":{"line":56,"column":19},"end":{"line":56,"column":42}},"20":{"start":{"line":57,"column":4},"end":{"line":57,"column":50}},"21":{"start":{"line":58,"column":4},"end":{"line":58,"column":18}},"22":{"start":{"line":61,"column":40},"end":{"line":81,"column":1}},"23":{"start":{"line":65,"column":23},"end":{"line":65,"column":91}},"24":{"start":{"line":65,"column":72},"end":{"line":65,"column":90}},"25":{"start":{"line":66,"column":4},"end":{"line":68,"column":5}},"26":{"start":{"line":67,"column":8},"end":{"line":67,"column":20}},"27":{"start":{"line":70,"column":16},"end":{"line":70,"column":48}},"28":{"start":{"line":71,"column":16},"end":{"line":71,"column":48}},"29":{"start":{"line":73,"column":4},"end":{"line":75,"column":5}},"30":{"start":{"line":74,"column":8},"end":{"line":74,"column":61}},"31":{"start":{"line":77,"column":4},"end":{"line":80,"column":6}},"32":{"start":{"line":61,"column":13},"end":{"line":61,"column":40}},"33":{"start":{"line":83,"column":39},"end":{"line":98,"column":1}},"34":{"start":{"line":84,"column":4},"end":{"line":86,"column":5}},"35":{"start":{"line":85,"column":8},"end":{"line":85,"column":18}},"36":{"start":{"line":88,"column":4},"end":{"line":90,"column":5}},"37":{"start":{"line":89,"column":8},"end":{"line":89,"column":34}},"38":{"start":{"line":92,"column":19},"end":{"line":92,"column":34}},"39":{"start":{"line":93,"column":4},"end":{"line":95,"column":5}},"40":{"start":{"line":94,"column":8},"end":{"line":94,"column":18}},"41":{"start":{"line":97,"column":4},"end":{"line":97,"column":35}},"42":{"start":{"line":83,"column":13},"end":{"line":83,"column":39}},"43":{"start":{"line":100,"column":32},"end":{"line":107,"column":1}},"44":{"start":{"line":101,"column":4},"end":{"line":103,"column":5}},"45":{"start":{"line":102,"column":8},"end":{"line":102,"column":21}},"46":{"start":{"line":105,"column":22},"end":{"line":105,"column":54}},"47":{"start":{"line":106,"column":4},"end":{"line":106,"column":52}},"48":{"start":{"line":100,"column":13},"end":{"line":100,"column":32}},"49":{"start":{"line":109,"column":39},"end":{"line":126,"column":1}},"50":{"start":{"line":110,"column":4},"end":{"line":112,"column":5}},"51":{"start":{"line":111,"column":8},"end":{"line":111,"column":20}},"52":{"start":{"line":114,"column":17},"end":{"line":114,"column":60}},"53":{"start":{"line":115,"column":15},"end":{"line":115,"column":56}},"54":{"start":{"line":117,"column":39},"end":{"line":117,"column":41}},"55":{"start":{"line":118,"column":4},"end":{"line":120,"column":5}},"56":{"start":{"line":119,"column":8},"end":{"line":119,"column":31}},"57":{"start":{"line":121,"column":4},"end":{"line":123,"column":5}},"58":{"start":{"line":122,"column":8},"end":{"line":122,"column":27}},"59":{"start":{"line":125,"column":4},"end":{"line":125,"column":64}},"60":{"start":{"line":109,"column":13},"end":{"line":109,"column":39}},"61":{"start":{"line":128,"column":32},"end":{"line":139,"column":1}},"62":{"start":{"line":129,"column":4},"end":{"line":131,"column":5}},"63":{"start":{"line":130,"column":8},"end":{"line":130,"column":20}},"64":{"start":{"line":133,"column":17},"end":{"line":133,"column":64}},"65":{"start":{"line":134,"column":4},"end":{"line":136,"column":5}},"66":{"start":{"line":135,"column":8},"end":{"line":135,"column":20}},"67":{"start":{"line":138,"column":4},"end":{"line":138,"column":73}},"68":{"start":{"line":128,"column":13},"end":{"line":128,"column":32}}},"fnMap":{"0":{"name":"(anonymous_0)","decl":{"start":{"line":23,"column":24},"end":{"line":23,"column":25}},"loc":{"start":{"line":23,"column":47},"end":{"line":28,"column":1}}},"1":{"name":"(anonymous_1)","decl":{"start":{"line":30,"column":26},"end":{"line":30,"column":27}},"loc":{"start":{"line":30,"column":47},"end":{"line":34,"column":1}}},"2":{"name":"(anonymous_2)","decl":{"start":{"line":48,"column":38},"end":{"line":48,"column":39}},"loc":{"start":{"line":48,"column":88},"end":{"line":53,"column":1}}},"3":{"name":"(anonymous_3)","decl":{"start":{"line":52,"column":48},"end":{"line":52,"column":49}},"loc":{"start":{"line":52,"column":60},"end":{"line":52,"column":80}}},"4":{"name":"(anonymous_4)","decl":{"start":{"line":55,"column":21},"end":{"line":55,"column":22}},"loc":{"start":{"line":55,"column":56},"end":{"line":59,"column":1}}},"5":{"name":"(anonymous_5)","decl":{"start":{"line":61,"column":40},"end":{"line":61,"column":null}},"loc":{"start":{"line":64,"column":27},"end":{"line":81,"column":1}}},"6":{"name":"(anonymous_6)","decl":{"start":{"line":65,"column":60},"end":{"line":65,"column":61}},"loc":{"start":{"line":65,"column":72},"end":{"line":65,"column":90}}},"7":{"name":"(anonymous_7)","decl":{"start":{"line":83,"column":39},"end":{"line":83,"column":40}},"loc":{"start":{"line":83,"column":73},"end":{"line":98,"column":1}}},"8":{"name":"(anonymous_8)","decl":{"start":{"line":100,"column":32},"end":{"line":100,"column":33}},"loc":{"start":{"line":100,"column":76},"end":{"line":107,"column":1}}},"9":{"name":"(anonymous_9)","decl":{"start":{"line":109,"column":39},"end":{"line":109,"column":40}},"loc":{"start":{"line":109,"column":96},"end":{"line":126,"column":1}}},"10":{"name":"(anonymous_10)","decl":{"start":{"line":128,"column":32},"end":{"line":128,"column":33}},"loc":{"start":{"line":128,"column":91},"end":{"line":139,"column":1}}}},"branchMap":{"0":{"loc":{"start":{"line":49,"column":4},"end":{"line":51,"column":5}},"type":"if","locations":[{"start":{"line":49,"column":4},"end":{"line":51,"column":5}}]},"1":{"loc":{"start":{"line":63,"column":4},"end":{"line":63,"column":36}},"type":"default-arg","locations":[{"start":{"line":63,"column":26},"end":{"line":63,"column":36}}]},"2":{"loc":{"start":{"line":66,"column":4},"end":{"line":68,"column":5}},"type":"if","locations":[{"start":{"line":66,"column":4},"end":{"line":68,"column":5}}]},"3":{"loc":{"start":{"line":73,"column":4},"end":{"line":75,"column":5}},"type":"if","locations":[{"start":{"line":73,"column":4},"end":{"line":75,"column":5}}]},"4":{"loc":{"start":{"line":84,"column":4},"end":{"line":86,"column":5}},"type":"if","locations":[{"start":{"line":84,"column":4},"end":{"line":86,"column":5}}]},"5":{"loc":{"start":{"line":88,"column":4},"end":{"line":90,"column":5}},"type":"if","locations":[{"start":{"line":88,"column":4},"end":{"line":90,"column":5}}]},"6":{"loc":{"start":{"line":93,"column":4},"end":{"line":95,"column":5}},"type":"if","locations":[{"start":{"line":93,"column":4},"end":{"line":95,"column":5}}]},"7":{"loc":{"start":{"line":101,"column":4},"end":{"line":103,"column":5}},"type":"if","locations":[{"start":{"line":101,"column":4},"end":{"line":103,"column":5}}]},"8":{"loc":{"start":{"line":101,"column":8},"end":{"line":101,"column":43}},"type":"binary-expr","locations":[{"start":{"line":101,"column":8},"end":{"line":101,"column":14}},{"start":{"line":101,"column":18},"end":{"line":101,"column":43}}]},"9":{"loc":{"start":{"line":106,"column":11},"end":{"line":106,"column":51}},"type":"binary-expr","locations":[{"start":{"line":106,"column":11},"end":{"line":106,"column":30}},{"start":{"line":106,"column":34},"end":{"line":106,"column":51}}]},"10":{"loc":{"start":{"line":110,"column":4},"end":{"line":112,"column":5}},"type":"if","locations":[{"start":{"line":110,"column":4},"end":{"line":112,"column":5}}]},"11":{"loc":{"start":{"line":114,"column":41},"end":{"line":114,"column":59}},"type":"cond-expr","locations":[{"start":{"line":114,"column":51},"end":{"line":114,"column":55}},{"start":{"line":114,"column":55},"end":{"line":114,"column":59}}]},"12":{"loc":{"start":{"line":114,"column":41},"end":{"line":114,"column":55}},"type":"binary-expr","locations":[{"start":{"line":114,"column":41},"end":{"line":114,"column":55}},{"start":{"line":114,"column":51},"end":{"line":114,"column":55}}]},"13":{"loc":{"start":{"line":115,"column":39},"end":{"line":115,"column":55}},"type":"cond-expr","locations":[{"start":{"line":115,"column":47},"end":{"line":115,"column":51}},{"start":{"line":115,"column":51},"end":{"line":115,"column":55}}]},"14":{"loc":{"start":{"line":115,"column":39},"end":{"line":115,"column":51}},"type":"binary-expr","locations":[{"start":{"line":115,"column":39},"end":{"line":115,"column":51}},{"start":{"line":115,"column":47},"end":{"line":115,"column":51}}]},"15":{"loc":{"start":{"line":118,"column":4},"end":{"line":120,"column":5}},"type":"if","locations":[{"start":{"line":118,"column":4},"end":{"line":120,"column":5}}]},"16":{"loc":{"start":{"line":121,"column":4},"end":{"line":123,"column":5}},"type":"if","locations":[{"start":{"line":121,"column":4},"end":{"line":123,"column":5}}]},"17":{"loc":{"start":{"line":125,"column":11},"end":{"line":125,"column":63}},"type":"cond-expr","locations":[{"start":{"line":125,"column":46},"end":{"line":125,"column":56}},{"start":{"line":125,"column":59},"end":{"line":125,"column":63}}]},"18":{"loc":{"start":{"line":125,"column":11},"end":{"line":125,"column":43}},"type":"binary-expr","locations":[{"start":{"line":125,"column":11},"end":{"line":125,"column":26}},{"start":{"line":125,"column":30},"end":{"line":125,"column":43}}]},"19":{"loc":{"start":{"line":129,"column":4},"end":{"line":131,"column":5}},"type":"if","locations":[{"start":{"line":129,"column":4},"end":{"line":131,"column":5}}]},"20":{"loc":{"start":{"line":133,"column":17},"end":{"line":133,"column":64}},"type":"cond-expr","locations":[{"start":{"line":133,"column":41},"end":{"line":133,"column":46}},{"start":{"line":133,"column":49},"end":{"line":133,"column":64}}]},"21":{"loc":{"start":{"line":134,"column":4},"end":{"line":136,"column":5}},"type":"if","locations":[{"start":{"line":134,"column":4},"end":{"line":136,"column":5}}]}},"s":{"0":1,"1":1,"2":6,"3":6,"4":6,"5":6,"6":1,"7":9,"8":9,"9":9,"10":1,"11":1,"12":1,"13":8,"14":3,"15":5,"16":25,"17":1,"18":1,"19":3,"20":3,"21":3,"22":1,"23":4,"24":12,"25":4,"26":1,"27":3,"28":3,"29":3,"30":3,"31":3,"32":1,"33":1,"34":17,"35":8,"36":9,"37":7,"38":2,"39":2,"40":2,"41":0,"42":1,"43":1,"44":9,"45":4,"46":5,"47":5,"48":1,"49":1,"50":7,"51":2,"52":5,"53":5,"54":5,"55":5,"56":2,"57":5,"58":2,"59":5,"60":1,"61":1,"62":8,"63":3,"64":5,"65":5,"66":2,"67":3,"68":1},"f":{"0":6,"1":9,"2":8,"3":25,"4":3,"5":4,"6":12,"7":17,"8":9,"9":7,"10":8},"b":{"0":[3],"1":[1],"2":[1],"3":[3],"4":[8],"5":[7],"6":[2],"7":[4],"8":[9,7],"9":[5,3],"10":[2],"11":[3,2],"12":[5,5],"13":[3,2],"14":[5,5],"15":[2],"16":[2],"17":[3,2],"18":[5,3],"19":[3],"20":[1,4],"21":[2]}}
,"/workspaces/ag-grid-mendix-widget/src/utils/formatters.ts": {"path":"/workspaces/ag-grid-mendix-widget/src/utils/formatters.ts","statementMap":{"0":{"start":{"line":30,"column":26},"end":{"line":67,"column":1}},"1":{"start":{"line":35,"column":4},"end":{"line":66,"column":5}},"2":{"start":{"line":37,"column":8},"end":{"line":40,"column":9}},"3":{"start":{"line":38,"column":12},"end":{"line":38,"column":96}},"4":{"start":{"line":39,"column":12},"end":{"line":39,"column":39}},"5":{"start":{"line":43,"column":20},"end":{"line":43,"column":75}},"6":{"start":{"line":47,"column":8},"end":{"line":57,"column":9}},"7":{"start":{"line":53,"column":12},"end":{"line":53,"column":87}},"8":{"start":{"line":56,"column":12},"end":{"line":56,"column":46}},"9":{"start":{"line":60,"column":8},"end":{"line":60,"column":134}},"10":{"start":{"line":62,"column":8},"end":{"line":62,"column":49}},"11":{"start":{"line":63,"column":8},"end":{"line":63,"column":54}},"12":{"start":{"line":64,"column":8},"end":{"line":64,"column":43}},"13":{"start":{"line":65,"column":8},"end":{"line":65,"column":35}},"14":{"start":{"line":30,"column":13},"end":{"line":30,"column":26}},"15":{"start":{"line":72,"column":30},"end":{"line":135,"column":1}},"16":{"start":{"line":79,"column":4},"end":{"line":79,"column":57}},"17":{"start":{"line":79,"column":47},"end":{"line":79,"column":57}},"18":{"start":{"line":81,"column":4},"end":{"line":134,"column":5}},"19":{"start":{"line":82,"column":8},"end":{"line":130,"column":9}},"20":{"start":{"line":84,"column":31},"end":{"line":84,"column":49}},"21":{"start":{"line":85,"column":31},"end":{"line":85,"column":49}},"22":{"start":{"line":86,"column":16},"end":{"line":86,"column":60}},"23":{"start":{"line":88,"column":16},"end":{"line":88,"column":52}},"24":{"start":{"line":90,"column":16},"end":{"line":90,"column":52}},"25":{"start":{"line":92,"column":16},"end":{"line":92,"column":52}},"26":{"start":{"line":94,"column":31},"end":{"line":94,"column":44}},"27":{"start":{"line":95,"column":16},"end":{"line":95,"column":79}},"28":{"start":{"line":97,"column":28},"end":{"line":97,"column":41}},"29":{"start":{"line":98,"column":16},"end":{"line":98,"column":73}},"30":{"start":{"line":100,"column":28},"end":{"line":100,"column":41}},"31":{"start":{"line":101,"column":16},"end":{"line":101,"column":67}},"32":{"start":{"line":104,"column":16},"end":{"line":104,"column":55}},"33":{"start":{"line":106,"column":16},"end":{"line":106,"column":49}},"34":{"start":{"line":109,"column":16},"end":{"line":109,"column":55}},"35":{"start":{"line":111,"column":16},"end":{"line":111,"column":55}},"36":{"start":{"line":113,"column":16},"end":{"line":113,"column":53}},"37":{"start":{"line":115,"column":16},"end":{"line":115,"column":49}},"38":{"start":{"line":117,"column":16},"end":{"line":117,"column":44}},"39":{"start":{"line":119,"column":16},"end":{"line":119,"column":48}},"40":{"start":{"line":121,"column":16},"end":{"line":121,"column":51}},"41":{"start":{"line":123,"column":16},"end":{"line":123,"column":51}},"42":{"start":{"line":125,"column":28},"end":{"line":125,"column":41}},"43":{"start":{"line":126,"column":16},"end":{"line":126,"column":80}},"44":{"start":{"line":129,"column":16},"end":{"line":129,"column":57}},"45":{"start":{"line":132,"column":8},"end":{"line":132,"column":75}},"46":{"start":{"line":133,"column":8},"end":{"line":133,"column":29}},"47":{"start":{"line":72,"column":13},"end":{"line":72,"column":30}},"48":{"start":{"line":140,"column":30},"end":{"line":150,"column":1}},"49":{"start":{"line":141,"column":21},"end":{"line":141,"column":34}},"50":{"start":{"line":142,"column":4},"end":{"line":142,"column":46}},"51":{"start":{"line":142,"column":25},"end":{"line":142,"column":46}},"52":{"start":{"line":144,"column":4},"end":{"line":149,"column":24}},"53":{"start":{"line":140,"column":13},"end":{"line":140,"column":30}},"54":{"start":{"line":155,"column":26},"end":{"line":185,"column":1}},"55":{"start":{"line":156,"column":17},"end":{"line":156,"column":64}},"56":{"start":{"line":157,"column":4},"end":{"line":157,"column":52}},"57":{"start":{"line":157,"column":31},"end":{"line":157,"column":52}},"58":{"start":{"line":159,"column":17},"end":{"line":159,"column":35}},"59":{"start":{"line":160,"column":18},"end":{"line":160,"column":62}},"60":{"start":{"line":161,"column":16},"end":{"line":161,"column":55}},"61":{"start":{"line":163,"column":4},"end":{"line":184,"column":5}},"62":{"start":{"line":165,"column":12},"end":{"line":165,"column":45}},"63":{"start":{"line":167,"column":12},"end":{"line":167,"column":45}},"64":{"start":{"line":169,"column":12},"end":{"line":169,"column":45}},"65":{"start":{"line":171,"column":12},"end":{"line":171,"column":45}},"66":{"start":{"line":173,"column":12},"end":{"line":177,"column":15}},"67":{"start":{"line":179,"column":12},"end":{"line":179,"column":41}},"68":{"start":{"line":181,"column":12},"end":{"line":181,"column":45}},"69":{"start":{"line":183,"column":12},"end":{"line":183,"column":45}},"70":{"start":{"line":155,"column":13},"end":{"line":155,"column":26}},"71":{"start":{"line":190,"column":27},"end":{"line":205,"column":1}},"72":{"start":{"line":191,"column":4},"end":{"line":191,"column":57}},"73":{"start":{"line":191,"column":47},"end":{"line":191,"column":57}},"74":{"start":{"line":193,"column":4},"end":{"line":204,"column":5}},"75":{"start":{"line":195,"column":12},"end":{"line":195,"column":40}},"76":{"start":{"line":197,"column":12},"end":{"line":197,"column":82}},"77":{"start":{"line":201,"column":12},"end":{"line":201,"column":33}},"78":{"start":{"line":203,"column":12},"end":{"line":203,"column":33}},"79":{"start":{"line":190,"column":13},"end":{"line":190,"column":27}},"80":{"start":{"line":210,"column":36},"end":{"line":238,"column":1}},"81":{"start":{"line":211,"column":4},"end":{"line":213,"column":5}},"82":{"start":{"line":212,"column":8},"end":{"line":212,"column":17}},"83":{"start":{"line":215,"column":4},"end":{"line":217,"column":5}},"84":{"start":{"line":216,"column":8},"end":{"line":216,"column":17}},"85":{"start":{"line":219,"column":4},"end":{"line":221,"column":5}},"86":{"start":{"line":220,"column":8},"end":{"line":220,"column":18}},"87":{"start":{"line":223,"column":4},"end":{"line":225,"column":5}},"88":{"start":{"line":224,"column":8},"end":{"line":224,"column":41}},"89":{"start":{"line":227,"column":20},"end":{"line":227,"column":57}},"90":{"start":{"line":228,"column":20},"end":{"line":228,"column":57}},"91":{"start":{"line":230,"column":4},"end":{"line":232,"column":5}},"92":{"start":{"line":231,"column":8},"end":{"line":231,"column":33}},"93":{"start":{"line":234,"column":4},"end":{"line":237,"column":7}},"94":{"start":{"line":210,"column":13},"end":{"line":210,"column":36}}},"fnMap":{"0":{"name":"(anonymous_0)","decl":{"start":{"line":30,"column":26},"end":{"line":30,"column":null}},"loc":{"start":{"line":34,"column":12},"end":{"line":67,"column":1}}},"1":{"name":"(anonymous_1)","decl":{"start":{"line":72,"column":30},"end":{"line":72,"column":null}},"loc":{"start":{"line":78,"column":12},"end":{"line":135,"column":1}}},"2":{"name":"(anonymous_2)","decl":{"start":{"line":140,"column":30},"end":{"line":140,"column":31}},"loc":{"start":{"line":140,"column":77},"end":{"line":150,"column":1}}},"3":{"name":"(anonymous_3)","decl":{"start":{"line":155,"column":26},"end":{"line":155,"column":27}},"loc":{"start":{"line":155,"column":69},"end":{"line":185,"column":1}}},"4":{"name":"(anonymous_4)","decl":{"start":{"line":190,"column":27},"end":{"line":190,"column":28}},"loc":{"start":{"line":190,"column":71},"end":{"line":205,"column":1}}},"5":{"name":"(anonymous_5)","decl":{"start":{"line":210,"column":36},"end":{"line":210,"column":37}},"loc":{"start":{"line":210,"column":63},"end":{"line":238,"column":1}}}},"branchMap":{"0":{"loc":{"start":{"line":37,"column":8},"end":{"line":40,"column":9}},"type":"if","locations":[{"start":{"line":37,"column":8},"end":{"line":40,"column":9}}]},"1":{"loc":{"start":{"line":37,"column":12},"end":{"line":37,"column":85}},"type":"binary-expr","locations":[{"start":{"line":37,"column":12},"end":{"line":37,"column":23}},{"start":{"line":37,"column":27},"end":{"line":37,"column":57}},{"start":{"line":37,"column":61},"end":{"line":37,"column":85}}]},"2":{"loc":{"start":{"line":39,"column":26},"end":{"line":39,"column":37}},"type":"binary-expr","locations":[{"start":{"line":39,"column":26},"end":{"line":39,"column":31}},{"start":{"line":39,"column":35},"end":{"line":39,"column":37}}]},"3":{"loc":{"start":{"line":43,"column":62},"end":{"line":43,"column":73}},"type":"binary-expr","locations":[{"start":{"line":43,"column":62},"end":{"line":43,"column":67}},{"start":{"line":43,"column":71},"end":{"line":43,"column":73}}]},"4":{"loc":{"start":{"line":47,"column":8},"end":{"line":57,"column":9}},"type":"if","locations":[{"start":{"line":47,"column":8},"end":{"line":57,"column":9}},{"start":{"line":54,"column":15},"end":{"line":57,"column":9}}]},"5":{"loc":{"start":{"line":48,"column":12},"end":{"line":50,"column":41}},"type":"binary-expr","locations":[{"start":{"line":48,"column":12},"end":{"line":48,"column":27}},{"start":{"line":49,"column":12},"end":{"line":49,"column":47}},{"start":{"line":50,"column":12},"end":{"line":50,"column":41}}]},"6":{"loc":{"start":{"line":53,"column":73},"end":{"line":53,"column":84}},"type":"binary-expr","locations":[{"start":{"line":53,"column":73},"end":{"line":53,"column":78}},{"start":{"line":53,"column":82},"end":{"line":53,"column":84}}]},"7":{"loc":{"start":{"line":56,"column":33},"end":{"line":56,"column":44}},"type":"binary-expr","locations":[{"start":{"line":56,"column":33},"end":{"line":56,"column":38}},{"start":{"line":56,"column":42},"end":{"line":56,"column":44}}]},"8":{"loc":{"start":{"line":65,"column":22},"end":{"line":65,"column":33}},"type":"binary-expr","locations":[{"start":{"line":65,"column":22},"end":{"line":65,"column":27}},{"start":{"line":65,"column":31},"end":{"line":65,"column":33}}]},"9":{"loc":{"start":{"line":79,"column":4},"end":{"line":79,"column":57}},"type":"if","locations":[{"start":{"line":79,"column":4},"end":{"line":79,"column":57}}]},"10":{"loc":{"start":{"line":79,"column":8},"end":{"line":79,"column":45}},"type":"binary-expr","locations":[{"start":{"line":79,"column":8},"end":{"line":79,"column":22}},{"start":{"line":79,"column":26},"end":{"line":79,"column":45}}]},"11":{"loc":{"start":{"line":82,"column":8},"end":{"line":130,"column":9}},"type":"switch","locations":[{"start":{"line":83,"column":12},"end":{"line":86,"column":60}},{"start":{"line":87,"column":12},"end":{"line":88,"column":52}},{"start":{"line":89,"column":12},"end":{"line":90,"column":52}},{"start":{"line":91,"column":12},"end":{"line":92,"column":52}},{"start":{"line":93,"column":12},"end":{"line":95,"column":79}},{"start":{"line":96,"column":12},"end":{"line":98,"column":73}},{"start":{"line":99,"column":12},"end":{"line":101,"column":67}},{"start":{"line":102,"column":12},"end":{"line":102,"column":29}},{"start":{"line":103,"column":12},"end":{"line":104,"column":55}},{"start":{"line":105,"column":12},"end":{"line":106,"column":49}},{"start":{"line":107,"column":12},"end":{"line":107,"column":27}},{"start":{"line":108,"column":12},"end":{"line":109,"column":55}},{"start":{"line":110,"column":12},"end":{"line":111,"column":55}},{"start":{"line":112,"column":12},"end":{"line":113,"column":53}},{"start":{"line":114,"column":12},"end":{"line":115,"column":49}},{"start":{"line":116,"column":12},"end":{"line":117,"column":44}},{"start":{"line":118,"column":12},"end":{"line":119,"column":48}},{"start":{"line":120,"column":12},"end":{"line":121,"column":51}},{"start":{"line":122,"column":12},"end":{"line":123,"column":51}},{"start":{"line":124,"column":12},"end":{"line":126,"column":80}},{"start":{"line":127,"column":12},"end":{"line":127,"column":24}},{"start":{"line":128,"column":12},"end":{"line":129,"column":57}}]},"12":{"loc":{"start":{"line":84,"column":31},"end":{"line":84,"column":49}},"type":"binary-expr","locations":[{"start":{"line":84,"column":31},"end":{"line":84,"column":43}},{"start":{"line":84,"column":47},"end":{"line":84,"column":49}}]},"13":{"loc":{"start":{"line":85,"column":31},"end":{"line":85,"column":49}},"type":"binary-expr","locations":[{"start":{"line":85,"column":31},"end":{"line":85,"column":43}},{"start":{"line":85,"column":47},"end":{"line":85,"column":49}}]},"14":{"loc":{"start":{"line":95,"column":23},"end":{"line":95,"column":78}},"type":"cond-expr","locations":[{"start":{"line":95,"column":39},"end":{"line":95,"column":52}},{"start":{"line":95,"column":55},"end":{"line":95,"column":78}}]},"15":{"loc":{"start":{"line":98,"column":23},"end":{"line":98,"column":72}},"type":"cond-expr","locations":[{"start":{"line":98,"column":36},"end":{"line":98,"column":49}},{"start":{"line":98,"column":52},"end":{"line":98,"column":72}}]},"16":{"loc":{"start":{"line":101,"column":23},"end":{"line":101,"column":66}},"type":"cond-expr","locations":[{"start":{"line":101,"column":36},"end":{"line":101,"column":49}},{"start":{"line":101,"column":52},"end":{"line":101,"column":66}}]},"17":{"loc":{"start":{"line":117,"column":23},"end":{"line":117,"column":43}},"type":"cond-expr","locations":[{"start":{"line":117,"column":31},"end":{"line":117,"column":36}},{"start":{"line":117,"column":39},"end":{"line":117,"column":43}}]},"18":{"loc":{"start":{"line":119,"column":23},"end":{"line":119,"column":47}},"type":"cond-expr","locations":[{"start":{"line":119,"column":31},"end":{"line":119,"column":37}},{"start":{"line":119,"column":40},"end":{"line":119,"column":47}}]},"19":{"loc":{"start":{"line":142,"column":4},"end":{"line":142,"column":46}},"type":"if","locations":[{"start":{"line":142,"column":4},"end":{"line":142,"column":46}}]},"20":{"loc":{"start":{"line":156,"column":17},"end":{"line":156,"column":64}},"type":"cond-expr","locations":[{"start":{"line":156,"column":41},"end":{"line":156,"column":46}},{"start":{"line":156,"column":49},"end":{"line":156,"column":64}}]},"21":{"loc":{"start":{"line":157,"column":4},"end":{"line":157,"column":52}},"type":"if","locations":[{"start":{"line":157,"column":4},"end":{"line":157,"column":52}}]},"22":{"loc":{"start":{"line":163,"column":4},"end":{"line":184,"column":5}},"type":"switch","locations":[{"start":{"line":164,"column":8},"end":{"line":165,"column":45}},{"start":{"line":166,"column":8},"end":{"line":167,"column":45}},{"start":{"line":168,"column":8},"end":{"line":169,"column":45}},{"start":{"line":170,"column":8},"end":{"line":171,"column":45}},{"start":{"line":172,"column":8},"end":{"line":177,"column":15}},{"start":{"line":178,"column":8},"end":{"line":179,"column":41}},{"start":{"line":180,"column":8},"end":{"line":181,"column":45}},{"start":{"line":182,"column":8},"end":{"line":183,"column":45}}]},"23":{"loc":{"start":{"line":191,"column":4},"end":{"line":191,"column":57}},"type":"if","locations":[{"start":{"line":191,"column":4},"end":{"line":191,"column":57}}]},"24":{"loc":{"start":{"line":191,"column":8},"end":{"line":191,"column":45}},"type":"binary-expr","locations":[{"start":{"line":191,"column":8},"end":{"line":191,"column":22}},{"start":{"line":191,"column":26},"end":{"line":191,"column":45}}]},"25":{"loc":{"start":{"line":193,"column":4},"end":{"line":204,"column":5}},"type":"switch","locations":[{"start":{"line":194,"column":8},"end":{"line":195,"column":40}},{"start":{"line":196,"column":8},"end":{"line":197,"column":82}},{"start":{"line":198,"column":8},"end":{"line":198,"column":23}},{"start":{"line":199,"column":8},"end":{"line":199,"column":20}},{"start":{"line":200,"column":8},"end":{"line":201,"column":33}},{"start":{"line":202,"column":8},"end":{"line":203,"column":33}}]},"26":{"loc":{"start":{"line":195,"column":19},"end":{"line":195,"column":39}},"type":"cond-expr","locations":[{"start":{"line":195,"column":27},"end":{"line":195,"column":32}},{"start":{"line":195,"column":35},"end":{"line":195,"column":39}}]},"27":{"loc":{"start":{"line":197,"column":19},"end":{"line":197,"column":81}},"type":"cond-expr","locations":[{"start":{"line":197,"column":43},"end":{"line":197,"column":65}},{"start":{"line":197,"column":68},"end":{"line":197,"column":81}}]},"28":{"loc":{"start":{"line":211,"column":4},"end":{"line":213,"column":5}},"type":"if","locations":[{"start":{"line":211,"column":4},"end":{"line":213,"column":5}}]},"29":{"loc":{"start":{"line":215,"column":4},"end":{"line":217,"column":5}},"type":"if","locations":[{"start":{"line":215,"column":4},"end":{"line":217,"column":5}}]},"30":{"loc":{"start":{"line":215,"column":8},"end":{"line":215,"column":37}},"type":"binary-expr","locations":[{"start":{"line":215,"column":8},"end":{"line":215,"column":18}},{"start":{"line":215,"column":22},"end":{"line":215,"column":37}}]},"31":{"loc":{"start":{"line":219,"column":4},"end":{"line":221,"column":5}},"type":"if","locations":[{"start":{"line":219,"column":4},"end":{"line":221,"column":5}}]},"32":{"loc":{"start":{"line":219,"column":8},"end":{"line":219,"column":37}},"type":"binary-expr","locations":[{"start":{"line":219,"column":8},"end":{"line":219,"column":18}},{"start":{"line":219,"column":22},"end":{"line":219,"column":37}}]},"33":{"loc":{"start":{"line":223,"column":4},"end":{"line":225,"column":5}},"type":"if","locations":[{"start":{"line":223,"column":4},"end":{"line":225,"column":5}}]},"34":{"loc":{"start":{"line":223,"column":8},"end":{"line":223,"column":46}},"type":"binary-expr","locations":[{"start":{"line":223,"column":8},"end":{"line":223,"column":25}},{"start":{"line":223,"column":29},"end":{"line":223,"column":46}}]},"35":{"loc":{"start":{"line":227,"column":20},"end":{"line":227,"column":57}},"type":"cond-expr","locations":[{"start":{"line":227,"column":44},"end":{"line":227,"column":45}},{"start":{"line":227,"column":48},"end":{"line":227,"column":57}}]},"36":{"loc":{"start":{"line":228,"column":20},"end":{"line":228,"column":57}},"type":"cond-expr","locations":[{"start":{"line":228,"column":44},"end":{"line":228,"column":45}},{"start":{"line":228,"column":48},"end":{"line":228,"column":57}}]},"37":{"loc":{"start":{"line":230,"column":4},"end":{"line":232,"column":5}},"type":"if","locations":[{"start":{"line":230,"column":4},"end":{"line":232,"column":5}}]},"38":{"loc":{"start":{"line":230,"column":8},"end":{"line":230,"column":42}},"type":"binary-expr","locations":[{"start":{"line":230,"column":8},"end":{"line":230,"column":23}},{"start":{"line":230,"column":27},"end":{"line":230,"column":42}}]}},"s":{"0":1,"1":4,"2":4,"3":1,"4":1,"5":3,"6":3,"7":2,"8":1,"9":3,"10":0,"11":0,"12":0,"13":0,"14":1,"15":1,"16":20,"17":2,"18":18,"19":18,"20":1,"21":1,"22":1,"23":2,"24":1,"25":1,"26":1,"27":1,"28":1,"29":1,"30":1,"31":1,"32":1,"33":1,"34":1,"35":0,"36":0,"37":0,"38":2,"39":2,"40":1,"41":1,"42":1,"43":1,"44":0,"45":0,"46":0,"47":1,"48":1,"49":9,"50":9,"51":2,"52":7,"53":1,"54":1,"55":12,"56":12,"57":1,"58":11,"59":11,"60":11,"61":11,"62":3,"63":1,"64":2,"65":1,"66":2,"67":1,"68":1,"69":0,"70":1,"71":1,"72":7,"73":2,"74":5,"75":2,"76":1,"77":1,"78":1,"79":1,"80":1,"81":12,"82":3,"83":9,"84":1,"85":8,"86":1,"87":7,"88":1,"89":6,"90":6,"91":6,"92":4,"93":2,"94":1},"f":{"0":4,"1":20,"2":9,"3":12,"4":7,"5":12},"b":{"0":[1],"1":[4,3,3],"2":[1,0],"3":[3,0],"4":[2,1],"5":[3,2,2],"6":[2,0],"7":[1,0],"8":[0,0],"9":[2],"10":[20,19],"11":[1,2,1,1,1,1,1,0,1,1,0,1,0,0,0,2,2,1,1,1,0,0],"12":[1,0],"13":[1,0],"14":[0,1],"15":[0,1],"16":[0,1],"17":[1,1],"18":[1,1],"19":[2],"20":[10,2],"21":[1],"22":[3,1,2,1,2,1,1,0],"23":[2],"24":[7,6],"25":[2,1,0,0,1,1],"26":[1,1],"27":[1,0],"28":[3],"29":[1],"30":[9,8],"31":[1],"32":[8,7],"33":[1],"34":[7,1],"35":[2,4],"36":[2,4],"37":[4],"38":[6,4]}}
,"/workspaces/ag-grid-mendix-widget/src/utils/state.ts": {"path":"/workspaces/ag-grid-mendix-widget/src/utils/state.ts","statementMap":{"0":{"start":{"line":8,"column":35},"end":{"line":19,"column":1}},"1":{"start":{"line":9,"column":26},"end":{"line":16,"column":50}},"2":{"start":{"line":10,"column":25},"end":{"line":10,"column":92}},"3":{"start":{"line":11,"column":22},"end":{"line":15,"column":11}},"4":{"start":{"line":16,"column":24},"end":{"line":16,"column":49}},"5":{"start":{"line":18,"column":4},"end":{"line":18,"column":69}},"6":{"start":{"line":18,"column":51},"end":{"line":18,"column":66}},"7":{"start":{"line":8,"column":13},"end":{"line":8,"column":35}},"8":{"start":{"line":26,"column":42},"end":{"line":34,"column":1}},"9":{"start":{"line":27,"column":23},"end":{"line":27,"column":25}},"10":{"start":{"line":28,"column":4},"end":{"line":32,"column":7}},"11":{"start":{"line":29,"column":8},"end":{"line":31,"column":9}},"12":{"start":{"line":30,"column":12},"end":{"line":30,"column":55}},"13":{"start":{"line":33,"column":4},"end":{"line":33,"column":22}},"14":{"start":{"line":26,"column":13},"end":{"line":26,"column":42}},"15":{"start":{"line":41,"column":37},"end":{"line":43,"column":1}},"16":{"start":{"line":42,"column":4},"end":{"line":42,"column":85}},"17":{"start":{"line":42,"column":35},"end":{"line":42,"column":53}},"18":{"start":{"line":42,"column":67},"end":{"line":42,"column":83}},"19":{"start":{"line":41,"column":13},"end":{"line":41,"column":37}},"20":{"start":{"line":50,"column":38},"end":{"line":59,"column":1}},"21":{"start":{"line":51,"column":62},"end":{"line":51,"column":64}},"22":{"start":{"line":52,"column":4},"end":{"line":57,"column":7}},"23":{"start":{"line":53,"column":8},"end":{"line":56,"column":9}},"24":{"start":{"line":54,"column":26},"end":{"line":54,"column":89}},"25":{"start":{"line":55,"column":12},"end":{"line":55,"column":45}},"26":{"start":{"line":58,"column":4},"end":{"line":58,"column":18}},"27":{"start":{"line":50,"column":13},"end":{"line":50,"column":38}}},"fnMap":{"0":{"name":"(anonymous_0)","decl":{"start":{"line":8,"column":35},"end":{"line":8,"column":36}},"loc":{"start":{"line":8,"column":52},"end":{"line":19,"column":1}}},"1":{"name":"(anonymous_1)","decl":{"start":{"line":10,"column":16},"end":{"line":10,"column":17}},"loc":{"start":{"line":10,"column":24},"end":{"line":10,"column":92}}},"2":{"name":"(anonymous_2)","decl":{"start":{"line":11,"column":13},"end":{"line":11,"column":14}},"loc":{"start":{"line":11,"column":21},"end":{"line":15,"column":11}}},"3":{"name":"(anonymous_3)","decl":{"start":{"line":16,"column":14},"end":{"line":16,"column":15}},"loc":{"start":{"line":16,"column":24},"end":{"line":16,"column":49}}},"4":{"name":"(anonymous_4)","decl":{"start":{"line":18,"column":29},"end":{"line":18,"column":30}},"loc":{"start":{"line":18,"column":51},"end":{"line":18,"column":66}}},"5":{"name":"(anonymous_5)","decl":{"start":{"line":26,"column":42},"end":{"line":26,"column":43}},"loc":{"start":{"line":26,"column":59},"end":{"line":34,"column":1}}},"6":{"name":"(anonymous_6)","decl":{"start":{"line":28,"column":20},"end":{"line":28,"column":21}},"loc":{"start":{"line":28,"column":28},"end":{"line":32,"column":5}}},"7":{"name":"(anonymous_7)","decl":{"start":{"line":41,"column":37},"end":{"line":41,"column":38}},"loc":{"start":{"line":41,"column":54},"end":{"line":43,"column":1}}},"8":{"name":"(anonymous_8)","decl":{"start":{"line":42,"column":26},"end":{"line":42,"column":27}},"loc":{"start":{"line":42,"column":34},"end":{"line":42,"column":53}}},"9":{"name":"(anonymous_9)","decl":{"start":{"line":42,"column":58},"end":{"line":42,"column":59}},"loc":{"start":{"line":42,"column":67},"end":{"line":42,"column":83}}},"10":{"name":"(anonymous_10)","decl":{"start":{"line":50,"column":38},"end":{"line":50,"column":39}},"loc":{"start":{"line":50,"column":55},"end":{"line":59,"column":1}}},"11":{"name":"(anonymous_11)","decl":{"start":{"line":52,"column":20},"end":{"line":52,"column":21}},"loc":{"start":{"line":52,"column":28},"end":{"line":57,"column":5}}}},"branchMap":{"0":{"loc":{"start":{"line":8,"column":36},"end":{"line":8,"column":48}},"type":"default-arg","locations":[{"start":{"line":8,"column":46},"end":{"line":8,"column":48}}]},"1":{"loc":{"start":{"line":10,"column":25},"end":{"line":10,"column":92}},"type":"binary-expr","locations":[{"start":{"line":10,"column":25},"end":{"line":10,"column":40}},{"start":{"line":10,"column":44},"end":{"line":10,"column":70}},{"start":{"line":10,"column":74},"end":{"line":10,"column":91}}]},"2":{"loc":{"start":{"line":10,"column":74},"end":{"line":10,"column":91}},"type":"cond-expr","locations":[{"start":{"line":10,"column":87},"end":{"line":10,"column":89}},{"start":{"line":10,"column":87},"end":{"line":10,"column":91}}]},"3":{"loc":{"start":{"line":10,"column":74},"end":{"line":10,"column":89}},"type":"binary-expr","locations":[{"start":{"line":10,"column":74},"end":{"line":10,"column":89}},{"start":{"line":10,"column":87},"end":{"line":10,"column":89}}]},"4":{"loc":{"start":{"line":14,"column":23},"end":{"line":14,"column":43}},"type":"cond-expr","locations":[{"start":{"line":14,"column":36},"end":{"line":14,"column":40}},{"start":{"line":14,"column":40},"end":{"line":14,"column":43}}]},"5":{"loc":{"start":{"line":14,"column":23},"end":{"line":14,"column":40}},"type":"binary-expr","locations":[{"start":{"line":14,"column":23},"end":{"line":14,"column":40}},{"start":{"line":14,"column":36},"end":{"line":14,"column":40}}]},"6":{"loc":{"start":{"line":26,"column":43},"end":{"line":26,"column":55}},"type":"default-arg","locations":[{"start":{"line":26,"column":53},"end":{"line":26,"column":55}}]},"7":{"loc":{"start":{"line":29,"column":8},"end":{"line":31,"column":9}},"type":"if","locations":[{"start":{"line":29,"column":8},"end":{"line":31,"column":9}}]},"8":{"loc":{"start":{"line":29,"column":12},"end":{"line":29,"column":29}},"type":"cond-expr","locations":[{"start":{"line":29,"column":25},"end":{"line":29,"column":27}},{"start":{"line":29,"column":25},"end":{"line":29,"column":29}}]},"9":{"loc":{"start":{"line":29,"column":12},"end":{"line":29,"column":27}},"type":"binary-expr","locations":[{"start":{"line":29,"column":12},"end":{"line":29,"column":27}},{"start":{"line":29,"column":25},"end":{"line":29,"column":27}}]},"10":{"loc":{"start":{"line":41,"column":38},"end":{"line":41,"column":50}},"type":"default-arg","locations":[{"start":{"line":41,"column":48},"end":{"line":41,"column":50}}]},"11":{"loc":{"start":{"line":42,"column":35},"end":{"line":42,"column":52}},"type":"cond-expr","locations":[{"start":{"line":42,"column":48},"end":{"line":42,"column":50}},{"start":{"line":42,"column":48},"end":{"line":42,"column":52}}]},"12":{"loc":{"start":{"line":42,"column":35},"end":{"line":42,"column":50}},"type":"binary-expr","locations":[{"start":{"line":42,"column":35},"end":{"line":42,"column":50}},{"start":{"line":42,"column":48},"end":{"line":42,"column":50}}]},"13":{"loc":{"start":{"line":50,"column":39},"end":{"line":50,"column":51}},"type":"default-arg","locations":[{"start":{"line":50,"column":49},"end":{"line":50,"column":51}}]},"14":{"loc":{"start":{"line":53,"column":8},"end":{"line":56,"column":9}},"type":"if","locations":[{"start":{"line":53,"column":8},"end":{"line":56,"column":9}}]},"15":{"loc":{"start":{"line":53,"column":12},"end":{"line":53,"column":29}},"type":"cond-expr","locations":[{"start":{"line":53,"column":25},"end":{"line":53,"column":27}},{"start":{"line":53,"column":25},"end":{"line":53,"column":29}}]},"16":{"loc":{"start":{"line":53,"column":12},"end":{"line":53,"column":27}},"type":"binary-expr","locations":[{"start":{"line":53,"column":12},"end":{"line":53,"column":27}},{"start":{"line":53,"column":25},"end":{"line":53,"column":27}}]},"17":{"loc":{"start":{"line":54,"column":26},"end":{"line":54,"column":89}},"type":"cond-expr","locations":[{"start":{"line":54,"column":79},"end":{"line":54,"column":83}},{"start":{"line":54,"column":83},"end":{"line":54,"column":89}}]},"18":{"loc":{"start":{"line":54,"column":26},"end":{"line":54,"column":83}},"type":"binary-expr","locations":[{"start":{"line":54,"column":26},"end":{"line":54,"column":83}},{"start":{"line":54,"column":79},"end":{"line":54,"column":83}}]}},"s":{"0":1,"1":5,"2":12,"3":8,"4":4,"5":5,"6":8,"7":1,"8":1,"9":3,"10":3,"11":6,"12":5,"13":3,"14":1,"15":1,"16":3,"17":7,"18":6,"19":1,"20":1,"21":4,"22":4,"23":8,"24":7,"25":7,"26":4,"27":1},"f":{"0":5,"1":12,"2":8,"3":4,"4":8,"5":3,"6":6,"7":3,"8":7,"9":6,"10":4,"11":8},"b":{"0":[0],"1":[12,10,8],"2":[0,8],"3":[8,8],"4":[7,1],"5":[8,8],"6":[0],"7":[5],"8":[1,5],"9":[6,5],"10":[0],"11":[1,6],"12":[7,6],"13":[0],"14":[7],"15":[1,7],"16":[8,7],"17":[5,2],"18":[7,7]}}
,"/workspaces/ag-grid-mendix-widget/src/utils/theme.ts": {"path":"/workspaces/ag-grid-mendix-widget/src/utils/theme.ts","statementMap":{"0":{"start":{"line":9,"column":17},"end":{"line":14,"column":11}},"1":{"start":{"line":16,"column":21},"end":{"line":21,"column":11}},"2":{"start":{"line":26,"column":26},"end":{"line":28,"column":1}},"3":{"start":{"line":27,"column":4},"end":{"line":27,"column":72}},"4":{"start":{"line":30,"column":33},"end":{"line":48,"column":1}},"5":{"start":{"line":35,"column":16},"end":{"line":35,"column":44}},"6":{"start":{"line":36,"column":22},"end":{"line":36,"column":35}},"7":{"start":{"line":37,"column":22},"end":{"line":37,"column":52}},"8":{"start":{"line":39,"column":4},"end":{"line":41,"column":5}},"9":{"start":{"line":40,"column":8},"end":{"line":40,"column":25}},"10":{"start":{"line":43,"column":4},"end":{"line":45,"column":5}},"11":{"start":{"line":44,"column":8},"end":{"line":44,"column":25}},"12":{"start":{"line":47,"column":4},"end":{"line":47,"column":47}},"13":{"start":{"line":30,"column":13},"end":{"line":30,"column":33}}},"fnMap":{"0":{"name":"(anonymous_0)","decl":{"start":{"line":26,"column":26},"end":{"line":26,"column":27}},"loc":{"start":{"line":26,"column":58},"end":{"line":28,"column":1}}},"1":{"name":"(anonymous_1)","decl":{"start":{"line":30,"column":33},"end":{"line":30,"column":null}},"loc":{"start":{"line":34,"column":4},"end":{"line":48,"column":1}}}},"branchMap":{"0":{"loc":{"start":{"line":27,"column":12},"end":{"line":27,"column":58}},"type":"cond-expr","locations":[{"start":{"line":27,"column":36},"end":{"line":27,"column":45}},{"start":{"line":27,"column":48},"end":{"line":27,"column":58}}]},"1":{"loc":{"start":{"line":31,"column":4},"end":{"line":31,"column":26}},"type":"default-arg","locations":[{"start":{"line":31,"column":16},"end":{"line":31,"column":26}}]},"2":{"loc":{"start":{"line":32,"column":4},"end":{"line":32,"column":34}},"type":"default-arg","locations":[{"start":{"line":32,"column":28},"end":{"line":32,"column":34}}]},"3":{"loc":{"start":{"line":33,"column":4},"end":{"line":33,"column":23}},"type":"default-arg","locations":[{"start":{"line":33,"column":18},"end":{"line":33,"column":23}}]},"4":{"loc":{"start":{"line":37,"column":22},"end":{"line":37,"column":52}},"type":"binary-expr","locations":[{"start":{"line":37,"column":22},"end":{"line":37,"column":39}},{"start":{"line":37,"column":43},"end":{"line":37,"column":52}}]},"5":{"loc":{"start":{"line":39,"column":4},"end":{"line":41,"column":5}},"type":"if","locations":[{"start":{"line":39,"column":4},"end":{"line":41,"column":5}}]},"6":{"loc":{"start":{"line":43,"column":4},"end":{"line":45,"column":5}},"type":"if","locations":[{"start":{"line":43,"column":4},"end":{"line":45,"column":5}}]},"7":{"loc":{"start":{"line":47,"column":11},"end":{"line":47,"column":46}},"type":"cond-expr","locations":[{"start":{"line":47,"column":25},"end":{"line":47,"column":34}},{"start":{"line":47,"column":37},"end":{"line":47,"column":46}}]}},"s":{"0":1,"1":1,"2":1,"3":18,"4":1,"5":18,"6":18,"7":18,"8":18,"9":3,"10":15,"11":2,"12":13,"13":1},"f":{"0":18,"1":18},"b":{"0":[16,2],"1":[1],"2":[9],"3":[14],"4":[18,0],"5":[3],"6":[2],"7":[2,11]}}
}
