{"/home/anthonyd/Git/ag-grid-mendix-widget/src/AGGrid.tsx": {"path":"/home/anthonyd/Git/ag-grid-mendix-widget/src/AGGrid.tsx","statementMap":{"0":{"start":{"line":2,"column":0},"end":{"line":2,"column":69}},"1":{"start":{"line":5,"column":0},"end":{"line":5,"column":25}},"2":{"start":{"line":9,"column":0},"end":{"line":9,"column":52}},"3":{"start":{"line":22,"column":0},"end":{"line":22,"column":47}},"4":{"start":{"line":23,"column":0},"end":{"line":23,"column":57}},"5":{"start":{"line":25,"column":0},"end":{"line":25,"column":57}},"6":{"start":{"line":26,"column":0},"end":{"line":26,"column":79}},"7":{"start":{"line":27,"column":0},"end":{"line":27,"column":67}},"8":{"start":{"line":29,"column":0},"end":{"line":29,"column":null}},"9":{"start":{"line":36,"column":0},"end":{"line":36,"column":null}},"10":{"start":{"line":42,"column":0},"end":{"line":42,"column":null}},"11":{"start":{"line":48,"column":0},"end":{"line":48,"column":91}},"12":{"start":{"line":51,"column":0},"end":{"line":51,"column":25}},"13":{"start":{"line":65,"column":8},"end":{"line":65,"column":21}},"14":{"start":{"line":54,"column":12},"end":{"line":54,"column":32}},"15":{"start":{"line":55,"column":12},"end":{"line":55,"column":61}},"16":{"start":{"line":56,"column":12},"end":{"line":56,"column":50}},"17":{"start":{"line":57,"column":12},"end":{"line":57,"column":54}},"18":{"start":{"line":58,"column":12},"end":{"line":58,"column":64}},"19":{"start":{"line":61,"column":12},"end":{"line":61,"column":61}},"20":{"start":{"line":62,"column":12},"end":{"line":62,"column":93}},"21":{"start":{"line":157,"column":12},"end":{"line":159,"column":6}},"22":{"start":{"line":158,"column":8},"end":{"line":158,"column":39}},"23":{"start":{"line":161,"column":12},"end":{"line":163,"column":6}},"24":{"start":{"line":162,"column":8},"end":{"line":162,"column":60}},"25":{"start":{"line":165,"column":12},"end":{"line":173,"column":6}},"26":{"start":{"line":166,"column":25},"end":{"line":166,"column":45}},"27":{"start":{"line":167,"column":8},"end":{"line":172,"column":9}},"28":{"start":{"line":168,"column":12},"end":{"line":171,"column":15}},"29":{"start":{"line":177,"column":12},"end":{"line":189,"column":6}},"30":{"start":{"line":178,"column":8},"end":{"line":188,"column":9}},"31":{"start":{"line":179,"column":12},"end":{"line":185,"column":13}},"32":{"start":{"line":180,"column":41},"end":{"line":180,"column":71}},"33":{"start":{"line":181,"column":16},"end":{"line":181,"column":89}},"34":{"start":{"line":183,"column":16},"end":{"line":183,"column":75}},"35":{"start":{"line":184,"column":16},"end":{"line":184,"column":60}},"36":{"start":{"line":187,"column":12},"end":{"line":187,"column":56}},"37":{"start":{"line":191,"column":12},"end":{"line":202,"column":6}},"38":{"start":{"line":192,"column":29},"end":{"line":196,"column":9}},"39":{"start":{"line":193,"column":12},"end":{"line":195,"column":13}},"40":{"start":{"line":194,"column":16},"end":{"line":194,"column":53}},"41":{"start":{"line":197,"column":8},"end":{"line":200,"column":9}},"42":{"start":{"line":198,"column":12},"end":{"line":198,"column":27}},"43":{"start":{"line":199,"column":12},"end":{"line":199,"column":19}},"44":{"start":{"line":201,"column":8},"end":{"line":201,"column":67}},"45":{"start":{"line":204,"column":12},"end":{"line":206,"column":6}},"46":{"start":{"line":205,"column":8},"end":{"line":205,"column":37}},"47":{"start":{"line":208,"column":12},"end":{"line":214,"column":6}},"48":{"start":{"line":209,"column":8},"end":{"line":213,"column":9}},"49":{"start":{"line":210,"column":12},"end":{"line":210,"column":37}},"50":{"start":{"line":212,"column":12},"end":{"line":212,"column":36}},"51":{"start":{"line":216,"column":12},"end":{"line":220,"column":6}},"52":{"start":{"line":217,"column":8},"end":{"line":219,"column":12}},"53":{"start":{"line":217,"column":38},"end":{"line":219,"column":10}},"54":{"start":{"line":222,"column":12},"end":{"line":228,"column":6}},"55":{"start":{"line":223,"column":8},"end":{"line":227,"column":11}},"56":{"start":{"line":224,"column":34},"end":{"line":224,"column":88}},"57":{"start":{"line":225,"column":12},"end":{"line":225,"column":73}},"58":{"start":{"line":226,"column":12},"end":{"line":226,"column":55}},"59":{"start":{"line":230,"column":12},"end":{"line":235,"column":6}},"60":{"start":{"line":231,"column":34},"end":{"line":231,"column":80}},"61":{"start":{"line":232,"column":8},"end":{"line":234,"column":11}},"62":{"start":{"line":233,"column":12},"end":{"line":233,"column":77}},"63":{"start":{"line":239,"column":12},"end":{"line":258,"column":6}},"64":{"start":{"line":240,"column":8},"end":{"line":240,"column":34}},"65":{"start":{"line":245,"column":86},"end":{"line":245,"column":96}},"66":{"start":{"line":247,"column":8},"end":{"line":247,"column":66}},"67":{"start":{"line":249,"column":8},"end":{"line":251,"column":9}},"68":{"start":{"line":250,"column":12},"end":{"line":250,"column":47}},"69":{"start":{"line":253,"column":8},"end":{"line":253,"column":54}},"70":{"start":{"line":254,"column":8},"end":{"line":254,"column":70}},"71":{"start":{"line":255,"column":8},"end":{"line":257,"column":15}},"72":{"start":{"line":256,"column":12},"end":{"line":256,"column":59}},"73":{"start":{"line":260,"column":12},"end":{"line":262,"column":6}},"74":{"start":{"line":261,"column":8},"end":{"line":261,"column":39}},"75":{"start":{"line":264,"column":12},"end":{"line":266,"column":6}},"76":{"start":{"line":265,"column":8},"end":{"line":265,"column":39}},"77":{"start":{"line":268,"column":12},"end":{"line":278,"column":6}},"78":{"start":{"line":269,"column":8},"end":{"line":271,"column":9}},"79":{"start":{"line":270,"column":12},"end":{"line":270,"column":19}},"80":{"start":{"line":272,"column":8},"end":{"line":277,"column":9}},"81":{"start":{"line":273,"column":30},"end":{"line":273,"column":60}},"82":{"start":{"line":274,"column":12},"end":{"line":276,"column":15}},"83":{"start":{"line":275,"column":16},"end":{"line":275,"column":55}},"84":{"start":{"line":280,"column":12},"end":{"line":339,"column":6}},"85":{"start":{"line":281,"column":8},"end":{"line":283,"column":9}},"86":{"start":{"line":282,"column":12},"end":{"line":282,"column":19}},"87":{"start":{"line":284,"column":8},"end":{"line":338,"column":9}},"88":{"start":{"line":285,"column":32},"end":{"line":285,"column":61}},"89":{"start":{"line":286,"column":52},"end":{"line":286,"column":54}},"90":{"start":{"line":288,"column":12},"end":{"line":333,"column":15}},"91":{"start":{"line":289,"column":31},"end":{"line":289,"column":49}},"92":{"start":{"line":290,"column":16},"end":{"line":292,"column":17}},"93":{"start":{"line":291,"column":20},"end":{"line":291,"column":27}},"94":{"start":{"line":294,"column":16},"end":{"line":323,"column":17}},"95":{"start":{"line":295,"column":33},"end":{"line":295,"column":44}},"96":{"start":{"line":296,"column":37},"end":{"line":296,"column":77}},"97":{"start":{"line":297,"column":35},"end":{"line":297,"column":73}},"98":{"start":{"line":298,"column":55},"end":{"line":298,"column":59}},"99":{"start":{"line":300,"column":20},"end":{"line":317,"column":21}},"100":{"start":{"line":302,"column":28},"end":{"line":302,"column":92}},"101":{"start":{"line":303,"column":28},"end":{"line":303,"column":34}},"102":{"start":{"line":306,"column":28},"end":{"line":306,"column":80}},"103":{"start":{"line":307,"column":28},"end":{"line":307,"column":34}},"104":{"start":{"line":310,"column":28},"end":{"line":310,"column":78}},"105":{"start":{"line":311,"column":28},"end":{"line":311,"column":34}},"106":{"start":{"line":313,"column":28},"end":{"line":313,"column":94}},"107":{"start":{"line":314,"column":28},"end":{"line":314,"column":34}},"108":{"start":{"line":316,"column":28},"end":{"line":316,"column":41}},"109":{"start":{"line":319,"column":20},"end":{"line":321,"column":21}},"110":{"start":{"line":320,"column":24},"end":{"line":320,"column":50}},"111":{"start":{"line":322,"column":20},"end":{"line":322,"column":27}},"112":{"start":{"line":325,"column":16},"end":{"line":328,"column":17}},"113":{"start":{"line":326,"column":20},"end":{"line":326,"column":59}},"114":{"start":{"line":327,"column":20},"end":{"line":327,"column":27}},"115":{"start":{"line":330,"column":16},"end":{"line":332,"column":17}},"116":{"start":{"line":331,"column":20},"end":{"line":331,"column":54}},"117":{"start":{"line":335,"column":12},"end":{"line":337,"column":15}},"118":{"start":{"line":336,"column":16},"end":{"line":336,"column":71}},"119":{"start":{"line":341,"column":12},"end":{"line":352,"column":6}},"120":{"start":{"line":342,"column":31},"end":{"line":342,"column":41}},"121":{"start":{"line":343,"column":8},"end":{"line":345,"column":9}},"122":{"start":{"line":344,"column":12},"end":{"line":344,"column":19}},"123":{"start":{"line":346,"column":23},"end":{"line":346,"column":49}},"124":{"start":{"line":347,"column":8},"end":{"line":351,"column":9}},"125":{"start":{"line":348,"column":12},"end":{"line":350,"column":18}},"126":{"start":{"line":349,"column":16},"end":{"line":349,"column":33}},"127":{"start":{"line":356,"column":12},"end":{"line":368,"column":6}},"128":{"start":{"line":357,"column":8},"end":{"line":357,"column":34}},"129":{"start":{"line":357,"column":27},"end":{"line":357,"column":34}},"130":{"start":{"line":358,"column":8},"end":{"line":367,"column":9}},"131":{"start":{"line":359,"column":12},"end":{"line":359,"column":54}},"132":{"start":{"line":360,"column":12},"end":{"line":360,"column":56}},"133":{"start":{"line":362,"column":12},"end":{"line":362,"column":70}},"134":{"start":{"line":364,"column":12},"end":{"line":366,"column":19}},"135":{"start":{"line":365,"column":16},"end":{"line":365,"column":59}},"136":{"start":{"line":370,"column":12},"end":{"line":377,"column":6}},"137":{"start":{"line":371,"column":8},"end":{"line":376,"column":11}},"138":{"start":{"line":372,"column":12},"end":{"line":374,"column":13}},"139":{"start":{"line":373,"column":16},"end":{"line":373,"column":81}},"140":{"start":{"line":375,"column":12},"end":{"line":375,"column":67}},"141":{"start":{"line":379,"column":12},"end":{"line":408,"column":6}},"142":{"start":{"line":383,"column":8},"end":{"line":385,"column":9}},"143":{"start":{"line":384,"column":12},"end":{"line":384,"column":19}},"144":{"start":{"line":387,"column":8},"end":{"line":407,"column":9}},"145":{"start":{"line":388,"column":34},"end":{"line":390,"column":48}},"146":{"start":{"line":389,"column":33},"end":{"line":389,"column":51}},"147":{"start":{"line":390,"column":30},"end":{"line":390,"column":47}},"148":{"start":{"line":392,"column":16},"end":{"line":392,"column":83}},"149":{"start":{"line":394,"column":26},"end":{"line":402,"column":14}},"150":{"start":{"line":395,"column":36},"end":{"line":395,"column":57}},"151":{"start":{"line":397,"column":20},"end":{"line":397,"column":90}},"152":{"start":{"line":398,"column":16},"end":{"line":401,"column":18}},"153":{"start":{"line":404,"column":12},"end":{"line":404,"column":71}},"154":{"start":{"line":406,"column":12},"end":{"line":406,"column":74}},"155":{"start":{"line":410,"column":12},"end":{"line":468,"column":6}},"156":{"start":{"line":415,"column":26},"end":{"line":415,"column":75}},"157":{"start":{"line":416,"column":33},"end":{"line":443,"column":null}},"158":{"start":{"line":418,"column":16},"end":{"line":424,"column":17}},"159":{"start":{"line":419,"column":44},"end":{"line":419,"column":92}},"160":{"start":{"line":420,"column":20},"end":{"line":422,"column":21}},"161":{"start":{"line":421,"column":24},"end":{"line":421,"column":51}},"162":{"start":{"line":423,"column":20},"end":{"line":423,"column":31}},"163":{"start":{"line":426,"column":16},"end":{"line":431,"column":17}},"164":{"start":{"line":427,"column":20},"end":{"line":429,"column":21}},"165":{"start":{"line":428,"column":24},"end":{"line":428,"column":46}},"166":{"start":{"line":430,"column":20},"end":{"line":430,"column":31}},"167":{"start":{"line":433,"column":16},"end":{"line":436,"column":17}},"168":{"start":{"line":434,"column":20},"end":{"line":434,"column":37}},"169":{"start":{"line":435,"column":20},"end":{"line":435,"column":31}},"170":{"start":{"line":438,"column":16},"end":{"line":440,"column":17}},"171":{"start":{"line":439,"column":20},"end":{"line":439,"column":37}},"172":{"start":{"line":441,"column":16},"end":{"line":441,"column":27}},"173":{"start":{"line":446,"column":8},"end":{"line":446,"column":43}},"174":{"start":{"line":447,"column":8},"end":{"line":447,"column":54}},"175":{"start":{"line":448,"column":8},"end":{"line":448,"column":67}},"176":{"start":{"line":450,"column":8},"end":{"line":463,"column":10}},"177":{"start":{"line":457,"column":16},"end":{"line":461,"column":19}},"178":{"start":{"line":465,"column":8},"end":{"line":467,"column":15}},"179":{"start":{"line":466,"column":12},"end":{"line":466,"column":59}},"180":{"start":{"line":470,"column":12},"end":{"line":480,"column":6}},"181":{"start":{"line":471,"column":8},"end":{"line":473,"column":11}},"182":{"start":{"line":472,"column":12},"end":{"line":472,"column":92}},"183":{"start":{"line":474,"column":8},"end":{"line":474,"column":54}},"184":{"start":{"line":475,"column":8},"end":{"line":475,"column":49}},"185":{"start":{"line":476,"column":8},"end":{"line":476,"column":36}},"186":{"start":{"line":477,"column":8},"end":{"line":479,"column":15}},"187":{"start":{"line":478,"column":12},"end":{"line":478,"column":59}},"188":{"start":{"line":484,"column":12},"end":{"line":510,"column":6}},"189":{"start":{"line":485,"column":27},"end":{"line":485,"column":58}},"190":{"start":{"line":487,"column":23},"end":{"line":487,"column":87}},"191":{"start":{"line":487,"column":56},"end":{"line":487,"column":87}},"192":{"start":{"line":488,"column":8},"end":{"line":488,"column":28}},"193":{"start":{"line":488,"column":21},"end":{"line":488,"column":28}},"194":{"start":{"line":490,"column":27},"end":{"line":490,"column":60}},"195":{"start":{"line":491,"column":27},"end":{"line":491,"column":95}},"196":{"start":{"line":495,"column":8},"end":{"line":500,"column":9}},"197":{"start":{"line":496,"column":12},"end":{"line":496,"column":40}},"198":{"start":{"line":499,"column":12},"end":{"line":499,"column":42}},"199":{"start":{"line":502,"column":8},"end":{"line":509,"column":11}},"200":{"start":{"line":503,"column":12},"end":{"line":503,"column":67}},"201":{"start":{"line":504,"column":12},"end":{"line":504,"column":58}},"202":{"start":{"line":505,"column":12},"end":{"line":505,"column":82}},"203":{"start":{"line":506,"column":12},"end":{"line":508,"column":19}},"204":{"start":{"line":507,"column":16},"end":{"line":507,"column":63}},"205":{"start":{"line":512,"column":12},"end":{"line":514,"column":6}},"206":{"start":{"line":513,"column":8},"end":{"line":513,"column":51}},"207":{"start":{"line":516,"column":12},"end":{"line":518,"column":6}},"208":{"start":{"line":517,"column":8},"end":{"line":517,"column":35}},"209":{"start":{"line":520,"column":12},"end":{"line":550,"column":6}},"210":{"start":{"line":522,"column":31},"end":{"line":526,"column":10}},"211":{"start":{"line":523,"column":36},"end":{"line":523,"column":62}},"212":{"start":{"line":524,"column":35},"end":{"line":524,"column":60}},"213":{"start":{"line":525,"column":12},"end":{"line":525,"column":74}},"214":{"start":{"line":528,"column":27},"end":{"line":528,"column":58}},"215":{"start":{"line":529,"column":8},"end":{"line":533,"column":11}},"216":{"start":{"line":530,"column":12},"end":{"line":532,"column":13}},"217":{"start":{"line":531,"column":16},"end":{"line":531,"column":52}},"218":{"start":{"line":536,"column":8},"end":{"line":549,"column":10}},"219":{"start":{"line":542,"column":16},"end":{"line":542,"column":89}},"220":{"start":{"line":543,"column":16},"end":{"line":543,"column":62}},"221":{"start":{"line":544,"column":16},"end":{"line":544,"column":65}},"222":{"start":{"line":545,"column":16},"end":{"line":547,"column":23}},"223":{"start":{"line":546,"column":20},"end":{"line":546,"column":67}},"224":{"start":{"line":552,"column":12},"end":{"line":563,"column":6}},"225":{"start":{"line":553,"column":25},"end":{"line":553,"column":43}},"226":{"start":{"line":554,"column":33},"end":{"line":554,"column":71}},"227":{"start":{"line":555,"column":30},"end":{"line":557,"column":16}},"228":{"start":{"line":559,"column":8},"end":{"line":559,"column":47}},"229":{"start":{"line":560,"column":8},"end":{"line":562,"column":11}},"230":{"start":{"line":561,"column":12},"end":{"line":561,"column":66}},"231":{"start":{"line":565,"column":12},"end":{"line":575,"column":6}},"232":{"start":{"line":566,"column":28},"end":{"line":566,"column":51}},"233":{"start":{"line":567,"column":8},"end":{"line":569,"column":9}},"234":{"start":{"line":568,"column":12},"end":{"line":568,"column":19}},"235":{"start":{"line":570,"column":30},"end":{"line":570,"column":77}},"236":{"start":{"line":571,"column":8},"end":{"line":571,"column":47}},"237":{"start":{"line":572,"column":8},"end":{"line":574,"column":11}},"238":{"start":{"line":573,"column":12},"end":{"line":573,"column":66}},"239":{"start":{"line":683,"column":12},"end":{"line":724,"column":6}},"240":{"start":{"line":684,"column":8},"end":{"line":686,"column":9}},"241":{"start":{"line":685,"column":12},"end":{"line":685,"column":19}},"242":{"start":{"line":687,"column":8},"end":{"line":691,"column":9}},"243":{"start":{"line":688,"column":12},"end":{"line":688,"column":60}},"244":{"start":{"line":693,"column":28},"end":{"line":693,"column":49}},"245":{"start":{"line":694,"column":31},"end":{"line":694,"column":33}},"246":{"start":{"line":695,"column":30},"end":{"line":695,"column":32}},"247":{"start":{"line":696,"column":28},"end":{"line":696,"column":67}},"248":{"start":{"line":697,"column":40},"end":{"line":697,"column":86}},"249":{"start":{"line":698,"column":35},"end":{"line":698,"column":76}},"250":{"start":{"line":699,"column":36},"end":{"line":699,"column":78}},"251":{"start":{"line":701,"column":8},"end":{"line":714,"column":10}},"252":{"start":{"line":712,"column":16},"end":{"line":712,"column":88}},"253":{"start":{"line":716,"column":8},"end":{"line":716,"column":35}},"254":{"start":{"line":717,"column":8},"end":{"line":717,"column":54}},"255":{"start":{"line":718,"column":8},"end":{"line":718,"column":72}},"256":{"start":{"line":719,"column":8},"end":{"line":719,"column":45}},"257":{"start":{"line":720,"column":8},"end":{"line":722,"column":15}},"258":{"start":{"line":721,"column":12},"end":{"line":721,"column":59}},"259":{"start":{"line":723,"column":8},"end":{"line":723,"column":33}},"260":{"start":{"line":726,"column":12},"end":{"line":755,"column":6}},"261":{"start":{"line":727,"column":8},"end":{"line":729,"column":9}},"262":{"start":{"line":728,"column":12},"end":{"line":728,"column":19}},"263":{"start":{"line":731,"column":8},"end":{"line":754,"column":9}},"264":{"start":{"line":732,"column":32},"end":{"line":732,"column":61}},"265":{"start":{"line":733,"column":32},"end":{"line":735,"column":45}},"266":{"start":{"line":734,"column":38},"end":{"line":734,"column":47}},"267":{"start":{"line":735,"column":35},"end":{"line":735,"column":44}},"268":{"start":{"line":737,"column":68},"end":{"line":737,"column":70}},"269":{"start":{"line":738,"column":12},"end":{"line":747,"column":15}},"270":{"start":{"line":739,"column":16},"end":{"line":741,"column":17}},"271":{"start":{"line":740,"column":20},"end":{"line":740,"column":27}},"272":{"start":{"line":742,"column":16},"end":{"line":746,"column":17}},"273":{"start":{"line":743,"column":20},"end":{"line":743,"column":57}},"274":{"start":{"line":745,"column":20},"end":{"line":745,"column":53}},"275":{"start":{"line":749,"column":12},"end":{"line":751,"column":15}},"276":{"start":{"line":750,"column":16},"end":{"line":750,"column":71}},"277":{"start":{"line":753,"column":12},"end":{"line":753,"column":73}},"278":{"start":{"line":783,"column":12},"end":{"line":787,"column":6}},"279":{"start":{"line":784,"column":8},"end":{"line":786,"column":11}},"280":{"start":{"line":785,"column":12},"end":{"line":785,"column":59}},"281":{"start":{"line":67,"column":8},"end":{"line":69,"column":9}},"282":{"start":{"line":68,"column":12},"end":{"line":68,"column":59}},"283":{"start":{"line":71,"column":8},"end":{"line":77,"column":9}},"284":{"start":{"line":76,"column":12},"end":{"line":76,"column":84}},"285":{"start":{"line":79,"column":8},"end":{"line":79,"column":62}},"286":{"start":{"line":80,"column":8},"end":{"line":80,"column":61}},"287":{"start":{"line":82,"column":26},"end":{"line":82,"column":79}},"288":{"start":{"line":83,"column":28},"end":{"line":83,"column":72}},"289":{"start":{"line":84,"column":31},"end":{"line":84,"column":61}},"290":{"start":{"line":85,"column":30},"end":{"line":85,"column":59}},"291":{"start":{"line":87,"column":28},"end":{"line":87,"column":96}},"292":{"start":{"line":89,"column":12},"end":{"line":89,"column":84}},"293":{"start":{"line":90,"column":35},"end":{"line":90,"column":97}},"294":{"start":{"line":92,"column":12},"end":{"line":92,"column":76}},"295":{"start":{"line":95,"column":12},"end":{"line":97,"column":23}},"296":{"start":{"line":99,"column":8},"end":{"line":111,"column":10}},"297":{"start":{"line":113,"column":8},"end":{"line":123,"column":19}},"298":{"start":{"line":127,"column":8},"end":{"line":127,"column":61}},"299":{"start":{"line":128,"column":8},"end":{"line":138,"column":9}},"300":{"start":{"line":129,"column":12},"end":{"line":129,"column":91}},"301":{"start":{"line":130,"column":12},"end":{"line":137,"column":13}},"302":{"start":{"line":131,"column":16},"end":{"line":134,"column":18}},"303":{"start":{"line":135,"column":19},"end":{"line":137,"column":13}},"304":{"start":{"line":136,"column":16},"end":{"line":136,"column":92}},"305":{"start":{"line":142,"column":8},"end":{"line":142,"column":64}},"306":{"start":{"line":143,"column":8},"end":{"line":152,"column":9}},"307":{"start":{"line":144,"column":12},"end":{"line":151,"column":13}},"308":{"start":{"line":145,"column":16},"end":{"line":148,"column":18}},"309":{"start":{"line":149,"column":19},"end":{"line":151,"column":13}},"310":{"start":{"line":150,"column":16},"end":{"line":150,"column":95}},"311":{"start":{"line":581,"column":8},"end":{"line":583,"column":9}},"312":{"start":{"line":582,"column":12},"end":{"line":582,"column":24}},"313":{"start":{"line":584,"column":8},"end":{"line":657,"column":9}},"314":{"start":{"line":585,"column":24},"end":{"line":585,"column":68}},"315":{"start":{"line":586,"column":12},"end":{"line":586,"column":34}},"316":{"start":{"line":586,"column":22},"end":{"line":586,"column":34}},"317":{"start":{"line":587,"column":27},"end":{"line":587,"column":42}},"318":{"start":{"line":588,"column":12},"end":{"line":588,"column":67}},"319":{"start":{"line":588,"column":55},"end":{"line":588,"column":67}},"320":{"start":{"line":592,"column":63},"end":{"line":592,"column":73}},"321":{"start":{"line":593,"column":36},"end":{"line":593,"column":87}},"322":{"start":{"line":594,"column":36},"end":{"line":594,"column":87}},"323":{"start":{"line":597,"column":12},"end":{"line":601,"column":35}},"324":{"start":{"line":597,"column":44},"end":{"line":597,"column":62}},"325":{"start":{"line":598,"column":17},"end":{"line":601,"column":35}},"326":{"start":{"line":598,"column":69},"end":{"line":598,"column":88}},"327":{"start":{"line":599,"column":17},"end":{"line":601,"column":35}},"328":{"start":{"line":599,"column":68},"end":{"line":599,"column":86}},"329":{"start":{"line":600,"column":17},"end":{"line":601,"column":35}},"330":{"start":{"line":600,"column":70},"end":{"line":600,"column":90}},"331":{"start":{"line":601,"column":17},"end":{"line":601,"column":35}},"332":{"start":{"line":603,"column":34},"end":{"line":603,"column":76}},"333":{"start":{"line":604,"column":12},"end":{"line":613,"column":13}},"334":{"start":{"line":605,"column":16},"end":{"line":612,"column":19}},"335":{"start":{"line":606,"column":34},"end":{"line":606,"column":58}},"336":{"start":{"line":607,"column":20},"end":{"line":611,"column":21}},"337":{"start":{"line":608,"column":24},"end":{"line":608,"column":51}},"338":{"start":{"line":610,"column":24},"end":{"line":610,"column":52}},"339":{"start":{"line":615,"column":43},"end":{"line":642,"column":18}},"340":{"start":{"line":618,"column":16},"end":{"line":624,"column":17}},"341":{"start":{"line":619,"column":39},"end":{"line":619,"column":87}},"342":{"start":{"line":620,"column":20},"end":{"line":622,"column":21}},"343":{"start":{"line":621,"column":24},"end":{"line":621,"column":46}},"344":{"start":{"line":623,"column":20},"end":{"line":623,"column":31}},"345":{"start":{"line":626,"column":16},"end":{"line":631,"column":17}},"346":{"start":{"line":627,"column":20},"end":{"line":629,"column":21}},"347":{"start":{"line":628,"column":24},"end":{"line":628,"column":46}},"348":{"start":{"line":630,"column":20},"end":{"line":630,"column":31}},"349":{"start":{"line":633,"column":16},"end":{"line":636,"column":17}},"350":{"start":{"line":634,"column":20},"end":{"line":634,"column":37}},"351":{"start":{"line":635,"column":20},"end":{"line":635,"column":31}},"352":{"start":{"line":638,"column":16},"end":{"line":640,"column":17}},"353":{"start":{"line":639,"column":20},"end":{"line":639,"column":37}},"354":{"start":{"line":641,"column":16},"end":{"line":641,"column":27}},"355":{"start":{"line":644,"column":12},"end":{"line":653,"column":14}},"356":{"start":{"line":656,"column":12},"end":{"line":656,"column":24}},"357":{"start":{"line":661,"column":8},"end":{"line":663,"column":9}},"358":{"start":{"line":662,"column":12},"end":{"line":662,"column":19}},"359":{"start":{"line":666,"column":46},"end":{"line":674,"column":10}},"360":{"start":{"line":670,"column":79},"end":{"line":670,"column":87}},"361":{"start":{"line":675,"column":8},"end":{"line":675,"column":40}},"362":{"start":{"line":676,"column":8},"end":{"line":680,"column":9}},"363":{"start":{"line":677,"column":12},"end":{"line":677,"column":84}},"364":{"start":{"line":760,"column":25},"end":{"line":760,"column":45}},"365":{"start":{"line":761,"column":91},"end":{"line":761,"column":101}},"366":{"start":{"line":764,"column":32},"end":{"line":764,"column":83}},"367":{"start":{"line":765,"column":32},"end":{"line":765,"column":83}},"368":{"start":{"line":768,"column":8},"end":{"line":772,"column":9}},"369":{"start":{"line":769,"column":12},"end":{"line":769,"column":81}},"370":{"start":{"line":769,"column":66},"end":{"line":769,"column":81}},"371":{"start":{"line":770,"column":12},"end":{"line":770,"column":79}},"372":{"start":{"line":770,"column":65},"end":{"line":770,"column":79}},"373":{"start":{"line":771,"column":12},"end":{"line":771,"column":60}},"374":{"start":{"line":771,"column":46},"end":{"line":771,"column":60}},"375":{"start":{"line":775,"column":8},"end":{"line":775,"column":71}},"376":{"start":{"line":775,"column":56},"end":{"line":775,"column":71}},"377":{"start":{"line":776,"column":8},"end":{"line":776,"column":69}},"378":{"start":{"line":776,"column":55},"end":{"line":776,"column":69}},"379":{"start":{"line":777,"column":8},"end":{"line":777,"column":50}},"380":{"start":{"line":777,"column":36},"end":{"line":777,"column":50}},"381":{"start":{"line":780,"column":8},"end":{"line":780,"column":22}},"382":{"start":{"line":790,"column":40},"end":{"line":790,"column":50}},"383":{"start":{"line":791,"column":38},"end":{"line":791,"column":48}},"384":{"start":{"line":794,"column":49},"end":{"line":799,"column":10}},"385":{"start":{"line":801,"column":26},"end":{"line":801,"column":62}},"386":{"start":{"line":804,"column":8},"end":{"line":808,"column":9}},"387":{"start":{"line":805,"column":12},"end":{"line":805,"column":39}},"388":{"start":{"line":806,"column":15},"end":{"line":808,"column":9}},"389":{"start":{"line":807,"column":12},"end":{"line":807,"column":39}},"390":{"start":{"line":810,"column":8},"end":{"line":810,"column":25}},"391":{"start":{"line":816,"column":8},"end":{"line":1021,"column":9}},"392":{"start":{"line":826,"column":16},"end":{"line":826,"column":26}},"393":{"start":{"line":835,"column":16},"end":{"line":835,"column":26}},"394":{"start":{"line":837,"column":12},"end":{"line":839,"column":13}},"395":{"start":{"line":838,"column":16},"end":{"line":838,"column":72}},"396":{"start":{"line":840,"column":12},"end":{"line":842,"column":13}},"397":{"start":{"line":841,"column":16},"end":{"line":841,"column":86}},"398":{"start":{"line":845,"column":31},"end":{"line":845,"column":53}},"399":{"start":{"line":847,"column":16},"end":{"line":849,"column":70}},"400":{"start":{"line":850,"column":38},"end":{"line":850,"column":82}},"401":{"start":{"line":853,"column":41},"end":{"line":859,"column":14}},"402":{"start":{"line":855,"column":16},"end":{"line":857,"column":17}},"403":{"start":{"line":856,"column":20},"end":{"line":856,"column":60}},"404":{"start":{"line":858,"column":16},"end":{"line":858,"column":50}},"405":{"start":{"line":860,"column":35},"end":{"line":884,"column":14}},"406":{"start":{"line":861,"column":33},"end":{"line":861,"column":56}},"407":{"start":{"line":862,"column":32},"end":{"line":862,"column":89}},"408":{"start":{"line":863,"column":36},"end":{"line":863,"column":59}},"409":{"start":{"line":870,"column":16},"end":{"line":876,"column":17}},"410":{"start":{"line":871,"column":20},"end":{"line":871,"column":50}},"411":{"start":{"line":872,"column":23},"end":{"line":876,"column":17}},"412":{"start":{"line":873,"column":20},"end":{"line":873,"column":49}},"413":{"start":{"line":875,"column":20},"end":{"line":875,"column":51}},"414":{"start":{"line":878,"column":16},"end":{"line":883,"column":18}},"415":{"start":{"line":887,"column":36},"end":{"line":887,"column":73}},"416":{"start":{"line":887,"column":60},"end":{"line":887,"column":72}},"417":{"start":{"line":888,"column":35},"end":{"line":889,"column":null}},"418":{"start":{"line":891,"column":40},"end":{"line":891,"column":80}},"419":{"start":{"line":892,"column":41},"end":{"line":892,"column":68}},"420":{"start":{"line":893,"column":37},"end":{"line":893,"column":89}},"421":{"start":{"line":894,"column":38},"end":{"line":894,"column":76}},"422":{"start":{"line":896,"column":36},"end":{"line":897,"column":null}},"423":{"start":{"line":899,"column":36},"end":{"line":900,"column":null}},"424":{"start":{"line":902,"column":37},"end":{"line":902,"column":95}},"425":{"start":{"line":904,"column":38},"end":{"line":906,"column":20}},"426":{"start":{"line":905,"column":25},"end":{"line":905,"column":43}},"427":{"start":{"line":907,"column":38},"end":{"line":907,"column":80}},"428":{"start":{"line":909,"column":12},"end":{"line":999,"column":14}},"429":{"start":{"line":981,"column":28},"end":{"line":981,"column":85}},"430":{"start":{"line":1001,"column":12},"end":{"line":1001,"column":68}},"431":{"start":{"line":1002,"column":12},"end":{"line":1020,"column":14}},"432":{"start":{"line":53,"column":0},"end":{"line":53,"column":13}}},"fnMap":{"0":{"name":"(anonymous_0)","decl":{"start":{"line":64,"column":4},"end":{"line":64,"column":16}},"loc":{"start":{"line":64,"column":43},"end":{"line":124,"column":5}}},"1":{"name":"(anonymous_1)","decl":{"start":{"line":157,"column":28},"end":{"line":157,"column":40}},"loc":{"start":{"line":157,"column":42},"end":{"line":159,"column":5}}},"2":{"name":"(anonymous_2)","decl":{"start":{"line":161,"column":45},"end":{"line":161,"column":46}},"loc":{"start":{"line":161,"column":76},"end":{"line":163,"column":5}}},"3":{"name":"(anonymous_3)","decl":{"start":{"line":165,"column":27},"end":{"line":165,"column":30}},"loc":{"start":{"line":165,"column":32},"end":{"line":173,"column":5}}},"4":{"name":"(anonymous_4)","decl":{"start":{"line":177,"column":31},"end":{"line":177,"column":34}},"loc":{"start":{"line":177,"column":36},"end":{"line":189,"column":5}}},"5":{"name":"(anonymous_5)","decl":{"start":{"line":191,"column":32},"end":{"line":191,"column":33}},"loc":{"start":{"line":191,"column":56},"end":{"line":202,"column":5}}},"6":{"name":"(anonymous_6)","decl":{"start":{"line":192,"column":29},"end":{"line":192,"column":32}},"loc":{"start":{"line":192,"column":34},"end":{"line":196,"column":9}}},"7":{"name":"(anonymous_7)","decl":{"start":{"line":204,"column":40},"end":{"line":204,"column":43}},"loc":{"start":{"line":204,"column":45},"end":{"line":206,"column":5}}},"8":{"name":"(anonymous_8)","decl":{"start":{"line":208,"column":33},"end":{"line":208,"column":36}},"loc":{"start":{"line":208,"column":38},"end":{"line":214,"column":5}}},"9":{"name":"(anonymous_9)","decl":{"start":{"line":216,"column":37},"end":{"line":216,"column":40}},"loc":{"start":{"line":216,"column":42},"end":{"line":220,"column":5}}},"10":{"name":"(anonymous_10)","decl":{"start":{"line":217,"column":22},"end":{"line":217,"column":23}},"loc":{"start":{"line":217,"column":38},"end":{"line":219,"column":10}}},"11":{"name":"(anonymous_11)","decl":{"start":{"line":222,"column":41},"end":{"line":222,"column":42}},"loc":{"start":{"line":222,"column":80},"end":{"line":228,"column":5}}},"12":{"name":"(anonymous_12)","decl":{"start":{"line":223,"column":22},"end":{"line":223,"column":23}},"loc":{"start":{"line":223,"column":36},"end":{"line":227,"column":9}}},"13":{"name":"(anonymous_13)","decl":{"start":{"line":230,"column":45},"end":{"line":230,"column":48}},"loc":{"start":{"line":230,"column":50},"end":{"line":235,"column":5}}},"14":{"name":"(anonymous_14)","decl":{"start":{"line":232,"column":63},"end":{"line":232,"column":66}},"loc":{"start":{"line":232,"column":68},"end":{"line":234,"column":9}}},"15":{"name":"(anonymous_15)","decl":{"start":{"line":239,"column":26},"end":{"line":239,"column":27}},"loc":{"start":{"line":239,"column":53},"end":{"line":258,"column":5}}},"16":{"name":"(anonymous_16)","decl":{"start":{"line":255,"column":19},"end":{"line":255,"column":22}},"loc":{"start":{"line":255,"column":24},"end":{"line":257,"column":9}}},"17":{"name":"(anonymous_17)","decl":{"start":{"line":260,"column":28},"end":{"line":260,"column":31}},"loc":{"start":{"line":260,"column":33},"end":{"line":262,"column":5}}},"18":{"name":"(anonymous_18)","decl":{"start":{"line":264,"column":29},"end":{"line":264,"column":30}},"loc":{"start":{"line":264,"column":60},"end":{"line":266,"column":5}}},"19":{"name":"(anonymous_19)","decl":{"start":{"line":268,"column":28},"end":{"line":268,"column":31}},"loc":{"start":{"line":268,"column":33},"end":{"line":278,"column":5}}},"20":{"name":"(anonymous_20)","decl":{"start":{"line":274,"column":41},"end":{"line":274,"column":44}},"loc":{"start":{"line":274,"column":46},"end":{"line":276,"column":13}}},"21":{"name":"(anonymous_21)","decl":{"start":{"line":280,"column":30},"end":{"line":280,"column":33}},"loc":{"start":{"line":280,"column":35},"end":{"line":339,"column":5}}},"22":{"name":"(anonymous_22)","decl":{"start":{"line":288,"column":45},"end":{"line":288,"column":46}},"loc":{"start":{"line":288,"column":55},"end":{"line":333,"column":13}}},"23":{"name":"(anonymous_23)","decl":{"start":{"line":335,"column":57},"end":{"line":335,"column":60}},"loc":{"start":{"line":335,"column":62},"end":{"line":337,"column":13}}},"24":{"name":"(anonymous_24)","decl":{"start":{"line":341,"column":27},"end":{"line":341,"column":28}},"loc":{"start":{"line":341,"column":42},"end":{"line":352,"column":5}}},"25":{"name":"(anonymous_25)","decl":{"start":{"line":348,"column":23},"end":{"line":348,"column":26}},"loc":{"start":{"line":348,"column":28},"end":{"line":350,"column":13}}},"26":{"name":"(anonymous_26)","decl":{"start":{"line":356,"column":33},"end":{"line":356,"column":34}},"loc":{"start":{"line":356,"column":95},"end":{"line":368,"column":5}}},"27":{"name":"(anonymous_27)","decl":{"start":{"line":364,"column":23},"end":{"line":364,"column":26}},"loc":{"start":{"line":364,"column":28},"end":{"line":366,"column":13}}},"28":{"name":"(anonymous_28)","decl":{"start":{"line":370,"column":32},"end":{"line":370,"column":33}},"loc":{"start":{"line":370,"column":56},"end":{"line":377,"column":5}}},"29":{"name":"(anonymous_29)","decl":{"start":{"line":371,"column":53},"end":{"line":371,"column":56}},"loc":{"start":{"line":371,"column":58},"end":{"line":376,"column":9}}},"30":{"name":"(anonymous_30)","decl":{"start":{"line":379,"column":40},"end":{"line":379,"column":null}},"loc":{"start":{"line":382,"column":8},"end":{"line":408,"column":5}}},"31":{"name":"(anonymous_31)","decl":{"start":{"line":389,"column":24},"end":{"line":389,"column":25}},"loc":{"start":{"line":389,"column":32},"end":{"line":389,"column":51}}},"32":{"name":"(anonymous_32)","decl":{"start":{"line":390,"column":21},"end":{"line":390,"column":22}},"loc":{"start":{"line":390,"column":30},"end":{"line":390,"column":47}}},"33":{"name":"(anonymous_33)","decl":{"start":{"line":394,"column":45},"end":{"line":394,"column":46}},"loc":{"start":{"line":394,"column":55},"end":{"line":402,"column":13}}},"34":{"name":"(anonymous_34)","decl":{"start":{"line":410,"column":37},"end":{"line":410,"column":null}},"loc":{"start":{"line":414,"column":8},"end":{"line":468,"column":5}}},"35":{"name":"(anonymous_35)","decl":{"start":{"line":417,"column":12},"end":{"line":417,"column":13}},"loc":{"start":{"line":417,"column":34},"end":{"line":442,"column":13}}},"36":{"name":"(anonymous_36)","decl":{"start":{"line":456,"column":12},"end":{"line":456,"column":15}},"loc":{"start":{"line":456,"column":17},"end":{"line":462,"column":13}}},"37":{"name":"(anonymous_37)","decl":{"start":{"line":465,"column":19},"end":{"line":465,"column":22}},"loc":{"start":{"line":465,"column":24},"end":{"line":467,"column":9}}},"38":{"name":"(anonymous_38)","decl":{"start":{"line":470,"column":27},"end":{"line":470,"column":30}},"loc":{"start":{"line":470,"column":32},"end":{"line":480,"column":5}}},"39":{"name":"(anonymous_39)","decl":{"start":{"line":471,"column":78},"end":{"line":471,"column":81}},"loc":{"start":{"line":471,"column":83},"end":{"line":473,"column":9}}},"40":{"name":"(anonymous_40)","decl":{"start":{"line":477,"column":19},"end":{"line":477,"column":22}},"loc":{"start":{"line":477,"column":24},"end":{"line":479,"column":9}}},"41":{"name":"(anonymous_41)","decl":{"start":{"line":484,"column":40},"end":{"line":484,"column":41}},"loc":{"start":{"line":484,"column":79},"end":{"line":510,"column":5}}},"42":{"name":"(anonymous_42)","decl":{"start":{"line":487,"column":47},"end":{"line":487,"column":48}},"loc":{"start":{"line":487,"column":55},"end":{"line":487,"column":87}}},"43":{"name":"(anonymous_43)","decl":{"start":{"line":502,"column":53},"end":{"line":502,"column":56}},"loc":{"start":{"line":502,"column":58},"end":{"line":509,"column":9}}},"44":{"name":"(anonymous_44)","decl":{"start":{"line":506,"column":23},"end":{"line":506,"column":26}},"loc":{"start":{"line":506,"column":28},"end":{"line":508,"column":13}}},"45":{"name":"(anonymous_45)","decl":{"start":{"line":512,"column":40},"end":{"line":512,"column":41}},"loc":{"start":{"line":512,"column":81},"end":{"line":514,"column":5}}},"46":{"name":"(anonymous_46)","decl":{"start":{"line":516,"column":33},"end":{"line":516,"column":36}},"loc":{"start":{"line":516,"column":38},"end":{"line":518,"column":5}}},"47":{"name":"(anonymous_47)","decl":{"start":{"line":520,"column":40},"end":{"line":520,"column":43}},"loc":{"start":{"line":520,"column":45},"end":{"line":550,"column":5}}},"48":{"name":"(anonymous_48)","decl":{"start":{"line":522,"column":57},"end":{"line":522,"column":58}},"loc":{"start":{"line":522,"column":65},"end":{"line":526,"column":9}}},"49":{"name":"(anonymous_49)","decl":{"start":{"line":529,"column":31},"end":{"line":529,"column":32}},"loc":{"start":{"line":529,"column":39},"end":{"line":533,"column":9}}},"50":{"name":"(anonymous_50)","decl":{"start":{"line":541,"column":12},"end":{"line":541,"column":15}},"loc":{"start":{"line":541,"column":17},"end":{"line":548,"column":13}}},"51":{"name":"(anonymous_51)","decl":{"start":{"line":545,"column":27},"end":{"line":545,"column":30}},"loc":{"start":{"line":545,"column":32},"end":{"line":547,"column":17}}},"52":{"name":"(anonymous_52)","decl":{"start":{"line":552,"column":38},"end":{"line":552,"column":39}},"loc":{"start":{"line":552,"column":80},"end":{"line":563,"column":5}}},"53":{"name":"(anonymous_53)","decl":{"start":{"line":560,"column":52},"end":{"line":560,"column":55}},"loc":{"start":{"line":560,"column":57},"end":{"line":562,"column":9}}},"54":{"name":"(anonymous_54)","decl":{"start":{"line":565,"column":47},"end":{"line":565,"column":48}},"loc":{"start":{"line":565,"column":77},"end":{"line":575,"column":5}}},"55":{"name":"(anonymous_55)","decl":{"start":{"line":572,"column":52},"end":{"line":572,"column":55}},"loc":{"start":{"line":572,"column":57},"end":{"line":574,"column":9}}},"56":{"name":"(anonymous_56)","decl":{"start":{"line":683,"column":28},"end":{"line":683,"column":31}},"loc":{"start":{"line":683,"column":33},"end":{"line":724,"column":5}}},"57":{"name":"(anonymous_57)","decl":{"start":{"line":711,"column":12},"end":{"line":711,"column":15}},"loc":{"start":{"line":711,"column":17},"end":{"line":713,"column":13}}},"58":{"name":"(anonymous_58)","decl":{"start":{"line":720,"column":19},"end":{"line":720,"column":22}},"loc":{"start":{"line":720,"column":24},"end":{"line":722,"column":9}}},"59":{"name":"(anonymous_59)","decl":{"start":{"line":726,"column":38},"end":{"line":726,"column":41}},"loc":{"start":{"line":726,"column":43},"end":{"line":755,"column":5}}},"60":{"name":"(anonymous_60)","decl":{"start":{"line":734,"column":24},"end":{"line":734,"column":25}},"loc":{"start":{"line":734,"column":38},"end":{"line":734,"column":47}}},"61":{"name":"(anonymous_61)","decl":{"start":{"line":735,"column":21},"end":{"line":735,"column":22}},"loc":{"start":{"line":735,"column":35},"end":{"line":735,"column":44}}},"62":{"name":"(anonymous_62)","decl":{"start":{"line":738,"column":32},"end":{"line":738,"column":33}},"loc":{"start":{"line":738,"column":45},"end":{"line":747,"column":13}}},"63":{"name":"(anonymous_63)","decl":{"start":{"line":749,"column":57},"end":{"line":749,"column":60}},"loc":{"start":{"line":749,"column":62},"end":{"line":751,"column":13}}},"64":{"name":"(anonymous_64)","decl":{"start":{"line":783,"column":25},"end":{"line":783,"column":26}},"loc":{"start":{"line":783,"column":47},"end":{"line":787,"column":5}}},"65":{"name":"(anonymous_65)","decl":{"start":{"line":784,"column":48},"end":{"line":784,"column":51}},"loc":{"start":{"line":784,"column":53},"end":{"line":786,"column":9}}},"66":{"name":"(anonymous_66)","decl":{"start":{"line":126,"column":4},"end":{"line":126,"column":21}},"loc":{"start":{"line":126,"column":21},"end":{"line":139,"column":5}}},"67":{"name":"(anonymous_67)","decl":{"start":{"line":141,"column":4},"end":{"line":141,"column":24}},"loc":{"start":{"line":141,"column":24},"end":{"line":153,"column":5}}},"68":{"name":"(anonymous_68)","decl":{"start":{"line":580,"column":12},"end":{"line":580,"column":30}},"loc":{"start":{"line":580,"column":30},"end":{"line":658,"column":5}}},"69":{"name":"(anonymous_69)","decl":{"start":{"line":605,"column":57},"end":{"line":605,"column":58}},"loc":{"start":{"line":605,"column":65},"end":{"line":612,"column":17}}},"70":{"name":"(anonymous_70)","decl":{"start":{"line":617,"column":14},"end":{"line":617,"column":15}},"loc":{"start":{"line":617,"column":36},"end":{"line":642,"column":13}}},"71":{"name":"(anonymous_71)","decl":{"start":{"line":660,"column":12},"end":{"line":660,"column":30}},"loc":{"start":{"line":660,"column":67},"end":{"line":681,"column":5}}},"72":{"name":"(anonymous_72)","decl":{"start":{"line":670,"column":71},"end":{"line":670,"column":72}},"loc":{"start":{"line":670,"column":79},"end":{"line":670,"column":87}}},"73":{"name":"(anonymous_73)","decl":{"start":{"line":759,"column":12},"end":{"line":759,"column":26}},"loc":{"start":{"line":759,"column":26},"end":{"line":781,"column":5}}},"74":{"name":"(anonymous_74)","decl":{"start":{"line":789,"column":12},"end":{"line":789,"column":29}},"loc":{"start":{"line":789,"column":29},"end":{"line":811,"column":5}}},"75":{"name":"(anonymous_75)","decl":{"start":{"line":815,"column":4},"end":{"line":815,"column":10}},"loc":{"start":{"line":815,"column":10},"end":{"line":1022,"column":5}}},"76":{"name":"(anonymous_76)","decl":{"start":{"line":853,"column":56},"end":{"line":853,"column":57}},"loc":{"start":{"line":853,"column":69},"end":{"line":859,"column":13}}},"77":{"name":"(anonymous_77)","decl":{"start":{"line":860,"column":60},"end":{"line":860,"column":61}},"loc":{"start":{"line":860,"column":73},"end":{"line":884,"column":13}}},"78":{"name":"(anonymous_78)","decl":{"start":{"line":887,"column":51},"end":{"line":887,"column":52}},"loc":{"start":{"line":887,"column":60},"end":{"line":887,"column":72}}},"79":{"name":"(anonymous_79)","decl":{"start":{"line":905,"column":16},"end":{"line":905,"column":17}},"loc":{"start":{"line":905,"column":25},"end":{"line":905,"column":43}}},"80":{"name":"(anonymous_80)","decl":{"start":{"line":980,"column":43},"end":{"line":980,"column":44}},"loc":{"start":{"line":981,"column":28},"end":{"line":981,"column":85}}}},"branchMap":{"0":{"loc":{"start":{"line":167,"column":8},"end":{"line":172,"column":9}},"type":"if","locations":[{"start":{"line":167,"column":8},"end":{"line":172,"column":9}}]},"1":{"loc":{"start":{"line":178,"column":8},"end":{"line":188,"column":9}},"type":"if","locations":[{"start":{"line":178,"column":8},"end":{"line":188,"column":9}},{"start":{"line":186,"column":15},"end":{"line":188,"column":9}}]},"2":{"loc":{"start":{"line":191,"column":33},"end":{"line":191,"column":52}},"type":"default-arg","locations":[{"start":{"line":191,"column":47},"end":{"line":191,"column":52}}]},"3":{"loc":{"start":{"line":193,"column":12},"end":{"line":195,"column":13}},"type":"if","locations":[{"start":{"line":193,"column":12},"end":{"line":195,"column":13}}]},"4":{"loc":{"start":{"line":193,"column":16},"end":{"line":193,"column":59}},"type":"binary-expr","locations":[{"start":{"line":193,"column":16},"end":{"line":193,"column":27}},{"start":{"line":193,"column":31},"end":{"line":193,"column":59}}]},"5":{"loc":{"start":{"line":197,"column":8},"end":{"line":200,"column":9}},"type":"if","locations":[{"start":{"line":197,"column":8},"end":{"line":200,"column":9}}]},"6":{"loc":{"start":{"line":209,"column":8},"end":{"line":213,"column":9}},"type":"if","locations":[{"start":{"line":209,"column":8},"end":{"line":213,"column":9}},{"start":{"line":211,"column":15},"end":{"line":213,"column":9}}]},"7":{"loc":{"start":{"line":249,"column":8},"end":{"line":251,"column":9}},"type":"if","locations":[{"start":{"line":249,"column":8},"end":{"line":251,"column":9}}]},"8":{"loc":{"start":{"line":269,"column":8},"end":{"line":271,"column":9}},"type":"if","locations":[{"start":{"line":269,"column":8},"end":{"line":271,"column":9}}]},"9":{"loc":{"start":{"line":272,"column":8},"end":{"line":277,"column":9}},"type":"if","locations":[{"start":{"line":272,"column":8},"end":{"line":277,"column":9}}]},"10":{"loc":{"start":{"line":281,"column":8},"end":{"line":283,"column":9}},"type":"if","locations":[{"start":{"line":281,"column":8},"end":{"line":283,"column":9}}]},"11":{"loc":{"start":{"line":284,"column":8},"end":{"line":338,"column":9}},"type":"if","locations":[{"start":{"line":284,"column":8},"end":{"line":338,"column":9}}]},"12":{"loc":{"start":{"line":290,"column":16},"end":{"line":292,"column":17}},"type":"if","locations":[{"start":{"line":290,"column":16},"end":{"line":292,"column":17}}]},"13":{"loc":{"start":{"line":294,"column":16},"end":{"line":323,"column":17}},"type":"if","locations":[{"start":{"line":294,"column":16},"end":{"line":323,"column":17}}]},"14":{"loc":{"start":{"line":300,"column":20},"end":{"line":317,"column":21}},"type":"switch","locations":[{"start":{"line":301,"column":24},"end":{"line":303,"column":34}},{"start":{"line":304,"column":24},"end":{"line":304,"column":43}},{"start":{"line":305,"column":24},"end":{"line":307,"column":34}},{"start":{"line":308,"column":24},"end":{"line":308,"column":40}},{"start":{"line":309,"column":24},"end":{"line":311,"column":34}},{"start":{"line":312,"column":24},"end":{"line":314,"column":34}},{"start":{"line":315,"column":24},"end":{"line":316,"column":41}}]},"15":{"loc":{"start":{"line":319,"column":20},"end":{"line":321,"column":21}},"type":"if","locations":[{"start":{"line":319,"column":20},"end":{"line":321,"column":21}}]},"16":{"loc":{"start":{"line":325,"column":16},"end":{"line":328,"column":17}},"type":"if","locations":[{"start":{"line":325,"column":16},"end":{"line":328,"column":17}}]},"17":{"loc":{"start":{"line":325,"column":20},"end":{"line":325,"column":76}},"type":"binary-expr","locations":[{"start":{"line":325,"column":20},"end":{"line":325,"column":48}},{"start":{"line":325,"column":52},"end":{"line":325,"column":76}}]},"18":{"loc":{"start":{"line":330,"column":16},"end":{"line":332,"column":17}},"type":"if","locations":[{"start":{"line":330,"column":16},"end":{"line":332,"column":17}}]},"19":{"loc":{"start":{"line":330,"column":20},"end":{"line":330,"column":97}},"type":"binary-expr","locations":[{"start":{"line":330,"column":20},"end":{"line":330,"column":47}},{"start":{"line":330,"column":51},"end":{"line":330,"column":73}},{"start":{"line":330,"column":77},"end":{"line":330,"column":97}}]},"20":{"loc":{"start":{"line":343,"column":8},"end":{"line":345,"column":9}},"type":"if","locations":[{"start":{"line":343,"column":8},"end":{"line":345,"column":9}}]},"21":{"loc":{"start":{"line":343,"column":12},"end":{"line":343,"column":38}},"type":"binary-expr","locations":[{"start":{"line":343,"column":12},"end":{"line":343,"column":23}},{"start":{"line":343,"column":27},"end":{"line":343,"column":38}}]},"22":{"loc":{"start":{"line":347,"column":8},"end":{"line":351,"column":9}},"type":"if","locations":[{"start":{"line":347,"column":8},"end":{"line":351,"column":9}}]},"23":{"loc":{"start":{"line":347,"column":12},"end":{"line":347,"column":39}},"type":"binary-expr","locations":[{"start":{"line":347,"column":12},"end":{"line":347,"column":18}},{"start":{"line":347,"column":22},"end":{"line":347,"column":39}}]},"24":{"loc":{"start":{"line":357,"column":8},"end":{"line":357,"column":34}},"type":"if","locations":[{"start":{"line":357,"column":8},"end":{"line":357,"column":34}}]},"25":{"loc":{"start":{"line":372,"column":12},"end":{"line":374,"column":13}},"type":"if","locations":[{"start":{"line":372,"column":12},"end":{"line":374,"column":13}}]},"26":{"loc":{"start":{"line":373,"column":62},"end":{"line":373,"column":79}},"type":"binary-expr","locations":[{"start":{"line":373,"column":62},"end":{"line":373,"column":73}},{"start":{"line":373,"column":77},"end":{"line":373,"column":79}}]},"27":{"loc":{"start":{"line":383,"column":8},"end":{"line":385,"column":9}},"type":"if","locations":[{"start":{"line":383,"column":8},"end":{"line":385,"column":9}}]},"28":{"loc":{"start":{"line":389,"column":33},"end":{"line":389,"column":50}},"type":"cond-expr","locations":[{"start":{"line":389,"column":46},"end":{"line":389,"column":48}},{"start":{"line":389,"column":46},"end":{"line":389,"column":50}}]},"29":{"loc":{"start":{"line":389,"column":33},"end":{"line":389,"column":48}},"type":"binary-expr","locations":[{"start":{"line":389,"column":33},"end":{"line":389,"column":48}},{"start":{"line":389,"column":46},"end":{"line":389,"column":48}}]},"30":{"loc":{"start":{"line":392,"column":16},"end":{"line":392,"column":83}},"type":"cond-expr","locations":[{"start":{"line":392,"column":56},"end":{"line":392,"column":67}},{"start":{"line":392,"column":70},"end":{"line":392,"column":83}}]},"31":{"loc":{"start":{"line":392,"column":16},"end":{"line":392,"column":53}},"type":"binary-expr","locations":[{"start":{"line":392,"column":16},"end":{"line":392,"column":27}},{"start":{"line":392,"column":31},"end":{"line":392,"column":53}}]},"32":{"loc":{"start":{"line":395,"column":36},"end":{"line":395,"column":57}},"type":"cond-expr","locations":[{"start":{"line":395,"column":48},"end":{"line":395,"column":51}},{"start":{"line":395,"column":36},"end":{"line":395,"column":57}}]},"33":{"loc":{"start":{"line":395,"column":36},"end":{"line":395,"column":51}},"type":"binary-expr","locations":[{"start":{"line":395,"column":36},"end":{"line":395,"column":51}},{"start":{"line":395,"column":36},"end":{"line":395,"column":51}}]},"34":{"loc":{"start":{"line":397,"column":20},"end":{"line":397,"column":90}},"type":"cond-expr","locations":[{"start":{"line":397,"column":72},"end":{"line":397,"column":83}},{"start":{"line":397,"column":86},"end":{"line":397,"column":90}}]},"35":{"loc":{"start":{"line":397,"column":20},"end":{"line":397,"column":69}},"type":"binary-expr","locations":[{"start":{"line":397,"column":20},"end":{"line":397,"column":42}},{"start":{"line":397,"column":46},"end":{"line":397,"column":69}}]},"36":{"loc":{"start":{"line":415,"column":26},"end":{"line":415,"column":75}},"type":"cond-expr","locations":[{"start":{"line":415,"column":48},"end":{"line":415,"column":52}},{"start":{"line":415,"column":55},"end":{"line":415,"column":75}}]},"37":{"loc":{"start":{"line":416,"column":48},"end":{"line":416,"column":61}},"type":"binary-expr","locations":[{"start":{"line":416,"column":48},"end":{"line":416,"column":55}},{"start":{"line":416,"column":59},"end":{"line":416,"column":61}}]},"38":{"loc":{"start":{"line":418,"column":16},"end":{"line":424,"column":17}},"type":"if","locations":[{"start":{"line":418,"column":16},"end":{"line":424,"column":17}}]},"39":{"loc":{"start":{"line":420,"column":20},"end":{"line":422,"column":21}},"type":"if","locations":[{"start":{"line":420,"column":20},"end":{"line":422,"column":21}}]},"40":{"loc":{"start":{"line":426,"column":16},"end":{"line":431,"column":17}},"type":"if","locations":[{"start":{"line":426,"column":16},"end":{"line":431,"column":17}}]},"41":{"loc":{"start":{"line":427,"column":20},"end":{"line":429,"column":21}},"type":"if","locations":[{"start":{"line":427,"column":20},"end":{"line":429,"column":21}}]},"42":{"loc":{"start":{"line":433,"column":16},"end":{"line":436,"column":17}},"type":"if","locations":[{"start":{"line":433,"column":16},"end":{"line":436,"column":17}}]},"43":{"loc":{"start":{"line":433,"column":20},"end":{"line":433,"column":78}},"type":"binary-expr","locations":[{"start":{"line":433,"column":20},"end":{"line":433,"column":45}},{"start":{"line":433,"column":49},"end":{"line":433,"column":78}}]},"44":{"loc":{"start":{"line":438,"column":16},"end":{"line":440,"column":17}},"type":"if","locations":[{"start":{"line":438,"column":16},"end":{"line":440,"column":17}}]},"45":{"loc":{"start":{"line":438,"column":20},"end":{"line":438,"column":73}},"type":"binary-expr","locations":[{"start":{"line":438,"column":20},"end":{"line":438,"column":39}},{"start":{"line":438,"column":43},"end":{"line":438,"column":57}},{"start":{"line":438,"column":61},"end":{"line":438,"column":73}}]},"46":{"loc":{"start":{"line":487,"column":56},"end":{"line":487,"column":73}},"type":"cond-expr","locations":[{"start":{"line":487,"column":69},"end":{"line":487,"column":71}},{"start":{"line":487,"column":69},"end":{"line":487,"column":73}}]},"47":{"loc":{"start":{"line":487,"column":56},"end":{"line":487,"column":71}},"type":"binary-expr","locations":[{"start":{"line":487,"column":56},"end":{"line":487,"column":71}},{"start":{"line":487,"column":69},"end":{"line":487,"column":71}}]},"48":{"loc":{"start":{"line":488,"column":8},"end":{"line":488,"column":28}},"type":"if","locations":[{"start":{"line":488,"column":8},"end":{"line":488,"column":28}}]},"49":{"loc":{"start":{"line":495,"column":8},"end":{"line":500,"column":9}},"type":"if","locations":[{"start":{"line":495,"column":8},"end":{"line":500,"column":9}},{"start":{"line":497,"column":15},"end":{"line":500,"column":9}}]},"50":{"loc":{"start":{"line":525,"column":19},"end":{"line":525,"column":73}},"type":"binary-expr","locations":[{"start":{"line":525,"column":19},"end":{"line":525,"column":47}},{"start":{"line":525,"column":51},"end":{"line":525,"column":73}}]},"51":{"loc":{"start":{"line":530,"column":12},"end":{"line":532,"column":13}},"type":"if","locations":[{"start":{"line":530,"column":12},"end":{"line":532,"column":13}}]},"52":{"loc":{"start":{"line":530,"column":16},"end":{"line":530,"column":33}},"type":"cond-expr","locations":[{"start":{"line":530,"column":29},"end":{"line":530,"column":31}},{"start":{"line":530,"column":29},"end":{"line":530,"column":33}}]},"53":{"loc":{"start":{"line":530,"column":16},"end":{"line":530,"column":31}},"type":"binary-expr","locations":[{"start":{"line":530,"column":16},"end":{"line":530,"column":31}},{"start":{"line":530,"column":29},"end":{"line":530,"column":31}}]},"54":{"loc":{"start":{"line":554,"column":33},"end":{"line":554,"column":71}},"type":"cond-expr","locations":[{"start":{"line":554,"column":62},"end":{"line":554,"column":66}},{"start":{"line":554,"column":66},"end":{"line":554,"column":71}}]},"55":{"loc":{"start":{"line":554,"column":33},"end":{"line":554,"column":66}},"type":"binary-expr","locations":[{"start":{"line":554,"column":33},"end":{"line":554,"column":66}},{"start":{"line":554,"column":62},"end":{"line":554,"column":66}}]},"56":{"loc":{"start":{"line":554,"column":33},"end":{"line":554,"column":62}},"type":"cond-expr","locations":[{"start":{"line":554,"column":56},"end":{"line":554,"column":58}},{"start":{"line":554,"column":56},"end":{"line":554,"column":62}}]},"57":{"loc":{"start":{"line":554,"column":33},"end":{"line":554,"column":58}},"type":"binary-expr","locations":[{"start":{"line":554,"column":33},"end":{"line":554,"column":58}},{"start":{"line":554,"column":56},"end":{"line":554,"column":58}}]},"58":{"loc":{"start":{"line":555,"column":30},"end":{"line":557,"column":16}},"type":"cond-expr","locations":[{"start":{"line":556,"column":14},"end":{"line":556,"column":68}},{"start":{"line":557,"column":14},"end":{"line":557,"column":16}}]},"59":{"loc":{"start":{"line":556,"column":40},"end":{"line":556,"column":65}},"type":"binary-expr","locations":[{"start":{"line":556,"column":40},"end":{"line":556,"column":56}},{"start":{"line":556,"column":60},"end":{"line":556,"column":65}}]},"60":{"loc":{"start":{"line":567,"column":8},"end":{"line":569,"column":9}},"type":"if","locations":[{"start":{"line":567,"column":8},"end":{"line":569,"column":9}}]},"61":{"loc":{"start":{"line":567,"column":12},"end":{"line":567,"column":58}},"type":"binary-expr","locations":[{"start":{"line":567,"column":12},"end":{"line":567,"column":24}},{"start":{"line":567,"column":28},"end":{"line":567,"column":58}}]},"62":{"loc":{"start":{"line":684,"column":8},"end":{"line":686,"column":9}},"type":"if","locations":[{"start":{"line":684,"column":8},"end":{"line":686,"column":9}}]},"63":{"loc":{"start":{"line":684,"column":12},"end":{"line":684,"column":64}},"type":"binary-expr","locations":[{"start":{"line":684,"column":12},"end":{"line":684,"column":31}},{"start":{"line":684,"column":35},"end":{"line":684,"column":64}}]},"64":{"loc":{"start":{"line":727,"column":8},"end":{"line":729,"column":9}},"type":"if","locations":[{"start":{"line":727,"column":8},"end":{"line":729,"column":9}}]},"65":{"loc":{"start":{"line":727,"column":12},"end":{"line":727,"column":48}},"type":"binary-expr","locations":[{"start":{"line":727,"column":12},"end":{"line":727,"column":25}},{"start":{"line":727,"column":29},"end":{"line":727,"column":48}}]},"66":{"loc":{"start":{"line":739,"column":16},"end":{"line":741,"column":17}},"type":"if","locations":[{"start":{"line":739,"column":16},"end":{"line":741,"column":17}}]},"67":{"loc":{"start":{"line":742,"column":16},"end":{"line":746,"column":17}},"type":"if","locations":[{"start":{"line":742,"column":16},"end":{"line":746,"column":17}},{"start":{"line":744,"column":23},"end":{"line":746,"column":17}}]},"68":{"loc":{"start":{"line":742,"column":20},"end":{"line":742,"column":67}},"type":"binary-expr","locations":[{"start":{"line":742,"column":20},"end":{"line":742,"column":41}},{"start":{"line":742,"column":45},"end":{"line":742,"column":67}}]},"69":{"loc":{"start":{"line":67,"column":8},"end":{"line":69,"column":9}},"type":"if","locations":[{"start":{"line":67,"column":8},"end":{"line":69,"column":9}}]},"70":{"loc":{"start":{"line":71,"column":8},"end":{"line":77,"column":9}},"type":"if","locations":[{"start":{"line":71,"column":8},"end":{"line":77,"column":9}}]},"71":{"loc":{"start":{"line":72,"column":12},"end":{"line":74,"column":45}},"type":"binary-expr","locations":[{"start":{"line":72,"column":12},"end":{"line":72,"column":34}},{"start":{"line":73,"column":12},"end":{"line":73,"column":49}},{"start":{"line":74,"column":12},"end":{"line":74,"column":45}}]},"72":{"loc":{"start":{"line":79,"column":36},"end":{"line":79,"column":59}},"type":"binary-expr","locations":[{"start":{"line":79,"column":36},"end":{"line":79,"column":46}},{"start":{"line":79,"column":50},"end":{"line":79,"column":59}}]},"73":{"loc":{"start":{"line":82,"column":26},"end":{"line":82,"column":79}},"type":"cond-expr","locations":[{"start":{"line":82,"column":47},"end":{"line":82,"column":72}},{"start":{"line":82,"column":75},"end":{"line":82,"column":79}}]},"74":{"loc":{"start":{"line":83,"column":28},"end":{"line":83,"column":72}},"type":"cond-expr","locations":[{"start":{"line":83,"column":47},"end":{"line":83,"column":51}},{"start":{"line":83,"column":51},"end":{"line":83,"column":72}}]},"75":{"loc":{"start":{"line":83,"column":28},"end":{"line":83,"column":51}},"type":"binary-expr","locations":[{"start":{"line":83,"column":28},"end":{"line":83,"column":51}},{"start":{"line":83,"column":47},"end":{"line":83,"column":51}}]},"76":{"loc":{"start":{"line":83,"column":28},"end":{"line":83,"column":47}},"type":"cond-expr","locations":[{"start":{"line":83,"column":37},"end":{"line":83,"column":39}},{"start":{"line":83,"column":28},"end":{"line":83,"column":47}}]},"77":{"loc":{"start":{"line":83,"column":28},"end":{"line":83,"column":39}},"type":"binary-expr","locations":[{"start":{"line":83,"column":28},"end":{"line":83,"column":39}},{"start":{"line":83,"column":28},"end":{"line":83,"column":39}}]},"78":{"loc":{"start":{"line":84,"column":31},"end":{"line":84,"column":61}},"type":"cond-expr","locations":[{"start":{"line":84,"column":55},"end":{"line":84,"column":59}},{"start":{"line":84,"column":59},"end":{"line":84,"column":61}}]},"79":{"loc":{"start":{"line":84,"column":31},"end":{"line":84,"column":59}},"type":"binary-expr","locations":[{"start":{"line":84,"column":31},"end":{"line":84,"column":59}},{"start":{"line":84,"column":55},"end":{"line":84,"column":59}}]},"80":{"loc":{"start":{"line":84,"column":31},"end":{"line":84,"column":55}},"type":"cond-expr","locations":[{"start":{"line":84,"column":40},"end":{"line":84,"column":42}},{"start":{"line":84,"column":31},"end":{"line":84,"column":55}}]},"81":{"loc":{"start":{"line":84,"column":31},"end":{"line":84,"column":42}},"type":"binary-expr","locations":[{"start":{"line":84,"column":31},"end":{"line":84,"column":42}},{"start":{"line":84,"column":31},"end":{"line":84,"column":42}}]},"82":{"loc":{"start":{"line":85,"column":30},"end":{"line":85,"column":59}},"type":"cond-expr","locations":[{"start":{"line":85,"column":53},"end":{"line":85,"column":57}},{"start":{"line":85,"column":57},"end":{"line":85,"column":59}}]},"83":{"loc":{"start":{"line":85,"column":30},"end":{"line":85,"column":57}},"type":"binary-expr","locations":[{"start":{"line":85,"column":30},"end":{"line":85,"column":57}},{"start":{"line":85,"column":53},"end":{"line":85,"column":57}}]},"84":{"loc":{"start":{"line":85,"column":30},"end":{"line":85,"column":53}},"type":"cond-expr","locations":[{"start":{"line":85,"column":39},"end":{"line":85,"column":41}},{"start":{"line":85,"column":30},"end":{"line":85,"column":53}}]},"85":{"loc":{"start":{"line":85,"column":30},"end":{"line":85,"column":41}},"type":"binary-expr","locations":[{"start":{"line":85,"column":30},"end":{"line":85,"column":41}},{"start":{"line":85,"column":30},"end":{"line":85,"column":41}}]},"86":{"loc":{"start":{"line":87,"column":28},"end":{"line":87,"column":96}},"type":"cond-expr","locations":[{"start":{"line":87,"column":40},"end":{"line":87,"column":59}},{"start":{"line":87,"column":62},"end":{"line":87,"column":96}}]},"87":{"loc":{"start":{"line":89,"column":12},"end":{"line":89,"column":84}},"type":"cond-expr","locations":[{"start":{"line":89,"column":39},"end":{"line":89,"column":43}},{"start":{"line":89,"column":43},"end":{"line":89,"column":84}}]},"88":{"loc":{"start":{"line":89,"column":12},"end":{"line":89,"column":43}},"type":"binary-expr","locations":[{"start":{"line":89,"column":12},"end":{"line":89,"column":43}},{"start":{"line":89,"column":39},"end":{"line":89,"column":43}}]},"89":{"loc":{"start":{"line":89,"column":12},"end":{"line":89,"column":39}},"type":"cond-expr","locations":[{"start":{"line":89,"column":21},"end":{"line":89,"column":23}},{"start":{"line":89,"column":12},"end":{"line":89,"column":39}}]},"90":{"loc":{"start":{"line":89,"column":12},"end":{"line":89,"column":23}},"type":"binary-expr","locations":[{"start":{"line":89,"column":12},"end":{"line":89,"column":23}},{"start":{"line":89,"column":12},"end":{"line":89,"column":23}}]},"91":{"loc":{"start":{"line":90,"column":35},"end":{"line":90,"column":97}},"type":"cond-expr","locations":[{"start":{"line":90,"column":57},"end":{"line":90,"column":61}},{"start":{"line":90,"column":61},"end":{"line":90,"column":97}}]},"92":{"loc":{"start":{"line":90,"column":35},"end":{"line":90,"column":61}},"type":"binary-expr","locations":[{"start":{"line":90,"column":35},"end":{"line":90,"column":61}},{"start":{"line":90,"column":57},"end":{"line":90,"column":61}}]},"93":{"loc":{"start":{"line":90,"column":35},"end":{"line":90,"column":57}},"type":"cond-expr","locations":[{"start":{"line":90,"column":44},"end":{"line":90,"column":46}},{"start":{"line":90,"column":35},"end":{"line":90,"column":57}}]},"94":{"loc":{"start":{"line":90,"column":35},"end":{"line":90,"column":46}},"type":"binary-expr","locations":[{"start":{"line":90,"column":35},"end":{"line":90,"column":46}},{"start":{"line":90,"column":35},"end":{"line":90,"column":46}}]},"95":{"loc":{"start":{"line":92,"column":12},"end":{"line":92,"column":76}},"type":"cond-expr","locations":[{"start":{"line":92,"column":35},"end":{"line":92,"column":39}},{"start":{"line":92,"column":39},"end":{"line":92,"column":76}}]},"96":{"loc":{"start":{"line":92,"column":12},"end":{"line":92,"column":39}},"type":"binary-expr","locations":[{"start":{"line":92,"column":12},"end":{"line":92,"column":39}},{"start":{"line":92,"column":35},"end":{"line":92,"column":39}}]},"97":{"loc":{"start":{"line":92,"column":12},"end":{"line":92,"column":35}},"type":"cond-expr","locations":[{"start":{"line":92,"column":21},"end":{"line":92,"column":23}},{"start":{"line":92,"column":12},"end":{"line":92,"column":35}}]},"98":{"loc":{"start":{"line":92,"column":12},"end":{"line":92,"column":23}},"type":"binary-expr","locations":[{"start":{"line":92,"column":12},"end":{"line":92,"column":23}},{"start":{"line":92,"column":12},"end":{"line":92,"column":23}}]},"99":{"loc":{"start":{"line":95,"column":12},"end":{"line":97,"column":23}},"type":"cond-expr","locations":[{"start":{"line":96,"column":18},"end":{"line":96,"column":75}},{"start":{"line":97,"column":18},"end":{"line":97,"column":23}}]},"100":{"loc":{"start":{"line":95,"column":12},"end":{"line":95,"column":62}},"type":"binary-expr","locations":[{"start":{"line":95,"column":12},"end":{"line":95,"column":41}},{"start":{"line":95,"column":45},"end":{"line":95,"column":62}}]},"101":{"loc":{"start":{"line":113,"column":30},"end":{"line":123,"column":18}},"type":"cond-expr","locations":[{"start":{"line":114,"column":14},"end":{"line":122,"column":null}},{"start":{"line":123,"column":14},"end":{"line":123,"column":18}}]},"102":{"loc":{"start":{"line":128,"column":8},"end":{"line":138,"column":9}},"type":"if","locations":[{"start":{"line":128,"column":8},"end":{"line":138,"column":9}}]},"103":{"loc":{"start":{"line":128,"column":12},"end":{"line":128,"column":62}},"type":"binary-expr","locations":[{"start":{"line":128,"column":12},"end":{"line":128,"column":41}},{"start":{"line":128,"column":45},"end":{"line":128,"column":62}}]},"104":{"loc":{"start":{"line":130,"column":12},"end":{"line":137,"column":13}},"type":"if","locations":[{"start":{"line":130,"column":12},"end":{"line":137,"column":13}},{"start":{"line":135,"column":19},"end":{"line":137,"column":13}}]},"105":{"loc":{"start":{"line":135,"column":19},"end":{"line":137,"column":13}},"type":"if","locations":[{"start":{"line":135,"column":19},"end":{"line":137,"column":13}}]},"106":{"loc":{"start":{"line":143,"column":8},"end":{"line":152,"column":9}},"type":"if","locations":[{"start":{"line":143,"column":8},"end":{"line":152,"column":9}}]},"107":{"loc":{"start":{"line":144,"column":12},"end":{"line":151,"column":13}},"type":"if","locations":[{"start":{"line":144,"column":12},"end":{"line":151,"column":13}},{"start":{"line":149,"column":19},"end":{"line":151,"column":13}}]},"108":{"loc":{"start":{"line":149,"column":19},"end":{"line":151,"column":13}},"type":"if","locations":[{"start":{"line":149,"column":19},"end":{"line":151,"column":13}}]},"109":{"loc":{"start":{"line":581,"column":8},"end":{"line":583,"column":9}},"type":"if","locations":[{"start":{"line":581,"column":8},"end":{"line":583,"column":9}}]},"110":{"loc":{"start":{"line":581,"column":12},"end":{"line":581,"column":64}},"type":"binary-expr","locations":[{"start":{"line":581,"column":12},"end":{"line":581,"column":31}},{"start":{"line":581,"column":35},"end":{"line":581,"column":64}}]},"111":{"loc":{"start":{"line":586,"column":12},"end":{"line":586,"column":34}},"type":"if","locations":[{"start":{"line":586,"column":12},"end":{"line":586,"column":34}}]},"112":{"loc":{"start":{"line":588,"column":12},"end":{"line":588,"column":67}},"type":"if","locations":[{"start":{"line":588,"column":12},"end":{"line":588,"column":67}}]},"113":{"loc":{"start":{"line":588,"column":16},"end":{"line":588,"column":53}},"type":"binary-expr","locations":[{"start":{"line":588,"column":16},"end":{"line":588,"column":23}},{"start":{"line":588,"column":27},"end":{"line":588,"column":53}}]},"114":{"loc":{"start":{"line":593,"column":39},"end":{"line":593,"column":86}},"type":"binary-expr","locations":[{"start":{"line":593,"column":39},"end":{"line":593,"column":57}},{"start":{"line":593,"column":61},"end":{"line":593,"column":86}}]},"115":{"loc":{"start":{"line":594,"column":39},"end":{"line":594,"column":86}},"type":"binary-expr","locations":[{"start":{"line":594,"column":39},"end":{"line":594,"column":57}},{"start":{"line":594,"column":61},"end":{"line":594,"column":86}}]},"116":{"loc":{"start":{"line":597,"column":12},"end":{"line":601,"column":35}},"type":"if","locations":[{"start":{"line":597,"column":12},"end":{"line":601,"column":35}},{"start":{"line":598,"column":17},"end":{"line":601,"column":35}}]},"117":{"loc":{"start":{"line":598,"column":17},"end":{"line":601,"column":35}},"type":"if","locations":[{"start":{"line":598,"column":17},"end":{"line":601,"column":35}},{"start":{"line":599,"column":17},"end":{"line":601,"column":35}}]},"118":{"loc":{"start":{"line":598,"column":21},"end":{"line":598,"column":67}},"type":"binary-expr","locations":[{"start":{"line":598,"column":21},"end":{"line":598,"column":48}},{"start":{"line":598,"column":52},"end":{"line":598,"column":67}}]},"119":{"loc":{"start":{"line":599,"column":17},"end":{"line":601,"column":35}},"type":"if","locations":[{"start":{"line":599,"column":17},"end":{"line":601,"column":35}},{"start":{"line":600,"column":17},"end":{"line":601,"column":35}}]},"120":{"loc":{"start":{"line":599,"column":21},"end":{"line":599,"column":66}},"type":"binary-expr","locations":[{"start":{"line":599,"column":21},"end":{"line":599,"column":47}},{"start":{"line":599,"column":51},"end":{"line":599,"column":66}}]},"121":{"loc":{"start":{"line":600,"column":17},"end":{"line":601,"column":35}},"type":"if","locations":[{"start":{"line":600,"column":17},"end":{"line":601,"column":35}},{"start":{"line":601,"column":17},"end":{"line":601,"column":35}}]},"122":{"loc":{"start":{"line":600,"column":21},"end":{"line":600,"column":68}},"type":"binary-expr","locations":[{"start":{"line":600,"column":21},"end":{"line":600,"column":49}},{"start":{"line":600,"column":53},"end":{"line":600,"column":68}}]},"123":{"loc":{"start":{"line":604,"column":12},"end":{"line":613,"column":13}},"type":"if","locations":[{"start":{"line":604,"column":12},"end":{"line":613,"column":13}}]},"124":{"loc":{"start":{"line":604,"column":16},"end":{"line":604,"column":78}},"type":"binary-expr","locations":[{"start":{"line":604,"column":16},"end":{"line":604,"column":35}},{"start":{"line":604,"column":39},"end":{"line":604,"column":78}}]},"125":{"loc":{"start":{"line":607,"column":20},"end":{"line":611,"column":21}},"type":"if","locations":[{"start":{"line":607,"column":20},"end":{"line":611,"column":21}},{"start":{"line":609,"column":27},"end":{"line":611,"column":21}}]},"126":{"loc":{"start":{"line":607,"column":24},"end":{"line":607,"column":61}},"type":"binary-expr","locations":[{"start":{"line":607,"column":24},"end":{"line":607,"column":40}},{"start":{"line":607,"column":44},"end":{"line":607,"column":61}}]},"127":{"loc":{"start":{"line":615,"column":58},"end":{"line":615,"column":84}},"type":"binary-expr","locations":[{"start":{"line":615,"column":58},"end":{"line":615,"column":78}},{"start":{"line":615,"column":82},"end":{"line":615,"column":84}}]},"128":{"loc":{"start":{"line":618,"column":16},"end":{"line":624,"column":17}},"type":"if","locations":[{"start":{"line":618,"column":16},"end":{"line":624,"column":17}}]},"129":{"loc":{"start":{"line":620,"column":20},"end":{"line":622,"column":21}},"type":"if","locations":[{"start":{"line":620,"column":20},"end":{"line":622,"column":21}}]},"130":{"loc":{"start":{"line":626,"column":16},"end":{"line":631,"column":17}},"type":"if","locations":[{"start":{"line":626,"column":16},"end":{"line":631,"column":17}}]},"131":{"loc":{"start":{"line":627,"column":20},"end":{"line":629,"column":21}},"type":"if","locations":[{"start":{"line":627,"column":20},"end":{"line":629,"column":21}}]},"132":{"loc":{"start":{"line":633,"column":16},"end":{"line":636,"column":17}},"type":"if","locations":[{"start":{"line":633,"column":16},"end":{"line":636,"column":17}}]},"133":{"loc":{"start":{"line":633,"column":20},"end":{"line":633,"column":78}},"type":"binary-expr","locations":[{"start":{"line":633,"column":20},"end":{"line":633,"column":45}},{"start":{"line":633,"column":49},"end":{"line":633,"column":78}}]},"134":{"loc":{"start":{"line":638,"column":16},"end":{"line":640,"column":17}},"type":"if","locations":[{"start":{"line":638,"column":16},"end":{"line":640,"column":17}}]},"135":{"loc":{"start":{"line":638,"column":20},"end":{"line":638,"column":73}},"type":"binary-expr","locations":[{"start":{"line":638,"column":20},"end":{"line":638,"column":39}},{"start":{"line":638,"column":43},"end":{"line":638,"column":57}},{"start":{"line":638,"column":61},"end":{"line":638,"column":73}}]},"136":{"loc":{"start":{"line":647,"column":30},"end":{"line":647,"column":55}},"type":"binary-expr","locations":[{"start":{"line":647,"column":30},"end":{"line":647,"column":49}},{"start":{"line":647,"column":53},"end":{"line":647,"column":55}}]},"137":{"loc":{"start":{"line":648,"column":27},"end":{"line":648,"column":49}},"type":"binary-expr","locations":[{"start":{"line":648,"column":27},"end":{"line":648,"column":43}},{"start":{"line":648,"column":47},"end":{"line":648,"column":49}}]},"138":{"loc":{"start":{"line":650,"column":20},"end":{"line":650,"column":93}},"type":"binary-expr","locations":[{"start":{"line":650,"column":20},"end":{"line":650,"column":43}},{"start":{"line":650,"column":47},"end":{"line":650,"column":93}}]},"139":{"loc":{"start":{"line":651,"column":29},"end":{"line":651,"column":92}},"type":"binary-expr","locations":[{"start":{"line":651,"column":29},"end":{"line":651,"column":47}},{"start":{"line":651,"column":51},"end":{"line":651,"column":92}}]},"140":{"loc":{"start":{"line":661,"column":8},"end":{"line":663,"column":9}},"type":"if","locations":[{"start":{"line":661,"column":8},"end":{"line":663,"column":9}}]},"141":{"loc":{"start":{"line":661,"column":12},"end":{"line":661,"column":64}},"type":"binary-expr","locations":[{"start":{"line":661,"column":12},"end":{"line":661,"column":31}},{"start":{"line":661,"column":35},"end":{"line":661,"column":64}}]},"142":{"loc":{"start":{"line":667,"column":22},"end":{"line":667,"column":64}},"type":"cond-expr","locations":[{"start":{"line":667,"column":38},"end":{"line":667,"column":42}},{"start":{"line":667,"column":42},"end":{"line":667,"column":64}}]},"143":{"loc":{"start":{"line":667,"column":22},"end":{"line":667,"column":42}},"type":"binary-expr","locations":[{"start":{"line":667,"column":22},"end":{"line":667,"column":42}},{"start":{"line":667,"column":38},"end":{"line":667,"column":42}}]},"144":{"loc":{"start":{"line":668,"column":33},"end":{"line":668,"column":82}},"type":"cond-expr","locations":[{"start":{"line":668,"column":54},"end":{"line":668,"column":58}},{"start":{"line":668,"column":58},"end":{"line":668,"column":82}}]},"145":{"loc":{"start":{"line":668,"column":33},"end":{"line":668,"column":58}},"type":"binary-expr","locations":[{"start":{"line":668,"column":33},"end":{"line":668,"column":58}},{"start":{"line":668,"column":54},"end":{"line":668,"column":58}}]},"146":{"loc":{"start":{"line":669,"column":26},"end":{"line":669,"column":73}},"type":"cond-expr","locations":[{"start":{"line":669,"column":46},"end":{"line":669,"column":50}},{"start":{"line":669,"column":50},"end":{"line":669,"column":73}}]},"147":{"loc":{"start":{"line":669,"column":26},"end":{"line":669,"column":50}},"type":"binary-expr","locations":[{"start":{"line":669,"column":26},"end":{"line":669,"column":50}},{"start":{"line":669,"column":46},"end":{"line":669,"column":50}}]},"148":{"loc":{"start":{"line":670,"column":24},"end":{"line":670,"column":65}},"type":"cond-expr","locations":[{"start":{"line":670,"column":41},"end":{"line":670,"column":45}},{"start":{"line":670,"column":45},"end":{"line":670,"column":65}}]},"149":{"loc":{"start":{"line":670,"column":24},"end":{"line":670,"column":45}},"type":"binary-expr","locations":[{"start":{"line":670,"column":24},"end":{"line":670,"column":45}},{"start":{"line":670,"column":41},"end":{"line":670,"column":45}}]},"150":{"loc":{"start":{"line":671,"column":36},"end":{"line":671,"column":91}},"type":"cond-expr","locations":[{"start":{"line":671,"column":60},"end":{"line":671,"column":64}},{"start":{"line":671,"column":64},"end":{"line":671,"column":91}}]},"151":{"loc":{"start":{"line":671,"column":36},"end":{"line":671,"column":64}},"type":"binary-expr","locations":[{"start":{"line":671,"column":36},"end":{"line":671,"column":64}},{"start":{"line":671,"column":60},"end":{"line":671,"column":64}}]},"152":{"loc":{"start":{"line":672,"column":30},"end":{"line":672,"column":75}},"type":"cond-expr","locations":[{"start":{"line":672,"column":49},"end":{"line":672,"column":53}},{"start":{"line":672,"column":53},"end":{"line":672,"column":75}}]},"153":{"loc":{"start":{"line":672,"column":30},"end":{"line":672,"column":53}},"type":"binary-expr","locations":[{"start":{"line":672,"column":30},"end":{"line":672,"column":53}},{"start":{"line":672,"column":49},"end":{"line":672,"column":53}}]},"154":{"loc":{"start":{"line":673,"column":32},"end":{"line":673,"column":79}},"type":"cond-expr","locations":[{"start":{"line":673,"column":52},"end":{"line":673,"column":56}},{"start":{"line":673,"column":56},"end":{"line":673,"column":79}}]},"155":{"loc":{"start":{"line":673,"column":32},"end":{"line":673,"column":56}},"type":"bin
[...]
pe":"binary-expr","locations":[{"start":{"line":69,"column":26},"end":{"line":69,"column":31}},{"start":{"line":69,"column":35},"end":{"line":69,"column":37}}]},"18":{"loc":{"start":{"line":79,"column":40},"end":{"line":79,"column":55}},"type":"cond-expr","locations":[{"start":{"line":79,"column":51},"end":{"line":79,"column":53}},{"start":{"line":79,"column":51},"end":{"line":79,"column":55}}]},"19":{"loc":{"start":{"line":79,"column":40},"end":{"line":79,"column":53}},"type":"binary-expr","locations":[{"start":{"line":79,"column":40},"end":{"line":79,"column":53}},{"start":{"line":79,"column":51},"end":{"line":79,"column":53}}]},"20":{"loc":{"start":{"line":80,"column":8},"end":{"line":80,"column":49}},"type":"if","locations":[{"start":{"line":80,"column":8},"end":{"line":80,"column":49}}]},"21":{"loc":{"start":{"line":80,"column":12},"end":{"line":80,"column":34}},"type":"binary-expr","locations":[{"start":{"line":80,"column":12},"end":{"line":80,"column":16}},{"start":{"line":80,"column":20},"end":{"line":80,"column":34}}]},"22":{"loc":{"start":{"line":82,"column":15},"end":{"line":82,"column":86}},"type":"cond-expr","locations":[{"start":{"line":82,"column":56},"end":{"line":82,"column":81}},{"start":{"line":82,"column":84},"end":{"line":82,"column":86}}]},"23":{"loc":{"start":{"line":82,"column":63},"end":{"line":82,"column":80}},"type":"cond-expr","locations":[{"start":{"line":82,"column":74},"end":{"line":82,"column":78}},{"start":{"line":82,"column":78},"end":{"line":82,"column":80}}]},"24":{"loc":{"start":{"line":82,"column":63},"end":{"line":82,"column":78}},"type":"binary-expr","locations":[{"start":{"line":82,"column":63},"end":{"line":82,"column":78}},{"start":{"line":82,"column":74},"end":{"line":82,"column":78}}]},"25":{"loc":{"start":{"line":91,"column":4},"end":{"line":93,"column":5}},"type":"if","locations":[{"start":{"line":91,"column":4},"end":{"line":93,"column":5}}]},"26":{"loc":{"start":{"line":91,"column":8},"end":{"line":91,"column":49}},"type":"binary-expr","locations":[{"start":{"line":91,"column":8},"end":{"line":91,"column":21}},{"start":{"line":91,"column":25},"end":{"line":91,"column":49}}]},"27":{"loc":{"start":{"line":96,"column":22},"end":{"line":96,"column":45}},"type":"binary-expr","locations":[{"start":{"line":96,"column":22},"end":{"line":96,"column":35}},{"start":{"line":96,"column":39},"end":{"line":96,"column":45}}]},"28":{"loc":{"start":{"line":97,"column":26},"end":{"line":97,"column":57}},"type":"binary-expr","locations":[{"start":{"line":97,"column":26},"end":{"line":97,"column":45}},{"start":{"line":97,"column":49},"end":{"line":97,"column":57}}]},"29":{"loc":{"start":{"line":97,"column":26},"end":{"line":97,"column":45}},"type":"cond-expr","locations":[{"start":{"line":97,"column":39},"end":{"line":97,"column":41}},{"start":{"line":97,"column":39},"end":{"line":97,"column":45}}]},"30":{"loc":{"start":{"line":97,"column":26},"end":{"line":97,"column":41}},"type":"binary-expr","locations":[{"start":{"line":97,"column":26},"end":{"line":97,"column":41}},{"start":{"line":97,"column":39},"end":{"line":97,"column":41}}]},"31":{"loc":{"start":{"line":100,"column":4},"end":{"line":102,"column":5}},"type":"if","locations":[{"start":{"line":100,"column":4},"end":{"line":102,"column":5}}]},"32":{"loc":{"start":{"line":105,"column":4},"end":{"line":120,"column":5}},"type":"if","locations":[{"start":{"line":105,"column":4},"end":{"line":120,"column":5}}]},"33":{"loc":{"start":{"line":106,"column":8},"end":{"line":117,"column":28}},"type":"binary-expr","locations":[{"start":{"line":106,"column":8},"end":{"line":106,"column":35}},{"start":{"line":107,"column":8},"end":{"line":107,"column":32}},{"start":{"line":108,"column":8},"end":{"line":108,"column":35}},{"start":{"line":109,"column":8},"end":{"line":109,"column":36}},{"start":{"line":110,"column":8},"end":{"line":110,"column":32}},{"start":{"line":111,"column":8},"end":{"line":111,"column":35}},{"start":{"line":112,"column":8},"end":{"line":112,"column":35}},{"start":{"line":113,"column":8},"end":{"line":113,"column":34}},{"start":{"line":114,"column":8},"end":{"line":114,"column":30}},{"start":{"line":115,"column":8},"end":{"line":115,"column":32}},{"start":{"line":116,"column":8},"end":{"line":116,"column":36}},{"start":{"line":117,"column":8},"end":{"line":117,"column":28}}]},"34":{"loc":{"start":{"line":136,"column":4},"end":{"line":186,"column":5}},"type":"if","locations":[{"start":{"line":136,"column":4},"end":{"line":186,"column":5}},{"start":{"line":177,"column":11},"end":{"line":186,"column":5}}]},"35":{"loc":{"start":{"line":138,"column":8},"end":{"line":176,"column":9}},"type":"if","locations":[{"start":{"line":138,"column":8},"end":{"line":176,"column":9}},{"start":{"line":172,"column":15},"end":{"line":176,"column":9}}]},"36":{"loc":{"start":{"line":141,"column":12},"end":{"line":171,"column":13}},"type":"if","locations":[{"start":{"line":141,"column":12},"end":{"line":171,"column":13}},{"start":{"line":168,"column":19},"end":{"line":171,"column":13}}]},"37":{"loc":{"start":{"line":141,"column":16},"end":{"line":141,"column":43}},"type":"binary-expr","locations":[{"start":{"line":141,"column":16},"end":{"line":141,"column":22}},{"start":{"line":141,"column":26},"end":{"line":141,"column":43}}]},"38":{"loc":{"start":{"line":142,"column":36},"end":{"line":144,"column":44}},"type":"cond-expr","locations":[{"start":{"line":143,"column":22},"end":{"line":143,"column":82}},{"start":{"line":144,"column":22},"end":{"line":144,"column":44}}]},"39":{"loc":{"start":{"line":143,"column":66},"end":{"line":143,"column":80}},"type":"cond-expr","locations":[{"start":{"line":143,"column":66},"end":{"line":143,"column":74}},{"start":{"line":143,"column":78},"end":{"line":143,"column":80}}]},"40":{"loc":{"start":{"line":143,"column":66},"end":{"line":143,"column":78}},"type":"binary-expr","locations":[{"start":{"line":143,"column":66},"end":{"line":143,"column":78}},{"start":{"line":143,"column":66},"end":{"line":143,"column":78}}]},"41":{"loc":{"start":{"line":144,"column":29},"end":{"line":144,"column":43}},"type":"cond-expr","locations":[{"start":{"line":144,"column":29},"end":{"line":144,"column":37}},{"start":{"line":144,"column":41},"end":{"line":144,"column":43}}]},"42":{"loc":{"start":{"line":144,"column":29},"end":{"line":144,"column":41}},"type":"binary-expr","locations":[{"start":{"line":144,"column":29},"end":{"line":144,"column":41}},{"start":{"line":144,"column":29},"end":{"line":144,"column":41}}]},"43":{"loc":{"start":{"line":161,"column":34},"end":{"line":164,"column":null}},"type":"binary-expr","locations":[{"start":{"line":161,"column":34},"end":{"line":161,"column":45}},{"start":{"line":161,"column":49},"end":{"line":164,"column":null}}]},"44":{"loc":{"start":{"line":180,"column":12},"end":{"line":180,"column":35}},"type":"binary-expr","locations":[{"start":{"line":180,"column":12},"end":{"line":180,"column":25}},{"start":{"line":180,"column":29},"end":{"line":180,"column":35}}]}},"s":{"0":2,"1":2,"2":0,"3":0,"4":0,"5":0,"6":0,"7":0,"8":0,"9":0,"10":0,"11":0,"12":0,"13":0,"14":0,"15":0,"16":2,"17":2,"18":0,"19":0,"20":0,"21":0,"22":0,"23":0,"24":0,"25":2,"26":2,"27":0,"28":0,"29":0,"30":0,"31":0,"32":0,"33":0,"34":2,"35":2,"36":0,"37":0,"38":0,"39":0,"40":0,"41":0,"42":0,"43":0,"44":0,"45":2,"46":2,"47":0,"48":0,"49":0,"50":0,"51":0,"52":0,"53":0,"54":0,"55":0,"56":0,"57":0,"58":0,"59":0,"60":0,"61":0,"62":0,"63":2},"f":{"0":0,"1":0,"2":0,"3":0,"4":0,"5":0,"6":0,"7":0,"8":0,"9":0,"10":0},"b":{"0":[0],"1":[0,0],"2":[0],"3":[0,0],"4":[0,0],"5":[0,0],"6":[0,0],"7":[0,0],"8":[0,0],"9":[0,0],"10":[0],"11":[0,0],"12":[0,0],"13":[0],"14":[0],"15":[0],"16":[0,0],"17":[0,0],"18":[0,0],"19":[0,0],"20":[0],"21":[0,0],"22":[0,0],"23":[0,0],"24":[0,0],"25":[0],"26":[0,0],"27":[0,0],"28":[0,0],"29":[0,0],"30":[0,0],"31":[0],"32":[0],"33":[0,0,0,0,0,0,0,0,0,0,0,0],"34":[0,0],"35":[0,0],"36":[0,0],"37":[0,0],"38":[0,0],"39":[0,0],"40":[0,0],"41":[0,0],"42":[0,0],"43":[0,0],"44":[0,0]}}
,"/home/anthonyd/Git/ag-grid-mendix-widget/src/utils/state.ts": {"path":"/home/anthonyd/Git/ag-grid-mendix-widget/src/utils/state.ts","statementMap":{"0":{"start":{"line":8,"column":35},"end":{"line":19,"column":1}},"1":{"start":{"line":9,"column":26},"end":{"line":16,"column":50}},"2":{"start":{"line":10,"column":25},"end":{"line":10,"column":92}},"3":{"start":{"line":11,"column":22},"end":{"line":15,"column":11}},"4":{"start":{"line":16,"column":24},"end":{"line":16,"column":49}},"5":{"start":{"line":18,"column":4},"end":{"line":18,"column":69}},"6":{"start":{"line":18,"column":51},"end":{"line":18,"column":66}},"7":{"start":{"line":8,"column":13},"end":{"line":8,"column":35}},"8":{"start":{"line":26,"column":42},"end":{"line":34,"column":1}},"9":{"start":{"line":27,"column":23},"end":{"line":27,"column":25}},"10":{"start":{"line":28,"column":4},"end":{"line":32,"column":7}},"11":{"start":{"line":29,"column":8},"end":{"line":31,"column":9}},"12":{"start":{"line":30,"column":12},"end":{"line":30,"column":55}},"13":{"start":{"line":33,"column":4},"end":{"line":33,"column":22}},"14":{"start":{"line":26,"column":13},"end":{"line":26,"column":42}},"15":{"start":{"line":41,"column":37},"end":{"line":43,"column":1}},"16":{"start":{"line":42,"column":4},"end":{"line":42,"column":85}},"17":{"start":{"line":42,"column":35},"end":{"line":42,"column":53}},"18":{"start":{"line":42,"column":67},"end":{"line":42,"column":83}},"19":{"start":{"line":41,"column":13},"end":{"line":41,"column":37}},"20":{"start":{"line":50,"column":38},"end":{"line":59,"column":1}},"21":{"start":{"line":51,"column":62},"end":{"line":51,"column":64}},"22":{"start":{"line":52,"column":4},"end":{"line":57,"column":7}},"23":{"start":{"line":53,"column":8},"end":{"line":56,"column":9}},"24":{"start":{"line":54,"column":26},"end":{"line":54,"column":89}},"25":{"start":{"line":55,"column":12},"end":{"line":55,"column":45}},"26":{"start":{"line":58,"column":4},"end":{"line":58,"column":18}},"27":{"start":{"line":50,"column":13},"end":{"line":50,"column":38}}},"fnMap":{"0":{"name":"(anonymous_0)","decl":{"start":{"line":8,"column":35},"end":{"line":8,"column":36}},"loc":{"start":{"line":8,"column":52},"end":{"line":19,"column":1}}},"1":{"name":"(anonymous_1)","decl":{"start":{"line":10,"column":16},"end":{"line":10,"column":17}},"loc":{"start":{"line":10,"column":24},"end":{"line":10,"column":92}}},"2":{"name":"(anonymous_2)","decl":{"start":{"line":11,"column":13},"end":{"line":11,"column":14}},"loc":{"start":{"line":11,"column":21},"end":{"line":15,"column":11}}},"3":{"name":"(anonymous_3)","decl":{"start":{"line":16,"column":14},"end":{"line":16,"column":15}},"loc":{"start":{"line":16,"column":24},"end":{"line":16,"column":49}}},"4":{"name":"(anonymous_4)","decl":{"start":{"line":18,"column":29},"end":{"line":18,"column":30}},"loc":{"start":{"line":18,"column":51},"end":{"line":18,"column":66}}},"5":{"name":"(anonymous_5)","decl":{"start":{"line":26,"column":42},"end":{"line":26,"column":43}},"loc":{"start":{"line":26,"column":59},"end":{"line":34,"column":1}}},"6":{"name":"(anonymous_6)","decl":{"start":{"line":28,"column":20},"end":{"line":28,"column":21}},"loc":{"start":{"line":28,"column":28},"end":{"line":32,"column":5}}},"7":{"name":"(anonymous_7)","decl":{"start":{"line":41,"column":37},"end":{"line":41,"column":38}},"loc":{"start":{"line":41,"column":54},"end":{"line":43,"column":1}}},"8":{"name":"(anonymous_8)","decl":{"start":{"line":42,"column":26},"end":{"line":42,"column":27}},"loc":{"start":{"line":42,"column":34},"end":{"line":42,"column":53}}},"9":{"name":"(anonymous_9)","decl":{"start":{"line":42,"column":58},"end":{"line":42,"column":59}},"loc":{"start":{"line":42,"column":67},"end":{"line":42,"column":83}}},"10":{"name":"(anonymous_10)","decl":{"start":{"line":50,"column":38},"end":{"line":50,"column":39}},"loc":{"start":{"line":50,"column":55},"end":{"line":59,"column":1}}},"11":{"name":"(anonymous_11)","decl":{"start":{"line":52,"column":20},"end":{"line":52,"column":21}},"loc":{"start":{"line":52,"column":28},"end":{"line":57,"column":5}}}},"branchMap":{"0":{"loc":{"start":{"line":8,"column":36},"end":{"line":8,"column":48}},"type":"default-arg","locations":[{"start":{"line":8,"column":46},"end":{"line":8,"column":48}}]},"1":{"loc":{"start":{"line":10,"column":25},"end":{"line":10,"column":92}},"type":"binary-expr","locations":[{"start":{"line":10,"column":25},"end":{"line":10,"column":40}},{"start":{"line":10,"column":44},"end":{"line":10,"column":70}},{"start":{"line":10,"column":74},"end":{"line":10,"column":91}}]},"2":{"loc":{"start":{"line":10,"column":74},"end":{"line":10,"column":91}},"type":"cond-expr","locations":[{"start":{"line":10,"column":87},"end":{"line":10,"column":89}},{"start":{"line":10,"column":87},"end":{"line":10,"column":91}}]},"3":{"loc":{"start":{"line":10,"column":74},"end":{"line":10,"column":89}},"type":"binary-expr","locations":[{"start":{"line":10,"column":74},"end":{"line":10,"column":89}},{"start":{"line":10,"column":87},"end":{"line":10,"column":89}}]},"4":{"loc":{"start":{"line":14,"column":23},"end":{"line":14,"column":43}},"type":"cond-expr","locations":[{"start":{"line":14,"column":36},"end":{"line":14,"column":40}},{"start":{"line":14,"column":40},"end":{"line":14,"column":43}}]},"5":{"loc":{"start":{"line":14,"column":23},"end":{"line":14,"column":40}},"type":"binary-expr","locations":[{"start":{"line":14,"column":23},"end":{"line":14,"column":40}},{"start":{"line":14,"column":36},"end":{"line":14,"column":40}}]},"6":{"loc":{"start":{"line":26,"column":43},"end":{"line":26,"column":55}},"type":"default-arg","locations":[{"start":{"line":26,"column":53},"end":{"line":26,"column":55}}]},"7":{"loc":{"start":{"line":29,"column":8},"end":{"line":31,"column":9}},"type":"if","locations":[{"start":{"line":29,"column":8},"end":{"line":31,"column":9}}]},"8":{"loc":{"start":{"line":29,"column":12},"end":{"line":29,"column":29}},"type":"cond-expr","locations":[{"start":{"line":29,"column":25},"end":{"line":29,"column":27}},{"start":{"line":29,"column":25},"end":{"line":29,"column":29}}]},"9":{"loc":{"start":{"line":29,"column":12},"end":{"line":29,"column":27}},"type":"binary-expr","locations":[{"start":{"line":29,"column":12},"end":{"line":29,"column":27}},{"start":{"line":29,"column":25},"end":{"line":29,"column":27}}]},"10":{"loc":{"start":{"line":41,"column":38},"end":{"line":41,"column":50}},"type":"default-arg","locations":[{"start":{"line":41,"column":48},"end":{"line":41,"column":50}}]},"11":{"loc":{"start":{"line":42,"column":35},"end":{"line":42,"column":52}},"type":"cond-expr","locations":[{"start":{"line":42,"column":48},"end":{"line":42,"column":50}},{"start":{"line":42,"column":48},"end":{"line":42,"column":52}}]},"12":{"loc":{"start":{"line":42,"column":35},"end":{"line":42,"column":50}},"type":"binary-expr","locations":[{"start":{"line":42,"column":35},"end":{"line":42,"column":50}},{"start":{"line":42,"column":48},"end":{"line":42,"column":50}}]},"13":{"loc":{"start":{"line":50,"column":39},"end":{"line":50,"column":51}},"type":"default-arg","locations":[{"start":{"line":50,"column":49},"end":{"line":50,"column":51}}]},"14":{"loc":{"start":{"line":53,"column":8},"end":{"line":56,"column":9}},"type":"if","locations":[{"start":{"line":53,"column":8},"end":{"line":56,"column":9}}]},"15":{"loc":{"start":{"line":53,"column":12},"end":{"line":53,"column":29}},"type":"cond-expr","locations":[{"start":{"line":53,"column":25},"end":{"line":53,"column":27}},{"start":{"line":53,"column":25},"end":{"line":53,"column":29}}]},"16":{"loc":{"start":{"line":53,"column":12},"end":{"line":53,"column":27}},"type":"binary-expr","locations":[{"start":{"line":53,"column":12},"end":{"line":53,"column":27}},{"start":{"line":53,"column":25},"end":{"line":53,"column":27}}]},"17":{"loc":{"start":{"line":54,"column":26},"end":{"line":54,"column":89}},"type":"cond-expr","locations":[{"start":{"line":54,"column":79},"end":{"line":54,"column":83}},{"start":{"line":54,"column":83},"end":{"line":54,"column":89}}]},"18":{"loc":{"start":{"line":54,"column":26},"end":{"line":54,"column":83}},"type":"binary-expr","locations":[{"start":{"line":54,"column":26},"end":{"line":54,"column":83}},{"start":{"line":54,"column":79},"end":{"line":54,"column":83}}]}},"s":{"0":2,"1":0,"2":0,"3":0,"4":0,"5":0,"6":0,"7":2,"8":2,"9":0,"10":0,"11":0,"12":0,"13":0,"14":2,"15":2,"16":0,"17":0,"18":0,"19":2,"20":2,"21":0,"22":0,"23":0,"24":0,"25":0,"26":0,"27":2},"f":{"0":0,"1":0,"2":0,"3":0,"4":0,"5":0,"6":0,"7":0,"8":0,"9":0,"10":0,"11":0},"b":{"0":[0],"1":[0,0,0],"2":[0,0],"3":[0,0],"4":[0,0],"5":[0,0],"6":[0],"7":[0],"8":[0,0],"9":[0,0],"10":[0],"11":[0,0],"12":[0,0],"13":[0],"14":[0],"15":[0,0],"16":[0,0],"17":[0,0],"18":[0,0]}}
,"/home/anthonyd/Git/ag-grid-mendix-widget/src/utils/theme.ts": {"path":"/home/anthonyd/Git/ag-grid-mendix-widget/src/utils/theme.ts","statementMap":{"0":{"start":{"line":9,"column":17},"end":{"line":14,"column":11}},"1":{"start":{"line":16,"column":21},"end":{"line":21,"column":11}},"2":{"start":{"line":26,"column":26},"end":{"line":28,"column":1}},"3":{"start":{"line":27,"column":4},"end":{"line":27,"column":72}},"4":{"start":{"line":30,"column":33},"end":{"line":48,"column":1}},"5":{"start":{"line":35,"column":16},"end":{"line":35,"column":44}},"6":{"start":{"line":36,"column":22},"end":{"line":36,"column":35}},"7":{"start":{"line":37,"column":22},"end":{"line":37,"column":52}},"8":{"start":{"line":39,"column":4},"end":{"line":41,"column":5}},"9":{"start":{"line":40,"column":8},"end":{"line":40,"column":25}},"10":{"start":{"line":43,"column":4},"end":{"line":45,"column":5}},"11":{"start":{"line":44,"column":8},"end":{"line":44,"column":25}},"12":{"start":{"line":47,"column":4},"end":{"line":47,"column":47}},"13":{"start":{"line":30,"column":13},"end":{"line":30,"column":33}}},"fnMap":{"0":{"name":"(anonymous_0)","decl":{"start":{"line":26,"column":26},"end":{"line":26,"column":27}},"loc":{"start":{"line":26,"column":58},"end":{"line":28,"column":1}}},"1":{"name":"(anonymous_1)","decl":{"start":{"line":30,"column":33},"end":{"line":30,"column":null}},"loc":{"start":{"line":34,"column":4},"end":{"line":48,"column":1}}}},"branchMap":{"0":{"loc":{"start":{"line":27,"column":12},"end":{"line":27,"column":58}},"type":"cond-expr","locations":[{"start":{"line":27,"column":36},"end":{"line":27,"column":45}},{"start":{"line":27,"column":48},"end":{"line":27,"column":58}}]},"1":{"loc":{"start":{"line":31,"column":4},"end":{"line":31,"column":26}},"type":"default-arg","locations":[{"start":{"line":31,"column":16},"end":{"line":31,"column":26}}]},"2":{"loc":{"start":{"line":32,"column":4},"end":{"line":32,"column":34}},"type":"default-arg","locations":[{"start":{"line":32,"column":28},"end":{"line":32,"column":34}}]},"3":{"loc":{"start":{"line":33,"column":4},"end":{"line":33,"column":23}},"type":"default-arg","locations":[{"start":{"line":33,"column":18},"end":{"line":33,"column":23}}]},"4":{"loc":{"start":{"line":37,"column":22},"end":{"line":37,"column":52}},"type":"binary-expr","locations":[{"start":{"line":37,"column":22},"end":{"line":37,"column":39}},{"start":{"line":37,"column":43},"end":{"line":37,"column":52}}]},"5":{"loc":{"start":{"line":39,"column":4},"end":{"line":41,"column":5}},"type":"if","locations":[{"start":{"line":39,"column":4},"end":{"line":41,"column":5}}]},"6":{"loc":{"start":{"line":43,"column":4},"end":{"line":45,"column":5}},"type":"if","locations":[{"start":{"line":43,"column":4},"end":{"line":45,"column":5}}]},"7":{"loc":{"start":{"line":47,"column":11},"end":{"line":47,"column":46}},"type":"cond-expr","locations":[{"start":{"line":47,"column":25},"end":{"line":47,"column":34}},{"start":{"line":47,"column":37},"end":{"line":47,"column":46}}]}},"s":{"0":1,"1":1,"2":1,"3":0,"4":1,"5":0,"6":0,"7":0,"8":0,"9":0,"10":0,"11":0,"12":0,"13":1},"f":{"0":0,"1":0},"b":{"0":[0,0],"1":[0],"2":[0],"3":[0],"4":[0,0],"5":[0],"6":[0],"7":[0,0]}}
}
