TN:
SF:src/components/MultiSelectFilter.tsx
FN:12,MultiSelectFilter
FN:24,(anonymous_1)
FN:25,(anonymous_2)
FN:32,(anonymous_3)
FN:42,(anonymous_4)
FN:50,(anonymous_5)
FN:57,(anonymous_6)
FN:63,(anonymous_7)
FN:70,(anonymous_8)
FN:72,(anonymous_9)
FN:77,(anonymous_10)
FN:85,(anonymous_11)
FN:91,(anonymous_12)
FN:95,(anonymous_13)
FN:136,(anonymous_14)
FN:174,(anonymous_15)
FN:184,(anonymous_16)
FN:197,(anonymous_17)
FNF:18
FNH:18
FNDA:77,MultiSelectFilter
FNDA:69,(anonymous_1)
FNDA:3,(anonymous_2)
FNDA:2,(anonymous_3)
FNDA:28,(anonymous_4)
FNDA:69,(anonymous_5)
FNDA:70,(anonymous_6)
FNDA:28,(anonymous_7)
FNDA:3,(anonymous_8)
FNDA:2,(anonymous_9)
FNDA:2,(anonymous_10)
FNDA:3,(anonymous_11)
FNDA:223,(anonymous_12)
FNDA:77,(anonymous_13)
FNDA:3,(anonymous_14)
FNDA:5,(anonymous_15)
FNDA:90,(anonymous_16)
FNDA:3,(anonymous_17)
DA:1,1
DA:12,1
DA:13,77
DA:14,77
DA:15,77
DA:16,77
DA:17,77
DA:18,77
DA:20,77
DA:21,77
DA:24,77
DA:25,69
DA:26,3
DA:27,3
DA:28,3
DA:32,69
DA:33,2
DA:34,2
DA:35,2
DA:39,69
DA:40,28
DA:41,28
DA:42,28
DA:43,28
DA:44,28
DA:50,77
DA:51,69
DA:52,27
DA:57,77
DA:58,70
DA:59,28
DA:63,77
DA:64,28
DA:65,28
DA:66,0
DA:70,77
DA:71,3
DA:72,2
DA:74,3
DA:77,77
DA:78,2
DA:79,1
DA:81,1
DA:85,77
DA:86,3
DA:87,3
DA:90,77
DA:91,223
DA:95,77
DA:96,77
DA:97,47
DA:98,30
DA:99,19
DA:100,11
DA:101,5
DA:103,6
DA:107,77
DA:137,3
DA:138,3
DA:174,5
DA:185,90
DA:186,90
DA:197,3
LF:63
LH:62
BRDA:13,0,0,0
BRDA:20,1,0,77
BRDA:20,1,1,5
BRDA:21,2,0,77
BRDA:21,2,1,30
BRDA:26,3,0,3
BRDA:26,4,0,3
BRDA:26,4,1,3
BRDA:33,5,0,2
BRDA:33,6,0,2
BRDA:33,6,1,2
BRDA:39,7,0,28
BRDA:51,8,0,27
BRDA:51,9,0,69
BRDA:51,9,1,28
BRDA:51,9,2,27
BRDA:58,10,0,28
BRDA:65,11,0,0
BRDA:71,12,0,1
BRDA:71,12,1,2
BRDA:78,13,0,1
BRDA:78,13,1,1
BRDA:90,14,0,75
BRDA:90,14,1,2
BRDA:96,15,0,47
BRDA:96,15,1,30
BRDA:97,16,0,47
BRDA:97,16,1,46
BRDA:98,17,0,19
BRDA:98,17,1,11
BRDA:100,18,0,5
BRDA:100,18,1,6
BRDA:123,19,0,33
BRDA:123,19,1,44
BRDA:132,20,0,77
BRDA:132,20,1,30
BRDA:150,21,0,77
BRDA:150,21,1,33
BRDA:166,22,0,33
BRDA:166,22,1,32
BRDA:181,23,0,1
BRDA:181,23,1,32
BRF:42
BRH:40
end_of_record
TN:
SF:src/utils/customFormatters.ts
FN:26,(anonymous_0)
FN:32,(anonymous_1)
FN:42,(anonymous_2)
FN:79,(anonymous_3)
FN:118,(anonymous_4)
FN:140,(anonymous_5)
FN:160,(anonymous_6)
FN:167,(anonymous_7)
FN:174,(anonymous_8)
FNF:9
FNH:9
FNDA:17,(anonymous_0)
FNDA:17,(anonymous_1)
FNDA:21,(anonymous_2)
FNDA:20,(anonymous_3)
FNDA:6,(anonymous_4)
FNDA:7,(anonymous_5)
FNDA:5,(anonymous_6)
FNDA:23,(anonymous_7)
FNDA:1,(anonymous_8)
DA:26,1
DA:27,17
DA:33,17
DA:35,17
DA:36,2
DA:37,2
DA:40,15
DA:42,15
DA:43,21
DA:50,21
DA:51,21
DA:52,20
DA:56,19
DA:57,19
DA:63,1
DA:70,15
DA:80,20
DA:87,20
DA:88,7
DA:89,7
DA:90,7
DA:91,6
DA:93,1
DA:99,20
DA:101,20
DA:106,20
DA:113,20
DA:115,19
DA:118,19
DA:119,6
DA:120,6
DA:121,4
DA:123,2
DA:127,2
DA:131,1
DA:132,1
DA:133,1
DA:141,7
DA:143,7
DA:144,1
DA:145,1
DA:148,6
DA:149,6
DA:150,6
DA:152,0
DA:153,0
DA:161,5
DA:168,23
DA:175,1
LF:49
LH:47
BRDA:35,0,0,2
BRDA:35,1,0,17
BRDA:35,1,1,15
BRDA:51,2,0,20
BRDA:82,3,0,0
BRDA:82,3,1,20
BRDA:82,4,0,20
BRDA:82,4,1,20
BRDA:87,5,0,7
BRDA:87,6,0,20
BRDA:87,6,1,7
BRDA:121,7,0,4
BRDA:121,7,1,0
BRDA:121,8,0,4
BRDA:121,8,1,4
BRDA:127,9,0,2
BRDA:127,9,1,1
BRDA:143,10,0,1
BRDA:145,11,0,1
BRDA:145,11,1,0
BRDA:150,12,0,6
BRDA:150,12,1,0
BRDA:150,13,0,6
BRDA:150,13,1,6
BRDA:153,14,0,0
BRDA:153,14,1,0
BRF:26
BRH:20
end_of_record
TN:
SF:src/utils/dateRange.ts
FN:23,(anonymous_0)
FN:30,(anonymous_1)
FN:48,(anonymous_2)
FN:52,(anonymous_3)
FN:55,(anonymous_4)
FN:61,(anonymous_5)
FN:65,(anonymous_6)
FN:83,(anonymous_7)
FN:100,(anonymous_8)
FN:109,(anonymous_9)
FN:128,(anonymous_10)
FNF:11
FNH:11
FNDA:6,(anonymous_0)
FNDA:9,(anonymous_1)
FNDA:8,(anonymous_2)
FNDA:25,(anonymous_3)
FNDA:3,(anonymous_4)
FNDA:4,(anonymous_5)
FNDA:12,(anonymous_6)
FNDA:17,(anonymous_7)
FNDA:9,(anonymous_8)
FNDA:7,(anonymous_9)
FNDA:8,(anonymous_10)
DA:21,1
DA:23,1
DA:24,6
DA:25,6
DA:26,6
DA:27,6
DA:30,1
DA:31,9
DA:32,9
DA:33,9
DA:36,1
DA:46,1
DA:48,1
DA:49,8
DA:50,3
DA:52,25
DA:55,1
DA:56,3
DA:57,3
DA:58,3
DA:61,1
DA:65,12
DA:66,4
DA:67,1
DA:70,3
DA:71,3
DA:73,3
DA:74,3
DA:77,3
DA:83,1
DA:84,17
DA:85,8
DA:88,9
DA:89,7
DA:92,2
DA:93,2
DA:94,2
DA:97,0
DA:100,1
DA:101,9
DA:102,4
DA:105,5
DA:106,5
DA:109,1
DA:110,7
DA:111,2
DA:114,5
DA:115,5
DA:117,5
DA:118,5
DA:119,2
DA:121,5
DA:122,2
DA:125,5
DA:128,1
DA:129,8
DA:130,3
DA:133,5
DA:134,5
DA:135,2
DA:138,3
LF:61
LH:60
BRDA:49,0,0,3
BRDA:63,1,0,1
BRDA:66,2,0,1
BRDA:73,3,0,3
BRDA:84,4,0,8
BRDA:88,5,0,7
BRDA:93,6,0,2
BRDA:101,7,0,4
BRDA:101,8,0,9
BRDA:101,8,1,7
BRDA:106,9,0,5
BRDA:106,9,1,3
BRDA:110,10,0,2
BRDA:114,11,0,3
BRDA:114,11,1,2
BRDA:114,12,0,5
BRDA:114,12,1,5
BRDA:115,13,0,3
BRDA:115,13,1,2
BRDA:115,14,0,5
BRDA:115,14,1,5
BRDA:118,15,0,2
BRDA:121,16,0,2
BRDA:125,17,0,3
BRDA:125,17,1,2
BRDA:125,18,0,5
BRDA:125,18,1,3
BRDA:129,19,0,3
BRDA:133,20,0,1
BRDA:133,20,1,4
BRDA:134,21,0,2
BRF:31
BRH:31
end_of_record
TN:
SF:src/utils/formatters.ts
FN:30,(anonymous_0)
FN:72,(anonymous_1)
FN:140,(anonymous_2)
FN:155,(anonymous_3)
FN:190,(anonymous_4)
FN:210,(anonymous_5)
FNF:6
FNH:6
FNDA:4,(anonymous_0)
FNDA:20,(anonymous_1)
FNDA:9,(anonymous_2)
FNDA:12,(anonymous_3)
FNDA:7,(anonymous_4)
FNDA:12,(anonymous_5)
DA:30,1
DA:35,4
DA:37,4
DA:38,1
DA:39,1
DA:43,3
DA:47,3
DA:53,2
DA:56,1
DA:60,3
DA:62,0
DA:63,0
DA:64,0
DA:65,0
DA:72,1
DA:79,20
DA:81,18
DA:82,18
DA:84,1
DA:85,1
DA:86,1
DA:88,2
DA:90,1
DA:92,1
DA:94,1
DA:95,1
DA:97,1
DA:98,1
DA:100,1
DA:101,1
DA:104,1
DA:106,1
DA:109,1
DA:111,0
DA:113,0
DA:115,0
DA:117,2
DA:119,2
DA:121,1
DA:123,1
DA:125,1
DA:126,1
DA:129,0
DA:132,0
DA:133,0
DA:140,1
DA:141,9
DA:142,9
DA:144,7
DA:155,1
DA:156,12
DA:157,12
DA:159,11
DA:160,11
DA:161,11
DA:163,11
DA:165,3
DA:167,1
DA:169,2
DA:171,1
DA:173,2
DA:179,1
DA:181,1
DA:183,0
DA:190,1
DA:191,7
DA:193,5
DA:195,2
DA:197,1
DA:201,1
DA:203,1
DA:210,1
DA:211,12
DA:212,3
DA:215,9
DA:216,1
DA:219,8
DA:220,1
DA:223,7
DA:224,1
DA:227,6
DA:228,6
DA:230,6
DA:231,4
DA:234,2
LF:85
LH:74
BRDA:37,0,0,1
BRDA:37,1,0,4
BRDA:37,1,1,3
BRDA:37,1,2,3
BRDA:39,2,0,1
BRDA:39,2,1,0
BRDA:43,3,0,3
BRDA:43,3,1,0
BRDA:47,4,0,2
BRDA:47,4,1,1
BRDA:48,5,0,3
BRDA:48,5,1,2
BRDA:48,5,2,2
BRDA:53,6,0,2
BRDA:53,6,1,0
BRDA:56,7,0,1
BRDA:56,7,1,0
BRDA:65,8,0,0
BRDA:65,8,1,0
BRDA:79,9,0,2
BRDA:79,10,0,20
BRDA:79,10,1,19
BRDA:82,11,0,1
BRDA:82,11,1,2
BRDA:82,11,2,1
BRDA:82,11,3,1
BRDA:82,11,4,1
BRDA:82,11,5,1
BRDA:82,11,6,1
BRDA:82,11,7,0
BRDA:82,11,8,1
BRDA:82,11,9,1
BRDA:82,11,10,0
BRDA:82,11,11,1
BRDA:82,11,12,0
BRDA:82,11,13,0
BRDA:82,11,14,0
BRDA:82,11,15,2
BRDA:82,11,16,2
BRDA:82,11,17,1
BRDA:82,11,18,1
BRDA:82,11,19,1
BRDA:82,11,20,0
BRDA:82,11,21,0
BRDA:84,12,0,1
BRDA:84,12,1,0
BRDA:85,13,0,1
BRDA:85,13,1,0
BRDA:95,14,0,0
BRDA:95,14,1,1
BRDA:98,15,0,0
BRDA:98,15,1,1
BRDA:101,16,0,0
BRDA:101,16,1,1
BRDA:117,17,0,1
BRDA:117,17,1,1
BRDA:119,18,0,1
BRDA:119,18,1,1
BRDA:142,19,0,2
BRDA:156,20,0,10
BRDA:156,20,1,2
BRDA:157,21,0,1
BRDA:163,22,0,3
BRDA:163,22,1,1
BRDA:163,22,2,2
BRDA:163,22,3,1
BRDA:163,22,4,2
BRDA:163,22,5,1
BRDA:163,22,6,1
BRDA:163,22,7,0
BRDA:191,23,0,2
BRDA:191,24,0,7
BRDA:191,24,1,6
BRDA:193,25,0,2
BRDA:193,25,1,1
BRDA:193,25,2,0
BRDA:193,25,3,0
BRDA:193,25,4,1
BRDA:193,25,5,1
BRDA:195,26,0,1
BRDA:195,26,1,1
BRDA:197,27,0,1
BRDA:197,27,1,0
BRDA:211,28,0,3
BRDA:215,29,0,1
BRDA:215,30,0,9
BRDA:215,30,1,8
BRDA:219,31,0,1
BRDA:219,32,0,8
BRDA:219,32,1,7
BRDA:223,33,0,1
BRDA:223,34,0,7
BRDA:223,34,1,1
BRDA:227,35,0,2
BRDA:227,35,1,4
BRDA:228,36,0,2
BRDA:228,36,1,4
BRDA:230,37,0,4
BRDA:230,38,0,6
BRDA:230,38,1,4
BRF:100
BRH:78
end_of_record
TN:
SF:src/utils/state.ts
FN:8,(anonymous_0)
FN:10,(anonymous_1)
FN:11,(anonymous_2)
FN:16,(anonymous_3)
FN:18,(anonymous_4)
FN:26,(anonymous_5)
FN:28,(anonymous_6)
FN:41,(anonymous_7)
FN:42,(anonymous_8)
FN:42,(anonymous_9)
FN:50,(anonymous_10)
FN:52,(anonymous_11)
FNF:12
FNH:12
FNDA:5,(anonymous_0)
FNDA:12,(anonymous_1)
FNDA:8,(anonymous_2)
FNDA:4,(anonymous_3)
FNDA:8,(anonymous_4)
FNDA:3,(anonymous_5)
FNDA:6,(anonymous_6)
FNDA:3,(anonymous_7)
FNDA:7,(anonymous_8)
FNDA:6,(anonymous_9)
FNDA:4,(anonymous_10)
FNDA:8,(anonymous_11)
DA:8,1
DA:9,5
DA:10,12
DA:11,8
DA:16,4
DA:18,8
DA:26,1
DA:27,3
DA:28,3
DA:29,6
DA:30,5
DA:33,3
DA:41,1
DA:42,7
DA:50,1
DA:51,4
DA:52,4
DA:53,8
DA:54,7
DA:55,7
DA:58,4
LF:21
LH:21
BRDA:8,0,0,0
BRDA:10,1,0,12
BRDA:10,1,1,10
BRDA:10,1,2,8
BRDA:10,2,0,0
BRDA:10,2,1,8
BRDA:10,3,0,8
BRDA:10,3,1,8
BRDA:14,4,0,7
BRDA:14,4,1,1
BRDA:14,5,0,8
BRDA:14,5,1,8
BRDA:26,6,0,0
BRDA:29,7,0,5
BRDA:29,8,0,1
BRDA:29,8,1,5
BRDA:29,9,0,6
BRDA:29,9,1,5
BRDA:41,10,0,0
BRDA:42,11,0,1
BRDA:42,11,1,6
BRDA:42,12,0,7
BRDA:42,12,1,6
BRDA:50,13,0,0
BRDA:53,14,0,7
BRDA:53,15,0,1
BRDA:53,15,1,7
BRDA:53,16,0,8
BRDA:53,16,1,7
BRDA:54,17,0,5
BRDA:54,17,1,2
BRDA:54,18,0,7
BRDA:54,18,1,7
BRF:33
BRH:28
end_of_record
TN:
SF:src/utils/theme.ts
FN:26,(anonymous_0)
FN:30,(anonymous_1)
FNF:2
FNH:2
FNDA:18,(anonymous_0)
FNDA:18,(anonymous_1)
DA:9,1
DA:16,1
DA:26,1
DA:27,18
DA:30,1
DA:35,18
DA:36,18
DA:37,18
DA:39,18
DA:40,3
DA:43,15
DA:44,2
DA:47,13
LF:13
LH:13
BRDA:27,0,0,16
BRDA:27,0,1,2
BRDA:31,1,0,1
BRDA:32,2,0,9
BRDA:33,3,0,14
BRDA:37,4,0,18
BRDA:37,4,1,0
BRDA:39,5,0,3
BRDA:43,6,0,2
BRDA:47,7,0,2
BRDA:47,7,1,11
BRF:11
BRH:10
end_of_record
