TN:
SF:src/AGGrid.tsx
FN:74,(anonymous_0)
FN:125,(anonymous_1)
FN:263,(anonymous_2)
FN:272,(anonymous_3)
FN:276,(anonymous_4)
FN:277,(anonymous_5)
FN:289,(anonymous_6)
FN:319,(anonymous_7)
FN:322,(anonymous_8)
FN:332,(anonymous_9)
FN:340,(anonymous_10)
FN:354,(anonymous_11)
FN:355,(anonymous_12)
FN:455,(anonymous_13)
FN:459,(anonymous_14)
FN:463,(anonymous_15)
FN:475,(anonymous_16)
FN:489,(anonymous_17)
FN:490,(anonymous_18)
FN:502,(anonymous_19)
FN:506,(anonymous_20)
FN:514,(anonymous_21)
FN:515,(anonymous_22)
FN:520,(anonymous_23)
FN:521,(anonymous_24)
FN:528,(anonymous_25)
FN:530,(anonymous_26)
FN:537,(anonymous_27)
FN:553,(anonymous_28)
FN:558,(anonymous_29)
FN:562,(anonymous_30)
FN:566,(anonymous_31)
FN:572,(anonymous_32)
FN:578,(anonymous_33)
FN:586,(anonymous_34)
FN:633,(anonymous_35)
FN:639,(anonymous_36)
FN:646,(anonymous_37)
FN:654,(anonymous_38)
FN:662,(anonymous_39)
FN:668,(anonymous_40)
FN:669,(anonymous_41)
FN:677,(anonymous_42)
FN:687,(anonymous_43)
FN:688,(anonymous_44)
FN:692,(anonymous_45)
FN:708,(anonymous_46)
FN:715,(anonymous_47)
FN:754,(anonymous_48)
FN:763,(anonymous_49)
FN:768,(anonymous_50)
FN:769,(anonymous_51)
FN:775,(anonymous_52)
FN:782,(anonymous_53)
FN:785,(anonymous_54)
FN:800,(anonymous_55)
FN:804,(anonymous_56)
FN:810,(anonymous_57)
FN:814,(anonymous_58)
FN:818,(anonymous_59)
FN:820,(anonymous_60)
FN:827,(anonymous_61)
FN:839,(anonymous_62)
FN:843,(anonymous_63)
FN:850,(anonymous_64)
FN:858,(anonymous_65)
FN:863,(anonymous_66)
FN:870,(anonymous_67)
FN:978,(anonymous_68)
FN:1006,(anonymous_69)
FN:1014,(anonymous_70)
FN:1020,(anonymous_71)
FN:1028,(anonymous_72)
FN:1029,(anonymous_73)
FN:1032,(anonymous_74)
FN:1043,(anonymous_75)
FN:1078,(anonymous_76)
FN:1079,(anonymous_77)
FN:131,(anonymous_78)
FN:146,(anonymous_79)
FN:151,(anonymous_80)
FN:158,(anonymous_81)
FN:235,(anonymous_82)
FN:359,(anonymous_83)
FN:393,(anonymous_84)
FN:428,(anonymous_85)
FN:449,(anonymous_86)
FN:878,(anonymous_87)
FN:903,(anonymous_88)
FN:915,(anonymous_89)
FN:958,(anonymous_90)
FN:966,(anonymous_91)
FN:1053,(anonymous_92)
FN:1084,(anonymous_93)
FN:1110,(anonymous_94)
FN:1148,(anonymous_95)
FN:1155,(anonymous_96)
FN:1182,(anonymous_97)
FN:1200,(anonymous_98)
FN:1222,(anonymous_99)
FN:1240,(anonymous_100)
FN:1319,(anonymous_101)
FNF:102
FNH:18
FNDA:10,(anonymous_0)
FNDA:0,(anonymous_1)
FNDA:0,(anonymous_2)
FNDA:0,(anonymous_3)
FNDA:0,(anonymous_4)
FNDA:0,(anonymous_5)
FNDA:0,(anonymous_6)
FNDA:0,(anonymous_7)
FNDA:0,(anonymous_8)
FNDA:0,(anonymous_9)
FNDA:0,(anonymous_10)
FNDA:0,(anonymous_11)
FNDA:0,(anonymous_12)
FNDA:18,(anonymous_13)
FNDA:0,(anonymous_14)
FNDA:0,(anonymous_15)
FNDA:0,(anonymous_16)
FNDA:0,(anonymous_17)
FNDA:0,(anonymous_18)
FNDA:0,(anonymous_19)
FNDA:0,(anonymous_20)
FNDA:0,(anonymous_21)
FNDA:0,(anonymous_22)
FNDA:0,(anonymous_23)
FNDA:0,(anonymous_24)
FNDA:0,(anonymous_25)
FNDA:0,(anonymous_26)
FNDA:9,(anonymous_27)
FNDA:9,(anonymous_28)
FNDA:0,(anonymous_29)
FNDA:0,(anonymous_30)
FNDA:0,(anonymous_31)
FNDA:0,(anonymous_32)
FNDA:0,(anonymous_33)
FNDA:0,(anonymous_34)
FNDA:0,(anonymous_35)
FNDA:0,(anonymous_36)
FNDA:0,(anonymous_37)
FNDA:0,(anonymous_38)
FNDA:0,(anonymous_39)
FNDA:0,(anonymous_40)
FNDA:0,(anonymous_41)
FNDA:9,(anonymous_42)
FNDA:9,(anonymous_43)
FNDA:0,(anonymous_44)
FNDA:0,(anonymous_45)
FNDA:0,(anonymous_46)
FNDA:0,(anonymous_47)
FNDA:0,(anonymous_48)
FNDA:0,(anonymous_49)
FNDA:0,(anonymous_50)
FNDA:0,(anonymous_51)
FNDA:0,(anonymous_52)
FNDA:0,(anonymous_53)
FNDA:0,(anonymous_54)
FNDA:0,(anonymous_55)
FNDA:0,(anonymous_56)
FNDA:0,(anonymous_57)
FNDA:0,(anonymous_58)
FNDA:0,(anonymous_59)
FNDA:0,(anonymous_60)
FNDA:0,(anonymous_61)
FNDA:0,(anonymous_62)
FNDA:0,(anonymous_63)
FNDA:0,(anonymous_64)
FNDA:0,(anonymous_65)
FNDA:0,(anonymous_66)
FNDA:0,(anonymous_67)
FNDA:0,(anonymous_68)
FNDA:0,(anonymous_69)
FNDA:0,(anonymous_70)
FNDA:0,(anonymous_71)
FNDA:0,(anonymous_72)
FNDA:0,(anonymous_73)
FNDA:0,(anonymous_74)
FNDA:0,(anonymous_75)
FNDA:0,(anonymous_76)
FNDA:0,(anonymous_77)
FNDA:9,(anonymous_78)
FNDA:2,(anonymous_79)
FNDA:11,(anonymous_80)
FNDA:2,(anonymous_81)
FNDA:0,(anonymous_82)
FNDA:9,(anonymous_83)
FNDA:2,(anonymous_84)
FNDA:9,(anonymous_85)
FNDA:0,(anonymous_86)
FNDA:0,(anonymous_87)
FNDA:0,(anonymous_88)
FNDA:0,(anonymous_89)
FNDA:0,(anonymous_90)
FNDA:0,(anonymous_91)
FNDA:9,(anonymous_92)
FNDA:11,(anonymous_93)
FNDA:11,(anonymous_94)
FNDA:11,(anonymous_95)
FNDA:0,(anonymous_96)
FNDA:11,(anonymous_97)
FNDA:0,(anonymous_98)
FNDA:0,(anonymous_99)
FNDA:0,(anonymous_100)
FNDA:0,(anonymous_101)
DA:2,1
DA:5,1
DA:9,1
DA:22,1
DA:23,1
DA:24,1
DA:25,1
DA:26,1
DA:27,1
DA:34,1
DA:40,1
DA:46,1
DA:47,1
DA:55,1
DA:57,1
DA:58,9
DA:59,9
DA:60,9
DA:61,9
DA:62,9
DA:63,9
DA:66,9
DA:67,9
DA:68,9
DA:69,9
DA:70,9
DA:71,9
DA:72,9
DA:75,10
DA:77,9
DA:78,0
DA:81,9
DA:86,0
DA:89,9
DA:90,9
DA:92,9
DA:93,9
DA:94,9
DA:95,9
DA:97,9
DA:99,9
DA:100,9
DA:102,9
DA:105,9
DA:109,9
DA:125,9
DA:126,0
DA:127,0
DA:132,9
DA:133,7
DA:134,7
DA:137,2
DA:139,2
DA:140,2
DA:146,2
DA:147,2
DA:152,11
DA:153,2
DA:154,2
DA:159,2
DA:164,2
DA:165,0
DA:166,0
DA:169,2
DA:171,2
DA:173,2
DA:176,2
DA:179,2
DA:180,0
DA:181,0
DA:182,0
DA:184,2
DA:190,2
DA:193,2
DA:194,2
DA:196,2
DA:203,2
DA:209,2
DA:217,2
DA:218,2
DA:219,2
DA:220,0
DA:221,0
DA:223,2
DA:227,0
DA:234,0
DA:235,0
DA:238,0
DA:240,0
DA:243,0
DA:250,0
DA:251,0
DA:254,0
DA:257,0
DA:259,0
DA:263,9
DA:268,0
DA:271,0
DA:272,0
DA:274,0
DA:276,0
DA:278,0
DA:283,0
DA:284,0
DA:285,0
DA:288,0
DA:289,0
DA:290,0
DA:291,0
DA:293,0
DA:296,0
DA:301,0
DA:302,0
DA:309,0
DA:318,0
DA:319,0
DA:323,0
DA:331,0
DA:332,0
DA:333,0
DA:334,0
DA:336,0
DA:340,9
DA:342,0
DA:343,0
DA:344,0
DA:345,0
DA:349,0
DA:350,0
DA:351,0
DA:354,0
DA:355,0
DA:360,9
DA:366,9
DA:367,9
DA:368,9
DA:370,9
DA:371,9
DA:372,0
DA:373,0
DA:374,0
DA:378,0
DA:379,0
DA:384,9
DA:387,9
DA:390,9
DA:395,2
DA:396,2
DA:397,2
DA:406,2
DA:407,2
DA:408,2
DA:410,0
DA:417,2
DA:418,0
DA:419,0
DA:420,0
DA:422,0
DA:423,0
DA:429,9
DA:430,9
DA:431,0
DA:432,0
DA:436,0
DA:437,0
DA:442,9
DA:443,9
DA:444,9
DA:445,0
DA:449,9
DA:450,9
DA:455,9
DA:456,18
DA:459,9
DA:460,0
DA:463,9
DA:464,0
DA:465,0
DA:466,0
DA:475,9
DA:476,0
DA:477,0
DA:478,0
DA:479,0
DA:481,0
DA:482,0
DA:485,0
DA:489,9
DA:490,0
DA:491,0
DA:492,0
DA:495,0
DA:496,0
DA:497,0
DA:499,0
DA:502,9
DA:503,0
DA:506,9
DA:507,0
DA:508,0
DA:510,0
DA:514,9
DA:515,0
DA:520,9
DA:521,0
DA:522,0
DA:523,0
DA:524,0
DA:528,9
DA:529,0
DA:530,0
DA:531,0
DA:537,9
DA:538,9
DA:543,9
DA:545,9
DA:547,9
DA:548,0
DA:551,9
DA:552,9
DA:553,9
DA:554,9
DA:558,9
DA:559,0
DA:562,9
DA:563,0
DA:566,9
DA:567,0
DA:568,0
DA:570,0
DA:571,0
DA:572,0
DA:573,0
DA:578,9
DA:579,0
DA:580,0
DA:582,0
DA:583,0
DA:584,0
DA:586,0
DA:587,0
DA:588,0
DA:589,0
DA:592,0
DA:593,0
DA:594,0
DA:595,0
DA:596,0
DA:598,0
DA:600,0
DA:601,0
DA:604,0
DA:605,0
DA:608,0
DA:609,0
DA:611,0
DA:612,0
DA:614,0
DA:617,0
DA:618,0
DA:620,0
DA:623,0
DA:624,0
DA:625,0
DA:628,0
DA:629,0
DA:633,0
DA:634,0
DA:639,9
DA:640,0
DA:641,0
DA:642,0
DA:644,0
DA:645,0
DA:646,0
DA:647,0
DA:654,9
DA:655,0
DA:656,0
DA:657,0
DA:658,0
DA:660,0
DA:662,0
DA:663,0
DA:668,9
DA:669,0
DA:670,0
DA:671,0
DA:673,0
DA:677,9
DA:681,9
DA:682,0
DA:685,9
DA:686,9
DA:687,9
DA:688,0
DA:690,9
DA:692,9
DA:693,0
DA:695,0
DA:696,0
DA:702,9
DA:704,0
DA:708,9
DA:713,0
DA:714,0
DA:716,0
DA:717,0
DA:718,0
DA:719,0
DA:721,0
DA:724,0
DA:725,0
DA:726,0
DA:728,0
DA:731,0
DA:732,0
DA:733,0
DA:736,0
DA:737,0
DA:739,0
DA:744,0
DA:745,0
DA:746,0
DA:748,0
DA:755,0
DA:763,0
DA:764,0
DA:768,9
DA:769,0
DA:770,0
DA:772,0
DA:773,0
DA:774,0
DA:775,0
DA:776,0
DA:782,9
DA:783,0
DA:785,0
DA:786,0
DA:788,0
DA:789,0
DA:793,0
DA:794,0
DA:797,0
DA:800,0
DA:801,0
DA:802,0
DA:803,0
DA:804,0
DA:805,0
DA:810,9
DA:811,0
DA:814,9
DA:815,0
DA:818,9
DA:820,0
DA:821,0
DA:822,0
DA:823,0
DA:826,0
DA:827,0
DA:828,0
DA:829,0
DA:834,0
DA:840,0
DA:841,0
DA:842,0
DA:843,0
DA:844,0
DA:850,9
DA:851,0
DA:852,0
DA:853,0
DA:857,0
DA:858,0
DA:859,0
DA:863,9
DA:864,0
DA:865,0
DA:866,0
DA:868,0
DA:869,0
DA:870,0
DA:871,0
DA:879,0
DA:880,0
DA:882,0
DA:883,0
DA:884,0
DA:885,0
DA:886,0
DA:890,0
DA:891,0
DA:892,0
DA:895,0
DA:896,0
DA:897,0
DA:898,0
DA:899,0
DA:901,0
DA:902,0
DA:903,0
DA:904,0
DA:905,0
DA:906,0
DA:908,0
DA:913,0
DA:916,0
DA:917,0
DA:918,0
DA:919,0
DA:921,0
DA:924,0
DA:925,0
DA:926,0
DA:928,0
DA:931,0
DA:932,0
DA:933,0
DA:936,0
DA:937,0
DA:939,0
DA:942,0
DA:954,0
DA:959,0
DA:960,0
DA:962,0
DA:966,0
DA:971,0
DA:972,0
DA:978,9
DA:979,0
DA:980,0
DA:982,0
DA:983,0
DA:988,0
DA:989,0
DA:990,0
DA:991,0
DA:992,0
DA:993,0
DA:994,0
DA:996,0
DA:1007,0
DA:1011,0
DA:1012,0
DA:1013,0
DA:1014,0
DA:1015,0
DA:1017,0
DA:1020,9
DA:1021,0
DA:1022,0
DA:1025,0
DA:1026,0
DA:1027,0
DA:1028,0
DA:1029,0
DA:1031,0
DA:1032,0
DA:1033,0
DA:1034,0
DA:1036,0
DA:1037,0
DA:1039,0
DA:1043,0
DA:1044,0
DA:1047,0
DA:1054,9
DA:1056,9
DA:1059,9
DA:1060,9
DA:1063,9
DA:1064,0
DA:1065,0
DA:1066,0
DA:1070,9
DA:1071,9
DA:1072,9
DA:1075,0
DA:1078,9
DA:1079,0
DA:1080,0
DA:1085,11
DA:1086,11
DA:1089,11
DA:1096,11
DA:1099,11
DA:1100,0
DA:1101,11
DA:1102,0
DA:1105,11
DA:1111,11
DA:1121,11
DA:1130,11
DA:1132,11
DA:1133,0
DA:1135,11
DA:1136,0
DA:1140,11
DA:1142,11
DA:1145,11
DA:1148,11
DA:1150,11
DA:1151,0
DA:1153,11
DA:1155,11
DA:1156,0
DA:1157,0
DA:1158,0
DA:1165,0
DA:1166,0
DA:1167,0
DA:1168,0
DA:1170,0
DA:1173,0
DA:1182,11
DA:1183,11
DA:1186,11
DA:1187,11
DA:1188,11
DA:1189,11
DA:1191,11
DA:1194,11
DA:1197,11
DA:1199,11
DA:1200,0
DA:1202,11
DA:1205,11
DA:1206,0
DA:1213,11
DA:1223,0
DA:1240,0
DA:1320,0
DA:1340,0
DA:1341,0
LF:537
LH:184
BRDA:126,0,0,0
BRDA:126,1,0,0
BRDA:126,1,1,0
BRDA:265,2,0,0
BRDA:268,3,0,0
BRDA:268,3,1,0
BRDA:268,4,0,0
BRDA:268,4,1,0
BRDA:271,5,0,0
BRDA:274,6,0,0
BRDA:278,7,0,0
BRDA:278,7,1,0
BRDA:284,8,0,0
BRDA:288,9,0,0
BRDA:301,10,0,0
BRDA:301,10,1,0
BRDA:331,11,0,0
BRDA:343,12,0,0
BRDA:349,13,0,0
BRDA:465,14,0,0
BRDA:476,15,0,0
BRDA:476,15,1,0
BRDA:489,16,0,0
BRDA:491,17,0,0
BRDA:491,18,0,0
BRDA:491,18,1,0
BRDA:495,19,0,0
BRDA:507,20,0,0
BRDA:507,20,1,0
BRDA:547,21,0,0
BRDA:567,22,0,0
BRDA:570,23,0,0
BRDA:579,24,0,0
BRDA:582,25,0,0
BRDA:588,26,0,0
BRDA:592,27,0,0
BRDA:598,28,0,0
BRDA:598,28,1,0
BRDA:598,28,2,0
BRDA:598,28,3,0
BRDA:598,28,4,0
BRDA:598,28,5,0
BRDA:598,28,6,0
BRDA:617,29,0,0
BRDA:623,30,0,0
BRDA:623,31,0,0
BRDA:623,31,1,0
BRDA:628,32,0,0
BRDA:628,33,0,0
BRDA:628,33,1,0
BRDA:628,33,2,0
BRDA:641,34,0,0
BRDA:641,35,0,0
BRDA:641,35,1,0
BRDA:645,36,0,0
BRDA:645,37,0,0
BRDA:645,37,1,0
BRDA:655,38,0,0
BRDA:670,39,0,0
BRDA:671,40,0,0
BRDA:671,40,1,0
BRDA:681,41,0,0
BRDA:687,42,0,0
BRDA:687,42,1,9
BRDA:687,43,0,9
BRDA:687,43,1,9
BRDA:690,44,0,0
BRDA:690,44,1,9
BRDA:690,45,0,9
BRDA:690,45,1,9
BRDA:693,46,0,0
BRDA:693,46,1,0
BRDA:693,47,0,0
BRDA:693,47,1,0
BRDA:695,48,0,0
BRDA:695,48,1,0
BRDA:695,49,0,0
BRDA:695,49,1,0
BRDA:713,50,0,0
BRDA:713,50,1,0
BRDA:714,51,0,0
BRDA:714,51,1,0
BRDA:716,52,0,0
BRDA:718,53,0,0
BRDA:724,54,0,0
BRDA:725,55,0,0
BRDA:731,56,0,0
BRDA:731,57,0,0
BRDA:731,57,1,0
BRDA:736,58,0,0
BRDA:736,59,0,0
BRDA:736,59,1,0
BRDA:736,59,2,0
BRDA:785,60,0,0
BRDA:785,60,1,0
BRDA:785,61,0,0
BRDA:785,61,1,0
BRDA:786,62,0,0
BRDA:793,63,0,0
BRDA:793,63,1,0
BRDA:823,64,0,0
BRDA:823,64,1,0
BRDA:828,65,0,0
BRDA:828,66,0,0
BRDA:828,66,1,0
BRDA:828,67,0,0
BRDA:828,67,1,0
BRDA:852,68,0,0
BRDA:852,68,1,0
BRDA:852,69,0,0
BRDA:852,69,1,0
BRDA:852,70,0,0
BRDA:852,70,1,0
BRDA:852,71,0,0
BRDA:852,71,1,0
BRDA:853,72,0,0
BRDA:853,72,1,0
BRDA:854,73,0,0
BRDA:854,73,1,0
BRDA:865,74,0,0
BRDA:865,75,0,0
BRDA:865,75,1,0
BRDA:979,76,0,0
BRDA:979,77,0,0
BRDA:979,77,1,0
BRDA:1021,78,0,0
BRDA:1021,79,0,0
BRDA:1021,79,1,0
BRDA:1033,80,0,0
BRDA:1036,81,0,0
BRDA:1036,81,1,0
BRDA:1036,82,0,0
BRDA:1036,82,1,0
BRDA:77,83,0,0
BRDA:81,84,0,0
BRDA:82,85,0,9
BRDA:82,85,1,9
BRDA:82,85,2,9
BRDA:89,86,0,9
BRDA:89,86,1,0
BRDA:92,87,0,0
BRDA:92,87,1,9
BRDA:93,88,0,0
BRDA:93,88,1,9
BRDA:93,89,0,9
BRDA:93,89,1,9
BRDA:93,90,0,9
BRDA:93,90,1,0
BRDA:93,91,0,9
BRDA:93,91,1,0
BRDA:94,92,0,0
BRDA:94,92,1,9
BRDA:94,93,0,9
BRDA:94,93,1,9
BRDA:94,94,0,9
BRDA:94,94,1,0
BRDA:94,95,0,9
BRDA:94,95,1,0
BRDA:95,96,0,0
BRDA:95,96,1,9
BRDA:95,97,0,9
BRDA:95,97,1,9
BRDA:95,98,0,9
BRDA:95,98,1,0
BRDA:95,99,0,9
BRDA:95,99,1,0
BRDA:97,100,0,0
BRDA:97,100,1,9
BRDA:99,101,0,0
BRDA:99,101,1,9
BRDA:99,102,0,9
BRDA:99,102,1,9
BRDA:99,103,0,9
BRDA:99,103,1,0
BRDA:99,104,0,9
BRDA:99,104,1,0
BRDA:100,105,0,0
BRDA:100,105,1,9
BRDA:100,106,0,9
BRDA:100,106,1,9
BRDA:100,107,0,9
BRDA:100,107,1,0
BRDA:100,108,0,9
BRDA:100,108,1,0
BRDA:102,109,0,0
BRDA:102,109,1,9
BRDA:102,110,0,9
BRDA:102,110,1,9
BRDA:102,111,0,9
BRDA:102,111,1,0
BRDA:102,112,0,9
BRDA:102,112,1,0
BRDA:105,113,0,0
BRDA:105,113,1,9
BRDA:105,114,0,9
BRDA:105,114,1,9
BRDA:132,115,0,7
BRDA:152,116,0,2
BRDA:164,117,0,0
BRDA:179,118,0,0
BRDA:179,118,1,2
BRDA:179,119,0,2
BRDA:179,119,1,2
BRDA:206,120,0,2
BRDA:206,120,1,1
BRDA:217,121,0,2
BRDA:218,122,0,2
BRDA:218,122,1,0
BRDA:218,123,0,2
BRDA:218,123,1,2
BRDA:220,124,0,0
BRDA:238,125,0,0
BRDA:251,126,0,0
BRDA:251,126,1,0
BRDA:371,127,0,0
BRDA:371,128,0,9
BRDA:371,128,1,9
BRDA:373,129,0,0
BRDA:373,129,1,0
BRDA:378,130,0,0
BRDA:390,131,0,9
BRDA:390,131,1,0
BRDA:390,132,0,9
BRDA:390,132,1,0
BRDA:395,133,0,2
BRDA:398,134,0,0
BRDA:398,134,1,2
BRDA:398,135,0,2
BRDA:398,135,1,2
BRDA:399,136,0,0
BRDA:399,136,1,2
BRDA:399,137,0,2
BRDA:399,137,1,2
BRDA:406,138,0,2
BRDA:406,138,1,0
BRDA:417,139,0,0
BRDA:418,140,0,0
BRDA:418,140,1,0
BRDA:430,141,0,0
BRDA:431,142,0,0
BRDA:431,142,1,0
BRDA:436,143,0,0
BRDA:444,144,0,0
BRDA:879,145,0,0
BRDA:879,146,0,0
BRDA:879,146,1,0
BRDA:884,147,0,0
BRDA:886,148,0,0
BRDA:886,149,0,0
BRDA:886,149,1,0
BRDA:891,150,0,0
BRDA:891,150,1,0
BRDA:892,151,0,0
BRDA:892,151,1,0
BRDA:895,152,0,0
BRDA:895,152,1,0
BRDA:896,153,0,0
BRDA:896,153,1,0
BRDA:896,154,0,0
BRDA:896,154,1,0
BRDA:897,155,0,0
BRDA:897,155,1,0
BRDA:897,156,0,0
BRDA:897,156,1,0
BRDA:898,157,0,0
BRDA:898,157,1,0
BRDA:898,158,0,0
BRDA:898,158,1,0
BRDA:902,159,0,0
BRDA:902,160,0,0
BRDA:902,160,1,0
BRDA:905,161,0,0
BRDA:905,161,1,0
BRDA:905,162,0,0
BRDA:905,162,1,0
BRDA:913,163,0,0
BRDA:913,163,1,0
BRDA:916,164,0,0
BRDA:918,165,0,0
BRDA:924,166,0,0
BRDA:925,167,0,0
BRDA:931,168,0,0
BRDA:931,169,0,0
BRDA:931,169,1,0
BRDA:936,170,0,0
BRDA:936,171,0,0
BRDA:936,171,1,0
BRDA:936,171,2,0
BRDA:945,172,0,0
BRDA:945,172,1,0
BRDA:946,173,0,0
BRDA:946,173,1,0
BRDA:948,174,0,0
BRDA:948,174,1,0
BRDA:949,175,0,0
BRDA:949,175,1,0
BRDA:959,176,0,0
BRDA:959,177,0,0
BRDA:959,177,1,0
BRDA:963,178,0,0
BRDA:963,178,1,0
BRDA:963,179,0,0
BRDA:963,179,1,0
BRDA:964,180,0,0
BRDA:964,180,1,0
BRDA:964,181,0,0
BRDA:964,181,1,0
BRDA:965,182,0,0
BRDA:965,182,1,0
BRDA:965,183,0,0
BRDA:965,183,1,0
BRDA:966,184,0,0
BRDA:966,184,1,0
BRDA:966,185,0,0
BRDA:966,185,1,0
BRDA:967,186,0,0
BRDA:967,186,1,0
BRDA:967,187,0,0
BRDA:967,187,1,0
BRDA:968,188,0,0
BRDA:968,188,1,0
BRDA:968,189,0,0
BRDA:968,189,1,0
BRDA:969,190,0,0
BRDA:969,190,1,0
BRDA:969,191,0,0
BRDA:969,191,1,0
BRDA:1059,192,0,9
BRDA:1059,192,1,0
BRDA:1060,193,0,9
BRDA:1060,193,1,0
BRDA:1063,194,0,0
BRDA:1063,195,0,9
BRDA:1063,195,1,0
BRDA:1064,196,0,0
BRDA:1064,197,0,0
BRDA:1064,197,1,0
BRDA:1065,198,0,0
BRDA:1065,199,0,0
BRDA:1065,199,1,0
BRDA:1066,200,0,0
BRDA:1070,201,0,0
BRDA:1070,202,0,9
BRDA:1070,202,1,0
BRDA:1071,203,0,0
BRDA:1071,204,0,9
BRDA:1071,204,1,0
BRDA:1072,205,0,9
BRDA:1096,206,0,11
BRDA:1096,206,1,0
BRDA:1099,207,0,0
BRDA:1099,207,1,11
BRDA:1101,208,0,0
BRDA:1101,209,0,11
BRDA:1101,209,1,11
BRDA:1132,210,0,0
BRDA:1132,211,0,11
BRDA:1132,211,1,11
BRDA:1135,212,0,0
BRDA:1142,213,0,11
BRDA:1142,213,1,0
BRDA:1150,214,0,0
BRDA:1156,215,0,0
BRDA:1156,215,1,0
BRDA:1156,216,0,0
BRDA:1156,216,1,0
BRDA:1156,217,0,0
BRDA:1156,217,1,0
BRDA:1165,218,0,0
BRDA:1165,218,1,0
BRDA:1167,219,0,0
BRDA:1167,219,1,0
BRDA:1175,220,0,0
BRDA:1175,220,1,0
BRDA:1175,221,0,0
BRDA:1175,221,1,0
BRDA:1175,222,0,0
BRDA:1175,222,1,0
BRDA:1184,223,0,11
BRDA:1184,223,1,11
BRDA:1184,223,2,0
BRDA:1184,224,0,0
BRDA:1184,224,1,0
BRDA:1184,225,0,0
BRDA:1184,225,1,0
BRDA:1186,226,0,0
BRDA:1186,226,1,11
BRDA:1187,227,0,0
BRDA:1187,227,1,11
BRDA:1187,228,0,11
BRDA:1187,228,1,11
BRDA:1187,229,0,11
BRDA:1187,229,1,0
BRDA:1187,230,0,11
BRDA:1187,230,1,11
BRDA:1188,231,0,11
BRDA:1188,231,1,0
BRDA:1192,232,0,11
BRDA:1192,232,1,0
BRDA:1195,233,0,11
BRDA:1195,233,1,0
BRDA:1197,234,0,11
BRDA:1197,234,1,0
BRDA:1197,234,2,0
BRDA:1202,235,0,0
BRDA:1202,235,1,11
BRDA:1205,236,0,0
BRDA:1209,237,0,0
BRDA:1209,237,1,0
BRDA:1216,238,0,11
BRDA:1216,238,1,0
BRDA:1219,239,0,0
BRDA:1219,239,1,0
BRDA:1226,240,0,0
BRDA:1226,240,1,0
BRDA:1228,241,0,0
BRDA:1228,241,1,0
BRDA:1230,242,0,0
BRDA:1230,242,1,0
BRF:419
BRH:96
end_of_record
TN:
SF:src/agGridModules.ts
FNF:0
FNH:0
DA:2,1
DA:8,1
DA:23,1
LF:3
LH:3
BRF:0
BRH:0
end_of_record
TN:
SF:src/components/CardView.tsx
FN:12,DynamicView
FN:15,(anonymous_1)
FN:17,(anonymous_2)
FN:28,(anonymous_3)
FN:36,(anonymous_4)
FN:38,(anonymous_5)
FN:47,(anonymous_6)
FN:48,(anonymous_7)
FNF:8
FNH:0
FNDA:0,DynamicView
FNDA:0,(anonymous_1)
FNDA:0,(anonymous_2)
FNDA:0,(anonymous_3)
FNDA:0,(anonymous_4)
FNDA:0,(anonymous_5)
FNDA:0,(anonymous_6)
FNDA:0,(anonymous_7)
DA:1,1
DA:4,1
DA:12,1
DA:13,0
DA:15,0
DA:17,0
DA:18,0
DA:19,0
DA:23,0
DA:26,0
DA:28,0
DA:29,0
DA:34,0
DA:38,0
DA:39,0
DA:40,0
DA:42,0
DA:43,0
DA:46,0
DA:47,0
DA:52,0
DA:53,0
DA:54,0
DA:56,0
DA:58,0
DA:59,0
DA:62,0
DA:64,0
DA:72,0
DA:73,0
DA:75,0
LF:31
LH:3
BRDA:18,0,0,0
BRDA:26,1,0,0
BRDA:26,2,0,0
BRDA:26,2,1,0
BRDA:39,3,0,0
BRDA:42,4,0,0
BRDA:42,4,1,0
BRDA:42,5,0,0
BRDA:42,5,1,0
BRDA:43,6,0,0
BRDA:43,6,1,0
BRDA:52,7,0,0
BRDA:52,7,1,0
BRDA:56,8,0,0
BRDA:56,8,1,0
BRDA:56,9,0,0
BRDA:56,9,1,0
BRDA:59,10,0,0
BRDA:59,10,1,0
BRDA:59,11,0,0
BRDA:59,11,1,0
BRDA:59,12,0,0
BRDA:59,12,1,0
BRDA:77,13,0,0
BRDA:77,13,1,0
BRDA:77,14,0,0
BRDA:77,14,1,0
BRDA:79,15,0,0
BRDA:79,15,1,0
BRDA:79,16,0,0
BRDA:79,16,1,0
BRDA:93,17,0,0
BRDA:93,17,1,0
BRF:33
BRH:0
end_of_record
TN:
SF:src/components/ColumnVisibilityPopover.tsx
FN:13,(anonymous_0)
FN:26,(anonymous_1)
FN:34,(anonymous_2)
FN:35,(anonymous_3)
FN:45,(anonymous_4)
FN:51,(anonymous_5)
FN:52,(anonymous_6)
FN:86,(anonymous_7)
FN:94,(anonymous_8)
FN:100,(anonymous_9)
FN:105,(anonymous_10)
FN:106,(anonymous_11)
FN:114,(anonymous_12)
FN:115,(anonymous_13)
FN:124,(anonymous_14)
FN:129,(anonymous_15)
FN:160,(anonymous_16)
FN:227,(anonymous_17)
FN:237,(anonymous_18)
FNF:19
FNH:6
FNDA:11,(anonymous_0)
FNDA:9,(anonymous_1)
FNDA:9,(anonymous_2)
FNDA:0,(anonymous_3)
FNDA:9,(anonymous_4)
FNDA:9,(anonymous_5)
FNDA:0,(anonymous_6)
FNDA:9,(anonymous_7)
FNDA:0,(anonymous_8)
FNDA:0,(anonymous_9)
FNDA:0,(anonymous_10)
FNDA:0,(anonymous_11)
FNDA:0,(anonymous_12)
FNDA:0,(anonymous_13)
FNDA:0,(anonymous_14)
FNDA:0,(anonymous_15)
FNDA:0,(anonymous_16)
FNDA:0,(anonymous_17)
FNDA:0,(anonymous_18)
DA:1,1
DA:13,1
DA:21,11
DA:22,11
DA:23,11
DA:26,11
DA:27,9
DA:29,0
DA:34,11
DA:35,9
DA:36,0
DA:37,0
DA:41,9
DA:42,0
DA:45,9
DA:46,9
DA:51,11
DA:52,9
DA:53,0
DA:54,0
DA:55,0
DA:59,0
DA:60,0
DA:63,0
DA:64,0
DA:66,0
DA:68,0
DA:69,0
DA:70,0
DA:74,0
DA:75,0
DA:76,0
DA:82,9
DA:83,0
DA:86,9
DA:87,9
DA:91,11
DA:94,0
DA:95,0
DA:96,0
DA:100,0
DA:101,0
DA:105,0
DA:106,0
DA:107,0
DA:108,0
DA:109,0
DA:114,0
DA:115,0
DA:116,0
DA:117,0
DA:118,0
DA:124,0
DA:125,0
DA:126,0
DA:129,0
DA:130,0
DA:131,0
DA:134,0
DA:160,0
DA:228,0
DA:229,0
DA:230,0
DA:232,0
DA:238,0
DA:239,0
LF:66
LH:18
BRDA:27,0,0,0
BRDA:27,1,0,9
BRDA:27,1,1,0
BRDA:36,2,0,0
BRDA:36,3,0,0
BRDA:36,3,1,0
BRDA:41,4,0,0
BRDA:53,5,0,0
BRDA:59,6,0,0
BRDA:59,7,0,0
BRDA:59,7,1,0
BRDA:66,8,0,0
BRDA:66,8,1,0
BRDA:68,9,0,0
BRDA:74,10,0,0
BRDA:82,11,0,0
BRDA:91,12,0,11
BRDA:95,13,0,0
BRDA:95,13,1,0
BRDA:95,14,0,0
BRDA:95,14,1,0
BRDA:95,15,0,0
BRDA:95,15,1,0
BRDA:107,16,0,0
BRDA:107,16,1,0
BRDA:107,17,0,0
BRDA:107,17,1,0
BRDA:108,18,0,0
BRDA:108,19,0,0
BRDA:108,19,1,0
BRDA:116,20,0,0
BRDA:116,20,1,0
BRDA:116,21,0,0
BRDA:116,21,1,0
BRDA:117,22,0,0
BRDA:117,23,0,0
BRDA:117,23,1,0
BRDA:125,24,0,0
BRDA:125,24,1,0
BRDA:125,25,0,0
BRDA:125,25,1,0
BRDA:126,26,0,0
BRDA:126,26,1,0
BRDA:130,27,0,0
BRDA:130,27,1,0
BRDA:130,28,0,0
BRDA:130,28,1,0
BRDA:131,29,0,0
BRDA:131,29,1,0
BRDA:189,30,0,0
BRDA:189,30,1,0
BRDA:190,31,0,0
BRDA:190,31,1,0
BRDA:205,32,0,0
BRDA:205,32,1,0
BRDA:206,33,0,0
BRDA:206,33,1,0
BRDA:222,34,0,0
BRDA:222,34,1,0
BRDA:228,35,0,0
BRDA:228,35,1,0
BRDA:228,36,0,0
BRDA:228,36,1,0
BRDA:229,37,0,0
BRDA:229,37,1,0
BRDA:229,38,0,0
BRDA:229,38,1,0
BRDA:229,39,0,0
BRDA:229,39,1,0
BRDA:230,40,0,0
BRDA:230,40,1,0
BRDA:238,41,0,0
BRDA:244,42,0,0
BRDA:244,42,1,0
BRDA:251,43,0,0
BRDA:251,43,1,0
BRDA:233,44,0,0
BRDA:233,44,1,0
BRF:78
BRH:2
end_of_record
TN:
SF:src/components/CustomTemplateView.tsx
FN:17,CustomTemplateView
FN:41,(anonymous_1)
FN:52,(anonymous_2)
FN:58,(anonymous_3)
FN:70,(anonymous_4)
FN:89,(anonymous_5)
FN:151,(anonymous_6)
FN:160,(anonymous_7)
FN:172,(anonymous_8)
FN:183,(anonymous_9)
FN:187,(anonymous_10)
FN:214,(anonymous_11)
FN:219,(anonymous_12)
FN:223,(anonymous_13)
FN:227,(anonymous_14)
FN:231,(anonymous_15)
FN:238,(anonymous_16)
FN:243,(anonymous_17)
FN:255,(anonymous_18)
FN:299,(anonymous_19)
FN:311,(anonymous_20)
FN:353,(anonymous_21)
FN:378,(anonymous_22)
FN:400,(anonymous_23)
FN:413,(anonymous_24)
FNF:25
FNH:0
FNDA:0,CustomTemplateView
FNDA:0,(anonymous_1)
FNDA:0,(anonymous_2)
FNDA:0,(anonymous_3)
FNDA:0,(anonymous_4)
FNDA:0,(anonymous_5)
FNDA:0,(anonymous_6)
FNDA:0,(anonymous_7)
FNDA:0,(anonymous_8)
FNDA:0,(anonymous_9)
FNDA:0,(anonymous_10)
FNDA:0,(anonymous_11)
FNDA:0,(anonymous_12)
FNDA:0,(anonymous_13)
FNDA:0,(anonymous_14)
FNDA:0,(anonymous_15)
FNDA:0,(anonymous_16)
FNDA:0,(anonymous_17)
FNDA:0,(anonymous_18)
FNDA:0,(anonymous_19)
FNDA:0,(anonymous_20)
FNDA:0,(anonymous_21)
FNDA:0,(anonymous_22)
FNDA:0,(anonymous_23)
FNDA:0,(anonymous_24)
DA:4,1
DA:5,1
DA:17,1
DA:25,0
DA:28,0
DA:29,0
DA:33,0
DA:34,0
DA:41,0
DA:42,0
DA:43,0
DA:47,0
DA:50,0
DA:52,0
DA:53,0
DA:58,0
DA:59,0
DA:62,0
DA:65,0
DA:68,0
DA:70,0
DA:71,0
DA:74,0
DA:79,0
DA:81,0
DA:82,0
DA:85,0
DA:86,0
DA:89,0
DA:91,0
DA:92,0
DA:94,0
DA:95,0
DA:96,0
DA:98,0
DA:99,0
DA:103,0
DA:104,0
DA:106,0
DA:109,0
DA:111,0
DA:112,0
DA:119,0
DA:120,0
DA:127,0
DA:137,0
DA:141,0
DA:144,0
DA:148,0
DA:151,0
DA:152,0
DA:156,0
DA:158,0
DA:161,0
DA:162,0
DA:164,0
DA:170,0
DA:172,0
DA:173,0
DA:175,0
DA:177,0
DA:180,0
DA:183,0
DA:184,0
DA:185,0
DA:186,0
DA:187,0
DA:189,0
DA:190,0
DA:191,0
DA:192,0
DA:193,0
DA:194,0
DA:199,0
DA:202,0
DA:206,0
DA:207,0
DA:211,0
DA:214,0
DA:219,0
DA:222,0
DA:223,0
DA:227,0
DA:230,0
DA:231,0
DA:235,0
DA:238,0
DA:240,0
DA:241,0
DA:242,0
DA:243,0
DA:245,0
DA:246,0
DA:247,0
DA:248,0
DA:249,0
DA:253,0
DA:255,0
DA:258,0
DA:260,0
DA:261,0
DA:263,0
DA:264,0
DA:266,0
DA:267,0
DA:268,0
DA:272,0
DA:274,0
DA:275,0
DA:277,0
DA:278,0
DA:280,0
DA:284,0
DA:287,0
DA:290,0
DA:294,0
DA:297,0
DA:298,0
DA:299,0
DA:301,0
DA:302,0
DA:303,0
DA:304,0
DA:305,0
DA:309,0
DA:311,0
DA:314,0
DA:316,0
DA:317,0
DA:319,0
DA:320,0
DA:322,0
DA:323,0
DA:324,0
DA:328,0
DA:330,0
DA:331,0
DA:333,0
DA:334,0
DA:336,0
DA:339,0
DA:340,0
DA:345,0
DA:348,0
DA:352,0
DA:353,0
DA:354,0
DA:355,0
DA:356,0
DA:357,0
DA:359,0
DA:360,0
DA:363,0
DA:368,0
DA:371,0
DA:375,0
DA:376,0
DA:377,0
DA:378,0
DA:380,0
DA:381,0
DA:382,0
DA:383,0
DA:384,0
DA:385,0
DA:390,0
DA:395,0
DA:398,0
DA:401,0
DA:402,0
DA:403,0
DA:405,0
DA:406,0
DA:409,0
DA:413,0
LF:175
LH:3
BRDA:23,0,0,0
BRDA:28,1,0,0
BRDA:28,2,0,0
BRDA:28,2,1,0
BRDA:33,3,0,0
BRDA:33,4,0,0
BRDA:33,4,1,0
BRDA:33,4,2,0
BRDA:33,4,3,0
BRDA:42,5,0,0
BRDA:50,6,0,0
BRDA:50,7,0,0
BRDA:50,7,1,0
BRDA:65,8,0,0
BRDA:65,8,1,0
BRDA:79,9,0,0
BRDA:79,9,1,0
BRDA:89,10,0,0
BRDA:89,10,1,0
BRDA:89,11,0,0
BRDA:89,11,1,0
BRDA:91,12,0,0
BRDA:91,12,1,0
BRDA:91,13,0,0
BRDA:91,13,1,0
BRDA:91,14,0,0
BRDA:91,14,1,0
BRDA:94,15,0,0
BRDA:106,16,0,0
BRDA:106,17,0,0
BRDA:106,17,1,0
BRDA:109,18,0,0
BRDA:109,18,1,0
BRDA:109,19,0,0
BRDA:109,19,1,0
BRDA:111,20,0,0
BRDA:111,20,1,0
BRDA:111,21,0,0
BRDA:111,21,1,0
BRDA:119,22,0,0
BRDA:119,22,1,0
BRDA:130,23,0,0
BRDA:130,23,1,0
BRDA:137,24,0,0
BRDA:137,24,1,0
BRDA:137,25,0,0
BRDA:137,25,1,0
BRDA:161,26,0,0
BRDA:161,26,1,0
BRDA:173,27,0,0
BRDA:185,28,0,0
BRDA:187,29,0,0
BRDA:187,29,1,0
BRDA:187,30,0,0
BRDA:187,30,1,0
BRDA:189,31,0,0
BRDA:189,32,0,0
BRDA:189,32,1,0
BRDA:189,33,0,0
BRDA:189,33,1,0
BRDA:192,34,0,0
BRDA:192,35,0,0
BRDA:192,35,1,0
BRDA:194,36,0,0
BRDA:194,36,1,0
BRDA:206,37,0,0
BRDA:206,38,0,0
BRDA:206,38,1,0
BRDA:222,39,0,0
BRDA:230,40,0,0
BRDA:241,41,0,0
BRDA:243,42,0,0
BRDA:243,42,1,0
BRDA:243,43,0,0
BRDA:243,43,1,0
BRDA:245,44,0,0
BRDA:245,45,0,0
BRDA:245,45,1,0
BRDA:245,46,0,0
BRDA:245,46,1,0
BRDA:248,47,0,0
BRDA:248,48,0,0
BRDA:248,48,1,0
BRDA:258,49,0,0
BRDA:258,49,1,0
BRDA:258,49,2,0
BRDA:258,49,3,0
BRDA:258,49,4,0
BRDA:258,49,5,0
BRDA:260,50,0,0
BRDA:260,50,1,0
BRDA:263,51,0,0
BRDA:263,51,1,0
BRDA:266,52,0,0
BRDA:266,52,1,0
BRDA:267,53,0,0
BRDA:267,53,1,0
BRDA:269,54,0,0
BRDA:269,54,1,0
BRDA:277,55,0,0
BRDA:277,55,1,0
BRDA:297,56,0,0
BRDA:299,57,0,0
BRDA:299,57,1,0
BRDA:299,58,0,0
BRDA:299,58,1,0
BRDA:301,59,0,0
BRDA:301,60,0,0
BRDA:301,60,1,0
BRDA:301,61,0,0
BRDA:301,61,1,0
BRDA:304,62,0,0
BRDA:304,63,0,0
BRDA:304,63,1,0
BRDA:314,64,0,0
BRDA:314,64,1,0
BRDA:314,64,2,0
BRDA:314,64,3,0
BRDA:314,64,4,0
BRDA:314,64,5,0
BRDA:316,65,0,0
BRDA:316,65,1,0
BRDA:319,66,0,0
BRDA:319,66,1,0
BRDA:322,67,0,0
BRDA:322,67,1,0
BRDA:323,68,0,0
BRDA:323,68,1,0
BRDA:325,69,0,0
BRDA:325,69,1,0
BRDA:333,70,0,0
BRDA:333,70,1,0
BRDA:340,71,0,0
BRDA:340,71,1,0
BRDA:352,72,0,0
BRDA:352,73,0,0
BRDA:352,73,1,0
BRDA:352,73,2,0
BRDA:353,74,0,0
BRDA:353,74,1,0
BRDA:353,75,0,0
BRDA:353,75,1,0
BRDA:354,76,0,0
BRDA:354,77,0,0
BRDA:354,77,1,0
BRDA:354,78,0,0
BRDA:354,78,1,0
BRDA:357,79,0,0
BRDA:357,80,0,0
BRDA:357,80,1,0
BRDA:359,81,0,0
BRDA:364,82,0,0
BRDA:364,82,1,0
BRDA:364,82,2,0
BRDA:376,83,0,0
BRDA:378,84,0,0
BRDA:378,84,1,0
BRDA:378,85,0,0
BRDA:378,85,1,0
BRDA:380,86,0,0
BRDA:380,87,0,0
BRDA:380,87,1,0
BRDA:380,88,0,0
BRDA:380,88,1,0
BRDA:383,89,0,0
BRDA:383,90,0,0
BRDA:383,90,1,0
BRDA:385,91,0,0
BRDA:385,91,1,0
BRDA:420,92,0,0
BRDA:420,92,1,0
BRF:171
BRH:0
end_of_record
TN:
SF:src/components/FilterDrawer.tsx
FN:33,getColumnDataType
FN:90,inferTypeFromValues
FN:97,(anonymous_2)
FN:104,(anonymous_3)
FN:109,(anonymous_4)
FN:123,formatDateValue
FN:143,parseValueForSorting
FN:166,sortDistinctValues
FN:170,(anonymous_8)
FN:180,FilterDrawer
FN:203,(anonymous_10)
FN:210,(anonymous_11)
FN:216,(anonymous_12)
FN:221,(anonymous_13)
FN:229,(anonymous_14)
FN:234,(anonymous_15)
FN:239,(anonymous_16)
FN:246,(anonymous_17)
FN:293,(anonymous_18)
FN:329,(anonymous_19)
FN:331,(anonymous_20)
FN:343,(anonymous_21)
FN:352,(anonymous_22)
FN:353,(anonymous_23)
FN:387,(anonymous_24)
FN:388,(anonymous_25)
FN:411,(anonymous_26)
FN:412,(anonymous_27)
FN:431,(anonymous_28)
FN:441,(anonymous_29)
FN:471,(anonymous_30)
FN:479,(anonymous_31)
FN:490,(anonymous_32)
FN:534,(anonymous_33)
FN:539,(anonymous_34)
FN:576,(anonymous_35)
FN:594,(anonymous_36)
FN:603,(anonymous_37)
FN:626,(anonymous_38)
FN:646,(anonymous_39)
FNF:40
FNH:4
FNDA:0,getColumnDataType
FNDA:0,inferTypeFromValues
FNDA:0,(anonymous_2)
FNDA:0,(anonymous_3)
FNDA:0,(anonymous_4)
FNDA:0,formatDateValue
FNDA:0,parseValueForSorting
FNDA:0,sortDistinctValues
FNDA:0,(anonymous_8)
FNDA:11,FilterDrawer
FNDA:9,(anonymous_10)
FNDA:9,(anonymous_11)
FNDA:9,(anonymous_12)
FNDA:0,(anonymous_13)
FNDA:0,(anonymous_14)
FNDA:0,(anonymous_15)
FNDA:0,(anonymous_16)
FNDA:0,(anonymous_17)
FNDA:0,(anonymous_18)
FNDA:0,(anonymous_19)
FNDA:0,(anonymous_20)
FNDA:0,(anonymous_21)
FNDA:0,(anonymous_22)
FNDA:0,(anonymous_23)
FNDA:0,(anonymous_24)
FNDA:0,(anonymous_25)
FNDA:0,(anonymous_26)
FNDA:0,(anonymous_27)
FNDA:0,(anonymous_28)
FNDA:0,(anonymous_29)
FNDA:0,(anonymous_30)
FNDA:0,(anonymous_31)
FNDA:0,(anonymous_32)
FNDA:0,(anonymous_33)
FNDA:0,(anonymous_34)
FNDA:0,(anonymous_35)
FNDA:0,(anonymous_36)
FNDA:0,(anonymous_37)
FNDA:0,(anonymous_38)
FNDA:0,(anonymous_39)
DA:1,1
DA:3,1
DA:34,0
DA:35,0
DA:36,0
DA:38,0
DA:39,0
DA:42,0
DA:45,0
DA:46,0
DA:56,0
DA:57,0
DA:60,0
DA:68,0
DA:69,0
DA:72,0
DA:73,0
DA:74,0
DA:79,0
DA:80,0
DA:81,0
DA:82,0
DA:84,0
DA:91,0
DA:94,0
DA:97,0
DA:98,0
DA:99,0
DA:101,0
DA:104,0
DA:105,0
DA:108,0
DA:110,0
DA:115,0
DA:117,0
DA:124,0
DA:125,0
DA:126,0
DA:128,0
DA:129,0
DA:130,0
DA:131,0
DA:132,0
DA:134,0
DA:136,0
DA:147,0
DA:149,0
DA:151,0
DA:152,0
DA:154,0
DA:155,0
DA:157,0
DA:159,0
DA:170,0
DA:171,0
DA:172,0
DA:174,0
DA:175,0
DA:176,0
DA:180,1
DA:194,11
DA:197,11
DA:198,11
DA:199,11
DA:200,11
DA:203,11
DA:204,9
DA:205,9
DA:206,9
DA:210,11
DA:211,9
DA:212,0
DA:216,11
DA:217,9
DA:218,9
DA:221,0
DA:222,0
DA:223,0
DA:224,0
DA:228,0
DA:229,0
DA:230,0
DA:234,11
DA:235,0
DA:236,0
DA:239,11
DA:240,0
DA:241,0
DA:242,0
DA:243,0
DA:246,11
DA:247,0
DA:248,0
DA:249,0
DA:253,11
DA:255,0
DA:294,0
DA:295,0
DA:296,0
DA:297,0
DA:299,0
DA:304,0
DA:307,0
DA:308,0
DA:311,0
DA:315,0
DA:317,0
DA:322,0
DA:330,0
DA:331,0
DA:332,0
DA:333,0
DA:334,0
DA:336,0
DA:338,0
DA:344,0
DA:353,0
DA:354,0
DA:355,0
DA:356,0
DA:376,0
DA:378,0
DA:383,0
DA:384,0
DA:385,0
DA:387,0
DA:388,0
DA:389,0
DA:391,0
DA:396,0
DA:401,0
DA:402,0
DA:403,0
DA:405,0
DA:407,0
DA:411,0
DA:412,0
DA:413,0
DA:414,0
DA:416,0
DA:417,0
DA:418,0
DA:422,0
DA:432,0
DA:442,0
DA:460,0
DA:462,0
DA:464,0
DA:472,0
DA:480,0
DA:491,0
DA:492,0
DA:493,0
DA:534,0
DA:539,0
DA:577,0
DA:578,0
DA:581,0
DA:585,0
DA:589,0
DA:594,0
DA:603,0
DA:627,0
DA:647,0
LF:164
LH:21
BRDA:34,0,0,0
BRDA:34,0,1,0
BRDA:34,1,0,0
BRDA:34,1,1,0
BRDA:35,2,0,0
BRDA:35,3,0,0
BRDA:35,3,1,0
BRDA:35,3,2,0
BRDA:38,4,0,0
BRDA:42,5,0,0
BRDA:45,6,0,0
BRDA:56,7,0,0
BRDA:68,8,0,0
BRDA:73,9,0,0
BRDA:80,10,0,0
BRDA:81,11,0,0
BRDA:81,12,0,0
BRDA:81,12,1,0
BRDA:81,12,2,0
BRDA:82,13,0,0
BRDA:91,14,0,0
BRDA:99,15,0,0
BRDA:99,15,1,0
BRDA:101,16,0,0
BRDA:104,17,0,0
BRDA:104,17,1,0
BRDA:105,18,0,0
BRDA:110,19,0,0
BRDA:110,19,1,0
BRDA:110,19,2,0
BRDA:110,19,3,0
BRDA:115,20,0,0
BRDA:126,21,0,0
BRDA:147,22,0,0
BRDA:149,23,0,0
BRDA:149,23,1,0
BRDA:149,23,2,0
BRDA:149,23,3,0
BRDA:152,24,0,0
BRDA:152,24,1,0
BRDA:155,25,0,0
BRDA:155,25,1,0
BRDA:157,26,0,0
BRDA:157,26,1,0
BRDA:174,27,0,0
BRDA:175,28,0,0
BRDA:192,29,0,0
BRDA:211,30,0,0
BRDA:211,31,0,9
BRDA:211,31,1,0
BRDA:217,32,0,9
BRDA:222,33,0,0
BRDA:247,34,0,0
BRDA:253,35,0,11
BRDA:279,36,0,0
BRDA:279,36,1,0
BRDA:294,37,0,0
BRDA:294,37,1,0
BRDA:294,38,0,0
BRDA:294,38,1,0
BRDA:294,39,0,0
BRDA:294,39,1,0
BRDA:296,40,0,0
BRDA:296,40,1,0
BRDA:299,41,0,0
BRDA:300,42,0,0
BRDA:300,42,1,0
BRDA:300,42,2,0
BRDA:309,43,0,0
BRDA:309,43,1,0
BRDA:312,44,0,0
BRDA:312,44,1,0
BRDA:315,45,0,0
BRDA:317,46,0,0
BRDA:317,46,1,0
BRDA:317,47,0,0
BRDA:317,47,1,0
BRDA:324,48,0,0
BRDA:324,48,1,0
BRDA:324,49,0,0
BRDA:324,49,1,0
BRDA:324,50,0,0
BRDA:324,50,1,0
BRDA:333,51,0,0
BRDA:333,51,1,0
BRDA:349,52,0,0
BRDA:349,52,1,0
BRDA:376,53,0,0
BRDA:378,54,0,0
BRDA:378,54,1,0
BRDA:379,55,0,0
BRDA:379,55,1,0
BRDA:383,56,0,0
BRDA:383,56,1,0
BRDA:383,57,0,0
BRDA:383,57,1,0
BRDA:384,58,0,0
BRDA:384,58,1,0
BRDA:384,59,0,0
BRDA:384,59,1,0
BRDA:385,60,0,0
BRDA:385,60,1,0
BRDA:391,61,0,0
BRDA:391,61,1,0
BRDA:392,62,0,0
BRDA:392,62,1,0
BRDA:398,63,0,0
BRDA:398,63,1,0
BRDA:402,64,0,0
BRDA:402,64,1,0
BRDA:413,65,0,0
BRDA:424,66,0,0
BRDA:424,66,1,0
BRDA:424,67,0,0
BRDA:424,67,1,0
BRDA:424,68,0,0
BRDA:424,68,1,0
BRDA:447,69,0,0
BRDA:447,69,1,0
BRDA:462,70,0,0
BRDA:462,70,1,0
BRDA:466,71,0,0
BRDA:466,71,1,0
BRDA:466,72,0,0
BRDA:466,72,1,0
BRDA:466,73,0,0
BRDA:466,73,1,0
BRDA:481,74,0,0
BRDA:481,74,1,0
BRDA:487,75,0,0
BRDA:487,75,1,0
BRDA:536,76,0,0
BRDA:536,76,1,0
BRDA:556,77,0,0
BRDA:556,77,1,0
BRDA:575,78,0,0
BRDA:575,78,1,0
BRDA:578,79,0,0
BRDA:578,79,1,0
BRDA:581,80,0,0
BRDA:581,80,1,0
BRDA:581,81,0,0
BRDA:581,81,1,0
BRDA:595,82,0,0
BRDA:595,82,1,0
BRDA:595,83,0,0
BRDA:595,83,1,0
BRDA:595,84,0,0
BRDA:595,84,1,0
BRDA:596,85,0,0
BRDA:596,85,1,0
BRDA:596,86,0,0
BRDA:596,86,1,0
BRDA:596,87,0,0
BRDA:596,87,1,0
BRDA:600,88,0,0
BRDA:600,88,1,0
BRDA:618,89,0,0
BRDA:618,89,1,0
BRDA:624,90,0,0
BRDA:624,90,1,0
BRDA:644,91,0,0
BRDA:644,91,1,0
BRDA:668,92,0,0
BRDA:668,92,1,0
BRDA:668,92,2,0
BRDA:680,93,0,0
BRDA:680,93,1,0
BRDA:680,93,2,0
BRF:169
BRH:3
end_of_record
TN:
SF:src/components/GridView.tsx
FN:39,(anonymous_0)
FN:89,mapMendixColumnToColDef
FN:102,(anonymous_2)
FN:172,(anonymous_3)
FN:231,(anonymous_4)
FN:259,(anonymous_5)
FN:270,(anonymous_6)
FN:282,(anonymous_7)
FN:285,(anonymous_8)
FN:296,(anonymous_9)
FN:322,(anonymous_10)
FN:344,GridView
FN:369,(anonymous_12)
FN:386,(anonymous_13)
FN:387,(anonymous_14)
FN:395,(anonymous_15)
FN:396,(anonymous_16)
FN:406,(anonymous_17)
FN:445,(anonymous_18)
FNF:19
FNH:9
FNDA:9,(anonymous_0)
FNDA:9,mapMendixColumnToColDef
FNDA:24,(anonymous_2)
FNDA:0,(anonymous_3)
FNDA:0,(anonymous_4)
FNDA:0,(anonymous_5)
FNDA:0,(anonymous_6)
FNDA:0,(anonymous_7)
FNDA:0,(anonymous_8)
FNDA:0,(anonymous_9)
FNDA:24,(anonymous_10)
FNDA:12,GridView
FNDA:9,(anonymous_12)
FNDA:9,(anonymous_13)
FNDA:9,(anonymous_14)
FNDA:0,(anonymous_15)
FNDA:0,(anonymous_16)
FNDA:9,(anonymous_17)
FNDA:0,(anonymous_18)
DA:2,1
DA:3,1
DA:7,1
DA:8,1
DA:39,1
DA:41,9
DA:42,0
DA:45,9
DA:47,9
DA:48,0
DA:50,9
DA:51,0
DA:55,9
DA:56,9
DA:59,9
DA:60,0
DA:64,9
DA:78,0
DA:82,9
DA:89,1
DA:94,9
DA:95,9
DA:96,9
DA:103,24
DA:104,24
DA:105,24
DA:107,24
DA:108,0
DA:111,24
DA:112,24
DA:113,0
DA:114,0
DA:116,24
DA:117,24
DA:122,9
DA:123,0
DA:124,0
DA:126,0
DA:130,9
DA:134,9
DA:135,0
DA:137,9
DA:141,9
DA:142,0
DA:143,0
DA:144,0
DA:145,0
DA:147,9
DA:148,0
DA:149,0
DA:150,0
DA:153,9
DA:156,9
DA:157,0
DA:160,9
DA:161,9
DA:164,9
DA:165,0
DA:168,9
DA:169,0
DA:170,0
DA:173,0
DA:174,0
DA:178,0
DA:179,0
DA:181,0
DA:182,0
DA:183,0
DA:185,0
DA:188,0
DA:193,0
DA:199,0
DA:200,0
DA:203,0
DA:209,9
DA:210,9
DA:211,9
DA:214,9
DA:215,0
DA:219,9
DA:220,0
DA:221,0
DA:225,9
DA:226,9
DA:228,9
DA:230,0
DA:231,0
DA:232,0
DA:233,0
DA:239,0
DA:241,0
DA:245,0
DA:250,0
DA:259,0
DA:260,0
DA:268,9
DA:270,0
DA:271,0
DA:273,0
DA:274,0
DA:276,0
DA:277,0
DA:278,0
DA:282,0
DA:283,0
DA:284,0
DA:285,0
DA:286,0
DA:291,0
DA:297,0
DA:298,0
DA:309,0
DA:310,0
DA:311,0
DA:314,0
DA:316,0
DA:317,0
DA:322,9
DA:323,24
DA:324,24
DA:325,24
DA:333,0
DA:334,0
DA:339,9
DA:344,1
DA:367,12
DA:369,11
DA:370,9
DA:371,9
DA:374,0
DA:386,11
DA:387,9
DA:388,9
DA:389,0
DA:393,9
DA:394,9
DA:395,0
DA:396,0
DA:397,0
DA:398,0
DA:399,0
DA:400,0
DA:401,0
DA:406,9
DA:407,9
DA:411,11
DA:447,0
DA:448,0
DA:451,0
DA:454,0
DA:455,0
DA:456,0
DA:457,0
DA:462,0
LF:154
LH:65
BRDA:41,0,0,0
BRDA:41,1,0,9
BRDA:41,1,1,0
BRDA:45,2,0,0
BRDA:45,2,1,9
BRDA:45,3,0,9
BRDA:45,3,1,0
BRDA:47,4,0,0
BRDA:47,5,0,9
BRDA:47,5,1,9
BRDA:50,6,0,0
BRDA:55,7,0,9
BRDA:55,7,1,9
BRDA:56,8,0,9
BRDA:56,8,1,9
BRDA:56,9,0,0
BRDA:56,9,1,9
BRDA:56,10,0,9
BRDA:56,10,1,9
BRDA:59,11,0,0
BRDA:64,12,0,0
BRDA:65,13,0,9
BRDA:65,13,1,9
BRDA:65,13,2,9
BRDA:65,13,3,9
BRDA:65,13,4,9
BRDA:65,13,5,9
BRDA:65,13,6,9
BRDA:65,13,7,9
BRDA:65,13,8,9
BRDA:65,13,9,9
BRDA:65,13,10,9
BRDA:65,13,11,9
BRDA:95,14,0,0
BRDA:95,14,1,9
BRDA:95,15,0,9
BRDA:95,15,1,0
BRDA:97,16,0,9
BRDA:97,16,1,0
BRDA:97,17,0,0
BRDA:97,17,1,9
BRDA:97,18,0,9
BRDA:97,18,1,9
BRDA:98,19,0,9
BRDA:98,19,1,9
BRDA:98,20,0,0
BRDA:98,20,1,9
BRDA:98,21,0,9
BRDA:98,21,1,9
BRDA:105,22,0,0
BRDA:107,23,0,0
BRDA:111,24,0,0
BRDA:113,25,0,0
BRDA:122,26,0,0
BRDA:123,27,0,0
BRDA:123,27,1,0
BRDA:131,28,0,9
BRDA:131,28,1,9
BRDA:131,28,2,9
BRDA:131,28,3,9
BRDA:134,29,0,0
BRDA:134,29,1,9
BRDA:141,30,0,0
BRDA:141,30,1,9
BRDA:142,31,0,0
BRDA:142,31,1,0
BRDA:143,32,0,0
BRDA:143,32,1,0
BRDA:144,33,0,0
BRDA:144,34,0,0
BRDA:144,34,1,0
BRDA:147,35,0,0
BRDA:147,35,1,9
BRDA:148,36,0,0
BRDA:148,36,1,0
BRDA:149,37,0,0
BRDA:149,38,0,0
BRDA:149,38,1,0
BRDA:153,39,0,9
BRDA:153,39,1,0
BRDA:156,40,0,0
BRDA:156,41,0,9
BRDA:156,41,1,0
BRDA:160,42,0,9
BRDA:164,43,0,0
BRDA:164,44,0,9
BRDA:164,44,1,0
BRDA:168,45,0,0
BRDA:171,46,0,0
BRDA:171,46,1,0
BRDA:173,47,0,0
BRDA:178,48,0,0
BRDA:178,48,1,0
BRDA:182,49,0,0
BRDA:199,50,0,0
BRDA:203,51,0,0
BRDA:203,51,1,0
BRDA:214,52,0,0
BRDA:219,53,0,0
BRDA:225,54,0,9
BRDA:225,54,1,9
BRDA:226,55,0,9
BRDA:226,55,1,0
BRDA:226,56,0,9
BRDA:226,56,1,9
BRDA:228,57,0,0
BRDA:228,57,1,9
BRDA:228,58,0,9
BRDA:228,58,1,0
BRDA:230,59,0,0
BRDA:230,59,1,0
BRDA:230,60,0,0
BRDA:230,60,1,0
BRDA:245,61,0,0
BRDA:245,61,1,0
BRDA:251,62,0,0
BRDA:251,62,1,0
BRDA:251,63,0,0
BRDA:251,63,1,0
BRDA:253,64,0,0
BRDA:253,64,1,0
BRDA:268,65,0,0
BRDA:268,65,1,9
BRDA:273,66,0,0
BRDA:273,67,0,0
BRDA:273,67,1,0
BRDA:276,68,0,0
BRDA:276,69,0,0
BRDA:276,69,1,0
BRDA:278,70,0,0
BRDA:278,70,1,0
BRDA:279,71,0,0
BRDA:279,71,1,0
BRDA:279,72,0,0
BRDA:279,72,1,0
BRDA:280,73,0,0
BRDA:280,73,1,0
BRDA:280,74,0,0
BRDA:280,74,1,0
BRDA:297,75,0,0
BRDA:297,76,0,0
BRDA:297,76,1,0
BRDA:302,77,0,0
BRDA:302,77,1,0
BRDA:309,78,0,0
BRDA:314,79,0,0
BRDA:314,79,1,0
BRDA:317,80,0,0
BRDA:317,80,1,0
BRDA:324,81,0,0
BRDA:324,82,0,24
BRDA:324,82,1,24
BRDA:327,83,0,24
BRDA:327,83,1,24
BRDA:328,84,0,24
BRDA:328,84,1,24
BRDA:328,85,0,0
BRDA:328,85,1,24
BRDA:328,86,0,24
BRDA:328,86,1,24
BRDA:334,87,0,0
BRDA:334,87,1,0
BRDA:370,88,0,9
BRDA:388,89,0,9
BRDA:388,90,0,0
BRDA:388,90,1,9
BRDA:388,91,0,9
BRDA:388,91,1,9
BRDA:389,92,0,0
BRDA:389,92,1,0
BRDA:389,93,0,0
BRDA:389,93,1,0
BRDA:394,94,0,0
BRDA:394,95,0,9
BRDA:394,95,1,9
BRDA:397,96,0,0
BRDA:397,96,1,0
BRDA:397,97,0,0
BRDA:397,97,1,0
BRDA:397,98,0,0
BRDA:397,98,1,0
BRDA:398,99,0,0
BRDA:398,99,1,0
BRDA:398,100,0,0
BRDA:398,100,1,0
BRDA:398,101,0,0
BRDA:398,101,1,0
BRDA:399,102,0,0
BRDA:399,102,1,0
BRDA:399,103,0,0
BRDA:399,103,1,0
BRDA:400,104,0,0
BRDA:400,104,1,0
BRDA:400,105,0,0
BRDA:400,105,1,0
BRDA:436,106,0,0
BRDA:436,106,1,11
BRDA:451,107,0,0
BRDA:454,108,0,0
BRDA:454,109,0,0
BRDA:454,109,1,0
BRDA:454,109,2,0
BRDA:456,110,0,0
BRF:203
BRH:71
end_of_record
TN:
SF:src/components/MultiSelectFilter.tsx
FN:12,MultiSelectFilter
FN:24,(anonymous_1)
FN:25,(anonymous_2)
FN:32,(anonymous_3)
FN:42,(anonymous_4)
FN:50,(anonymous_5)
FN:57,(anonymous_6)
FN:63,(anonymous_7)
FN:70,(anonymous_8)
FN:72,(anonymous_9)
FN:77,(anonymous_10)
FN:85,(anonymous_11)
FN:91,(anonymous_12)
FN:95,(anonymous_13)
FN:136,(anonymous_14)
FN:174,(anonymous_15)
FN:184,(anonymous_16)
FN:197,(anonymous_17)
FNF:18
FNH:0
FNDA:0,MultiSelectFilter
FNDA:0,(anonymous_1)
FNDA:0,(anonymous_2)
FNDA:0,(anonymous_3)
FNDA:0,(anonymous_4)
FNDA:0,(anonymous_5)
FNDA:0,(anonymous_6)
FNDA:0,(anonymous_7)
FNDA:0,(anonymous_8)
FNDA:0,(anonymous_9)
FNDA:0,(anonymous_10)
FNDA:0,(anonymous_11)
FNDA:0,(anonymous_12)
FNDA:0,(anonymous_13)
FNDA:0,(anonymous_14)
FNDA:0,(anonymous_15)
FNDA:0,(anonymous_16)
FNDA:0,(anonymous_17)
DA:1,1
DA:12,1
DA:13,0
DA:14,0
DA:15,0
DA:16,0
DA:17,0
DA:18,0
DA:20,0
DA:21,0
DA:24,0
DA:25,0
DA:26,0
DA:27,0
DA:28,0
DA:32,0
DA:33,0
DA:34,0
DA:35,0
DA:39,0
DA:40,0
DA:41,0
DA:42,0
DA:43,0
DA:44,0
DA:50,0
DA:51,0
DA:52,0
DA:57,0
DA:58,0
DA:59,0
DA:63,0
DA:64,0
DA:65,0
DA:66,0
DA:70,0
DA:71,0
DA:72,0
DA:74,0
DA:77,0
DA:78,0
DA:79,0
DA:81,0
DA:85,0
DA:86,0
DA:87,0
DA:90,0
DA:91,0
DA:95,0
DA:96,0
DA:97,0
DA:98,0
DA:99,0
DA:100,0
DA:101,0
DA:103,0
DA:107,0
DA:137,0
DA:138,0
DA:174,0
DA:185,0
DA:186,0
DA:197,0
LF:63
LH:2
BRDA:13,0,0,0
BRDA:20,1,0,0
BRDA:20,1,1,0
BRDA:21,2,0,0
BRDA:21,2,1,0
BRDA:26,3,0,0
BRDA:26,4,0,0
BRDA:26,4,1,0
BRDA:33,5,0,0
BRDA:33,6,0,0
BRDA:33,6,1,0
BRDA:39,7,0,0
BRDA:51,8,0,0
BRDA:51,9,0,0
BRDA:51,9,1,0
BRDA:51,9,2,0
BRDA:58,10,0,0
BRDA:65,11,0,0
BRDA:71,12,0,0
BRDA:71,12,1,0
BRDA:78,13,0,0
BRDA:78,13,1,0
BRDA:90,14,0,0
BRDA:90,14,1,0
BRDA:96,15,0,0
BRDA:96,15,1,0
BRDA:97,16,0,0
BRDA:97,16,1,0
BRDA:98,17,0,0
BRDA:98,17,1,0
BRDA:100,18,0,0
BRDA:100,18,1,0
BRDA:123,19,0,0
BRDA:123,19,1,0
BRDA:132,20,0,0
BRDA:132,20,1,0
BRDA:150,21,0,0
BRDA:150,21,1,0
BRDA:166,22,0,0
BRDA:166,22,1,0
BRDA:181,23,0,0
BRDA:181,23,1,0
BRF:42
BRH:0
end_of_record
TN:
SF:src/components/Toolbar.tsx
FN:59,(anonymous_0)
FN:91,(anonymous_1)
FN:112,(anonymous_2)
FN:113,(anonymous_3)
FN:119,(anonymous_4)
FN:157,(anonymous_5)
FN:173,(anonymous_6)
FN:191,(anonymous_7)
FNF:8
FNH:1
FNDA:11,(anonymous_0)
FNDA:0,(anonymous_1)
FNDA:0,(anonymous_2)
FNDA:0,(anonymous_3)
FNDA:0,(anonymous_4)
FNDA:0,(anonymous_5)
FNDA:0,(anonymous_6)
FNDA:0,(anonymous_7)
DA:2,1
DA:3,1
DA:59,1
DA:90,11
DA:92,0
DA:94,11
DA:95,11
DA:97,11
DA:112,0
DA:114,0
DA:119,0
DA:157,0
DA:173,0
DA:191,0
LF:14
LH:7
BRDA:92,0,0,0
BRDA:92,0,1,0
BRDA:94,1,0,11
BRDA:94,1,1,0
BRDA:95,2,0,11
BRDA:95,2,1,11
BRDA:100,3,0,11
BRDA:100,3,1,0
BRDA:125,4,0,11
BRDA:125,4,1,0
BRDA:141,5,0,11
BRDA:141,5,1,0
BRDA:143,6,0,0
BRDA:143,6,1,0
BRDA:158,7,0,0
BRDA:158,7,1,0
BRDA:158,8,0,0
BRDA:158,8,1,0
BRDA:158,9,0,0
BRDA:158,9,1,0
BRDA:159,10,0,0
BRDA:159,10,1,0
BRDA:159,11,0,0
BRDA:159,11,1,0
BRDA:159,12,0,0
BRDA:159,12,1,0
BRDA:171,13,0,0
BRDA:171,13,1,0
BRDA:189,14,0,0
BRDA:189,14,1,0
BRDA:214,15,0,11
BRDA:214,15,1,0
BRDA:228,16,0,0
BRDA:228,16,1,0
BRDA:249,17,0,11
BRDA:249,17,1,0
BRDA:259,18,0,0
BRDA:259,18,1,0
BRDA:265,19,0,0
BRDA:265,19,1,0
BRF:40
BRH:8
end_of_record
TN:
SF:src/components/ViewSelector.tsx
FN:13,ViewSelector
FN:18,(anonymous_1)
FNF:2
FNH:0
FNDA:0,ViewSelector
FNDA:0,(anonymous_1)
DA:13,1
DA:14,0
DA:16,0
DA:18,0
DA:19,0
DA:22,0
LF:6
LH:1
BRDA:16,0,0,0
BRDA:16,0,1,0
BRDA:41,1,0,0
BRDA:41,1,1,0
BRDA:60,2,0,0
BRDA:60,2,1,0
BRF:6
BRH:0
end_of_record
TN:
SF:src/components/viewRenderer.tsx
FN:6,(anonymous_0)
FNF:1
FNH:1
FNDA:11,(anonymous_0)
DA:2,1
DA:3,1
DA:4,1
DA:6,1
DA:33,11
DA:34,11
DA:61,0
DA:62,0
DA:76,0
DA:77,0
DA:113,0
DA:114,0
DA:141,0
LF:13
LH:6
BRDA:33,0,0,11
BRDA:61,1,0,0
BRDA:62,2,0,0
BRDA:62,2,1,0
BRDA:76,3,0,0
BRDA:77,4,0,0
BRDA:77,4,1,0
BRDA:113,5,0,0
BRF:8
BRH:1
end_of_record
TN:
SF:src/utils/customFormatters.ts
FN:26,(anonymous_0)
FN:32,(anonymous_1)
FN:42,(anonymous_2)
FN:79,(anonymous_3)
FN:118,(anonymous_4)
FN:140,(anonymous_5)
FN:160,(anonymous_6)
FN:167,(anonymous_7)
FN:174,(anonymous_8)
FNF:9
FNH:1
FNDA:9,(anonymous_0)
FNDA:0,(anonymous_1)
FNDA:0,(anonymous_2)
FNDA:0,(anonymous_3)
FNDA:0,(anonymous_4)
FNDA:0,(anonymous_5)
FNDA:0,(anonymous_6)
FNDA:0,(anonymous_7)
FNDA:0,(anonymous_8)
DA:26,1
DA:27,9
DA:33,0
DA:35,0
DA:36,0
DA:37,0
DA:40,0
DA:42,0
DA:43,0
DA:50,0
DA:51,0
DA:52,0
DA:56,0
DA:57,0
DA:63,0
DA:70,0
DA:80,0
DA:87,0
DA:88,0
DA:89,0
DA:90,0
DA:91,0
DA:93,0
DA:99,0
DA:101,0
DA:106,0
DA:113,0
DA:115,0
DA:118,0
DA:119,0
DA:120,0
DA:121,0
DA:123,0
DA:127,0
DA:131,0
DA:132,0
DA:133,0
DA:141,0
DA:143,0
DA:144,0
DA:145,0
DA:148,0
DA:149,0
DA:150,0
DA:152,0
DA:153,0
DA:161,0
DA:168,0
DA:175,0
LF:49
LH:2
BRDA:35,0,0,0
BRDA:35,1,0,0
BRDA:35,1,1,0
BRDA:51,2,0,0
BRDA:82,3,0,0
BRDA:82,3,1,0
BRDA:82,4,0,0
BRDA:82,4,1,0
BRDA:87,5,0,0
BRDA:87,6,0,0
BRDA:87,6,1,0
BRDA:121,7,0,0
BRDA:121,7,1,0
BRDA:121,8,0,0
BRDA:121,8,1,0
BRDA:127,9,0,0
BRDA:127,9,1,0
BRDA:143,10,0,0
BRDA:145,11,0,0
BRDA:145,11,1,0
BRDA:150,12,0,0
BRDA:150,12,1,0
BRDA:150,13,0,0
BRDA:150,13,1,0
BRDA:153,14,0,0
BRDA:153,14,1,0
BRF:26
BRH:0
end_of_record
TN:
SF:src/utils/data.ts
FN:18,(anonymous_0)
FN:31,(anonymous_1)
FN:33,(anonymous_2)
FN:41,(anonymous_3)
FN:64,(anonymous_4)
FN:69,(anonymous_5)
FN:73,(anonymous_6)
FN:90,(anonymous_7)
FN:94,(anonymous_8)
FN:108,(anonymous_9)
FN:111,(anonymous_10)
FN:121,(anonymous_11)
FN:125,(anonymous_12)
FN:137,(anonymous_13)
FN:160,(anonymous_14)
FN:185,(anonymous_15)
FN:192,(anonymous_16)
FNF:17
FNH:3
FNDA:24,(anonymous_0)
FNDA:11,(anonymous_1)
FNDA:11,(anonymous_2)
FNDA:0,(anonymous_3)
FNDA:0,(anonymous_4)
FNDA:0,(anonymous_5)
FNDA:0,(anonymous_6)
FNDA:0,(anonymous_7)
FNDA:0,(anonymous_8)
FNDA:0,(anonymous_9)
FNDA:0,(anonymous_10)
FNDA:0,(anonymous_11)
FNDA:0,(anonymous_12)
FNDA:0,(anonymous_13)
FNDA:0,(anonymous_14)
FNDA:0,(anonymous_15)
FNDA:0,(anonymous_16)
DA:3,1
DA:4,1
DA:18,1
DA:19,24
DA:20,0
DA:22,24
DA:31,1
DA:32,11
DA:35,11
DA:36,0
DA:38,11
DA:42,0
DA:43,0
DA:44,0
DA:45,0
DA:47,0
DA:48,0
DA:51,0
DA:52,0
DA:53,0
DA:64,1
DA:69,0
DA:70,0
DA:72,0
DA:73,0
DA:74,0
DA:75,0
DA:76,0
DA:80,0
DA:90,1
DA:91,0
DA:93,0
DA:94,0
DA:95,0
DA:96,0
DA:97,0
DA:99,0
DA:100,0
DA:102,0
DA:105,0
DA:107,0
DA:108,0
DA:109,0
DA:110,0
DA:111,0
DA:112,0
DA:113,0
DA:114,0
DA:115,0
DA:116,0
DA:118,0
DA:121,0
DA:122,0
DA:123,0
DA:124,0
DA:125,0
DA:126,0
DA:127,0
DA:128,0
DA:130,0
DA:131,0
DA:133,0
DA:136,0
DA:137,0
DA:138,0
DA:139,0
DA:140,0
DA:141,0
DA:142,0
DA:143,0
DA:145,0
DA:148,0
DA:151,0
DA:152,0
DA:154,0
DA:155,0
DA:157,0
DA:160,0
DA:161,0
DA:162,0
DA:163,0
DA:164,0
DA:166,0
DA:167,0
DA:170,0
DA:171,0
DA:176,0
DA:177,0
DA:180,0
DA:181,0
DA:182,0
DA:185,0
DA:186,0
DA:187,0
DA:190,0
DA:192,0
DA:193,0
DA:194,0
DA:195,0
DA:196,0
DA:198,0
DA:199,0
DA:200,0
DA:202,0
LF:104
LH:11
BRDA:19,0,0,0
BRDA:19,1,0,24
BRDA:19,1,1,24
BRDA:22,2,0,24
BRDA:22,2,1,0
BRDA:31,3,0,0
BRDA:31,4,0,0
BRDA:35,5,0,0
BRDA:42,6,0,0
BRDA:42,6,1,0
BRDA:42,7,0,0
BRDA:42,7,1,0
BRDA:43,8,0,0
BRDA:43,8,1,0
BRDA:43,9,0,0
BRDA:43,9,1,0
BRDA:44,10,0,0
BRDA:44,10,1,0
BRDA:45,11,0,0
BRDA:45,11,1,0
BRDA:47,12,0,0
BRDA:48,13,0,0
BRDA:48,13,1,0
BRDA:51,14,0,0
BRDA:51,14,1,0
BRDA:51,15,0,0
BRDA:51,15,1,0
BRDA:51,16,0,0
BRDA:51,16,1,0
BRDA:52,17,0,0
BRDA:52,17,1,0
BRDA:52,18,0,0
BRDA:52,18,1,0
BRDA:52,19,0,0
BRDA:52,19,1,0
BRDA:65,20,0,0
BRDA:66,21,0,0
BRDA:69,22,0,0
BRDA:69,22,1,0
BRDA:69,23,0,0
BRDA:69,23,1,0
BRDA:70,24,0,0
BRDA:70,25,0,0
BRDA:70,25,1,0
BRDA:75,26,0,0
BRDA:75,27,0,0
BRDA:75,27,1,0
BRDA:90,28,0,0
BRDA:90,29,0,0
BRDA:93,30,0,0
BRDA:93,30,1,0
BRDA:96,31,0,0
BRDA:99,32,0,0
BRDA:102,33,0,0
BRDA:102,33,1,0
BRDA:102,33,2,0
BRDA:107,34,0,0
BRDA:107,35,0,0
BRDA:107,35,1,0
BRDA:109,36,0,0
BRDA:112,37,0,0
BRDA:114,38,0,0
BRDA:115,39,0,0
BRDA:115,39,1,0
BRDA:118,40,0,0
BRDA:122,41,0,0
BRDA:122,42,0,0
BRDA:122,42,1,0
BRDA:123,43,0,0
BRDA:124,44,0,0
BRDA:124,45,0,0
BRDA:124,45,1,0
BRDA:126,46,0,0
BRDA:126,47,0,0
BRDA:126,47,1,0
BRDA:130,48,0,0
BRDA:136,49,0,0
BRDA:137,50,0,0
BRDA:137,50,1,0
BRDA:137,51,0,0
BRDA:137,51,1,0
BRDA:138,52,0,0
BRDA:138,53,0,0
BRDA:138,53,1,0
BRDA:140,54,0,0
BRDA:142,55,0,0
BRDA:145,56,0,0
BRDA:145,56,1,0
BRDA:148,57,0,0
BRDA:148,57,1,0
BRDA:151,58,0,0
BRDA:151,59,0,0
BRDA:151,59,1,0
BRDA:154,60,0,0
BRDA:154,61,0,0
BRDA:154,61,1,0
BRDA:160,62,0,0
BRDA:160,62,1,0
BRDA:160,63,0,0
BRDA:160,63,1,0
BRDA:161,64,0,0
BRDA:161,65,0,0
BRDA:161,65,1,0
BRDA:163,66,0,0
BRDA:164,67,0,0
BRDA:164,67,1,0
BRDA:166,68,0,0
BRDA:176,69,0,0
BRDA:176,70,0,0
BRDA:176,70,1,0
BRDA:181,71,0,0
BRDA:181,72,0,0
BRDA:181,72,1,0
BRDA:181,72,2,0
BRDA:185,73,0,0
BRDA:185,73,1,0
BRDA:185,74,0,0
BRDA:185,74,1,0
BRDA:186,75,0,0
BRDA:186,76,0,0
BRDA:186,76,1,0
BRDA:190,77,0,0
BRDA:190,77,1,0
BRDA:195,78,0,0
BRDA:195,78,1,0
BRDA:195,79,0,0
BRDA:195,79,1,0
BRDA:196,80,0,0
BRDA:196,80,1,0
BRDA:196,81,0,0
BRDA:196,81,1,0
BRDA:198,82,0,0
BRDA:198,83,0,0
BRDA:198,83,1,0
BRDA:199,84,0,0
BRDA:200,85,0,0
BRF:136
BRH:3
end_of_record
TN:
SF:src/utils/dateRange.ts
FN:23,(anonymous_0)
FN:30,(anonymous_1)
FN:48,(anonymous_2)
FN:52,(anonymous_3)
FN:55,(anonymous_4)
FN:61,(anonymous_5)
FN:65,(anonymous_6)
FN:83,(anonymous_7)
FN:100,(anonymous_8)
FN:109,(anonymous_9)
FN:128,(anonymous_10)
FNF:11
FNH:0
FNDA:0,(anonymous_0)
FNDA:0,(anonymous_1)
FNDA:0,(anonymous_2)
FNDA:0,(anonymous_3)
FNDA:0,(anonymous_4)
FNDA:0,(anonymous_5)
FNDA:0,(anonymous_6)
FNDA:0,(anonymous_7)
FNDA:0,(anonymous_8)
FNDA:0,(anonymous_9)
FNDA:0,(anonymous_10)
DA:21,1
DA:23,1
DA:24,0
DA:25,0
DA:26,0
DA:27,0
DA:30,1
DA:31,0
DA:32,0
DA:33,0
DA:36,1
DA:46,1
DA:48,1
DA:49,0
DA:50,0
DA:52,0
DA:55,1
DA:56,0
DA:57,0
DA:58,0
DA:61,1
DA:65,0
DA:66,0
DA:67,0
DA:70,0
DA:71,0
DA:73,0
DA:74,0
DA:77,0
DA:83,1
DA:84,0
DA:85,0
DA:88,0
DA:89,0
DA:92,0
DA:93,0
DA:94,0
DA:97,0
DA:100,1
DA:101,0
DA:102,0
DA:105,0
DA:106,0
DA:109,1
DA:110,0
DA:111,0
DA:114,0
DA:115,0
DA:117,0
DA:118,0
DA:119,0
DA:121,0
DA:122,0
DA:125,0
DA:128,1
DA:129,0
DA:130,0
DA:133,0
DA:134,0
DA:135,0
DA:138,0
LF:61
LH:12
BRDA:49,0,0,0
BRDA:63,1,0,0
BRDA:66,2,0,0
BRDA:73,3,0,0
BRDA:84,4,0,0
BRDA:88,5,0,0
BRDA:93,6,0,0
BRDA:101,7,0,0
BRDA:101,8,0,0
BRDA:101,8,1,0
BRDA:106,9,0,0
BRDA:106,9,1,0
BRDA:110,10,0,0
BRDA:114,11,0,0
BRDA:114,11,1,0
BRDA:114,12,0,0
BRDA:114,12,1,0
BRDA:115,13,0,0
BRDA:115,13,1,0
BRDA:115,14,0,0
BRDA:115,14,1,0
BRDA:118,15,0,0
BRDA:121,16,0,0
BRDA:125,17,0,0
BRDA:125,17,1,0
BRDA:125,18,0,0
BRDA:125,18,1,0
BRDA:129,19,0,0
BRDA:133,20,0,0
BRDA:133,20,1,0
BRDA:134,21,0,0
BRF:31
BRH:0
end_of_record
TN:
SF:src/utils/formatters.ts
FN:30,(anonymous_0)
FN:72,(anonymous_1)
FN:140,(anonymous_2)
FN:155,(anonymous_3)
FN:190,(anonymous_4)
FN:210,(anonymous_5)
FNF:6
FNH:2
FNDA:0,(anonymous_0)
FNDA:24,(anonymous_1)
FNDA:0,(anonymous_2)
FNDA:0,(anonymous_3)
FNDA:24,(anonymous_4)
FNDA:0,(anonymous_5)
DA:30,1
DA:35,0
DA:37,0
DA:38,0
DA:39,0
DA:43,0
DA:47,0
DA:53,0
DA:56,0
DA:60,0
DA:62,0
DA:63,0
DA:64,0
DA:65,0
DA:72,1
DA:79,24
DA:81,24
DA:82,24
DA:84,0
DA:85,0
DA:86,0
DA:88,0
DA:90,0
DA:92,0
DA:94,0
DA:95,0
DA:97,0
DA:98,0
DA:100,0
DA:101,0
DA:104,0
DA:106,0
DA:109,0
DA:111,0
DA:113,0
DA:115,0
DA:117,0
DA:119,0
DA:121,0
DA:123,0
DA:125,0
DA:126,0
DA:129,24
DA:132,0
DA:133,0
DA:140,1
DA:141,0
DA:142,0
DA:144,0
DA:155,1
DA:156,0
DA:157,0
DA:159,0
DA:160,0
DA:161,0
DA:163,0
DA:165,0
DA:167,0
DA:169,0
DA:171,0
DA:173,0
DA:179,0
DA:181,0
DA:183,0
DA:190,1
DA:191,24
DA:193,24
DA:195,0
DA:197,0
DA:201,0
DA:203,24
DA:210,1
DA:211,0
DA:212,0
DA:215,0
DA:216,0
DA:219,0
DA:220,0
DA:223,0
DA:224,0
DA:227,0
DA:228,0
DA:230,0
DA:231,0
DA:234,0
LF:85
LH:13
BRDA:37,0,0,0
BRDA:37,1,0,0
BRDA:37,1,1,0
BRDA:37,1,2,0
BRDA:39,2,0,0
BRDA:39,2,1,0
BRDA:43,3,0,0
BRDA:43,3,1,0
BRDA:47,4,0,0
BRDA:47,4,1,0
BRDA:48,5,0,0
BRDA:48,5,1,0
BRDA:48,5,2,0
BRDA:53,6,0,0
BRDA:53,6,1,0
BRDA:56,7,0,0
BRDA:56,7,1,0
BRDA:65,8,0,0
BRDA:65,8,1,0
BRDA:79,9,0,0
BRDA:79,10,0,24
BRDA:79,10,1,24
BRDA:82,11,0,0
BRDA:82,11,1,0
BRDA:82,11,2,0
BRDA:82,11,3,0
BRDA:82,11,4,0
BRDA:82,11,5,0
BRDA:82,11,6,0
BRDA:82,11,7,0
BRDA:82,11,8,0
BRDA:82,11,9,0
BRDA:82,11,10,0
BRDA:82,11,11,0
BRDA:82,11,12,0
BRDA:82,11,13,0
BRDA:82,11,14,0
BRDA:82,11,15,0
BRDA:82,11,16,0
BRDA:82,11,17,0
BRDA:82,11,18,0
BRDA:82,11,19,0
BRDA:82,11,20,24
BRDA:82,11,21,24
BRDA:84,12,0,0
BRDA:84,12,1,0
BRDA:85,13,0,0
BRDA:85,13,1,0
BRDA:95,14,0,0
BRDA:95,14,1,0
BRDA:98,15,0,0
BRDA:98,15,1,0
BRDA:101,16,0,0
BRDA:101,16,1,0
BRDA:117,17,0,0
BRDA:117,17,1,0
BRDA:119,18,0,0
BRDA:119,18,1,0
BRDA:142,19,0,0
BRDA:156,20,0,0
BRDA:156,20,1,0
BRDA:157,21,0,0
BRDA:163,22,0,0
BRDA:163,22,1,0
BRDA:163,22,2,0
BRDA:163,22,3,0
BRDA:163,22,4,0
BRDA:163,22,5,0
BRDA:163,22,6,0
BRDA:163,22,7,0
BRDA:191,23,0,0
BRDA:191,24,0,24
BRDA:191,24,1,24
BRDA:193,25,0,0
BRDA:193,25,1,0
BRDA:193,25,2,0
BRDA:193,25,3,0
BRDA:193,25,4,0
BRDA:193,25,5,24
BRDA:195,26,0,0
BRDA:195,26,1,0
BRDA:197,27,0,0
BRDA:197,27,1,0
BRDA:211,28,0,0
BRDA:215,29,0,0
BRDA:215,30,0,0
BRDA:215,30,1,0
BRDA:219,31,0,0
BRDA:219,32,0,0
BRDA:219,32,1,0
BRDA:223,33,0,0
BRDA:223,34,0,0
BRDA:223,34,1,0
BRDA:227,35,0,0
BRDA:227,35,1,0
BRDA:228,36,0,0
BRDA:228,36,1,0
BRDA:230,37,0,0
BRDA:230,38,0,0
BRDA:230,38,1,0
BRF:100
BRH:7
end_of_record
TN:
SF:src/utils/gridApi.ts
FN:22,(anonymous_0)
FN:27,(anonymous_1)
FN:28,(anonymous_2)
FN:29,(anonymous_3)
FN:41,(anonymous_4)
FN:44,(anonymous_5)
FN:67,(anonymous_6)
FN:76,(anonymous_7)
FNF:8
FNH:1
FNDA:0,(anonymous_0)
FNDA:0,(anonymous_1)
FNDA:0,(anonymous_2)
FNDA:0,(anonymous_3)
FNDA:0,(anonymous_4)
FNDA:0,(anonymous_5)
FNDA:9,(anonymous_6)
FNDA:0,(anonymous_7)
DA:10,1
DA:22,1
DA:23,0
DA:24,0
DA:25,0
DA:26,0
DA:27,0
DA:28,0
DA:29,0
DA:31,0
DA:32,0
DA:41,1
DA:42,0
DA:44,0
DA:49,0
DA:54,0
DA:55,0
DA:57,0
DA:67,1
DA:72,9
DA:74,9
DA:76,9
DA:77,0
DA:78,0
DA:81,0
DA:83,0
DA:84,0
DA:87,0
DA:88,0
DA:89,0
DA:90,0
DA:93,0
DA:95,0
DA:96,0
DA:102,0
DA:103,0
DA:108,0
DA:109,0
DA:116,0
DA:119,0
DA:120,0
DA:123,0
DA:126,0
DA:129,0
DA:131,0
DA:132,0
DA:134,0
DA:135,0
DA:142,0
DA:150,0
DA:158,9
DA:159,9
LF:52
LH:9
BRDA:23,0,0,0
BRDA:25,1,0,0
BRDA:25,1,1,0
BRDA:25,2,0,0
BRDA:25,2,1,0
BRDA:25,3,0,0
BRDA:25,3,1,0
BRDA:28,4,0,0
BRDA:28,4,1,0
BRDA:28,5,0,0
BRDA:28,5,1,0
BRDA:42,6,0,0
BRDA:72,7,0,0
BRDA:76,8,0,9
BRDA:76,8,1,0
BRDA:77,9,0,0
BRDA:77,10,0,0
BRDA:77,10,1,0
BRDA:83,11,0,0
BRDA:83,12,0,0
BRDA:83,12,1,0
BRDA:84,13,0,0
BRDA:84,13,1,0
BRDA:84,14,0,0
BRDA:84,14,1,0
BRDA:87,15,0,0
BRDA:89,16,0,0
BRDA:95,17,0,0
BRDA:95,17,1,0
BRDA:95,18,0,0
BRDA:95,18,1,0
BRDA:102,19,0,0
BRDA:102,19,1,0
BRDA:108,20,0,0
BRDA:119,21,0,0
BRDA:123,22,0,0
BRDA:123,23,0,0
BRDA:123,23,1,0
BRDA:126,24,0,0
BRDA:126,24,1,0
BRDA:126,25,0,0
BRDA:126,25,1,0
BRDA:129,26,0,0
BRDA:129,26,1,0
BRDA:131,27,0,0
BRDA:131,27,1,0
BRDA:131,28,0,0
BRDA:131,28,1,0
BRDA:134,29,0,0
BRDA:134,29,1,0
BRDA:158,30,0,0
BRDA:158,30,1,9
BRDA:159,31,0,9
BRDA:159,31,1,9
BRF:54
BRH:4
end_of_record
TN:
SF:src/utils/polling.ts
FN:20,shouldShowNotification
FN:79,calculateCumulativeChange
FN:97,formatCumulativeMessage
FN:109,normalizePollingInterval
FNF:4
FNH:2
FNDA:2,shouldShowNotification
FNDA:0,calculateCumulativeChange
FNDA:0,formatCumulativeMessage
FNDA:2,normalizePollingInterval
DA:20,1
DA:26,2
DA:27,1
DA:36,1
DA:37,0
DA:45,1
DA:48,1
DA:49,1
DA:58,0
DA:60,0
DA:64,0
DA:79,1
DA:84,0
DA:86,0
DA:89,0
DA:97,1
DA:98,0
DA:99,0
DA:109,1
DA:110,2
DA:111,2
DA:112,2
LF:22
LH:13
BRDA:26,0,0,1
BRDA:36,1,0,0
BRDA:48,2,0,1
BRDA:60,3,0,0
BRDA:60,3,1,0
BRDA:61,4,0,0
BRDA:61,4,1,0
BRDA:62,5,0,0
BRDA:62,5,1,0
BRDA:68,6,0,0
BRDA:68,6,1,0
BRDA:84,7,0,0
BRDA:99,8,0,0
BRDA:99,8,1,0
BRDA:100,9,0,0
BRDA:100,9,1,0
BRDA:101,10,0,0
BRDA:101,10,1,0
BRF:18
BRH:2
end_of_record
TN:
SF:src/utils/renderers.ts
FN:13,(anonymous_0)
FN:19,(anonymous_1)
FN:57,(anonymous_2)
FN:63,(anonymous_3)
FN:77,(anonymous_4)
FN:78,(anonymous_5)
FN:79,(anonymous_6)
FN:89,(anonymous_7)
FN:129,(anonymous_8)
FN:152,(anonymous_9)
FN:156,(anonymous_10)
FNF:11
FNH:0
FNDA:0,(anonymous_0)
FNDA:0,(anonymous_1)
FNDA:0,(anonymous_2)
FNDA:0,(anonymous_3)
FNDA:0,(anonymous_4)
FNDA:0,(anonymous_5)
FNDA:0,(anonymous_6)
FNDA:0,(anonymous_7)
FNDA:0,(anonymous_8)
FNDA:0,(anonymous_9)
FNDA:0,(anonymous_10)
DA:3,1
DA:13,1
DA:19,0
DA:20,0
DA:22,0
DA:23,0
DA:25,0
DA:26,0
DA:27,0
DA:31,0
DA:38,0
DA:39,0
DA:40,0
DA:46,0
DA:48,0
DA:49,0
DA:57,1
DA:63,0
DA:64,0
DA:65,0
DA:66,0
DA:68,0
DA:69,0
DA:77,1
DA:78,0
DA:79,0
DA:80,0
DA:81,0
DA:82,0
DA:89,1
DA:91,0
DA:92,0
DA:96,0
DA:97,0
DA:100,0
DA:101,0
DA:105,0
DA:119,0
DA:123,0
DA:129,1
DA:136,0
DA:138,0
DA:139,0
DA:141,0
DA:142,0
DA:146,0
DA:153,0
DA:154,0
DA:156,0
DA:157,0
DA:169,0
DA:170,0
DA:174,0
DA:175,0
DA:178,0
DA:185,0
LF:56
LH:6
BRDA:22,0,0,0
BRDA:22,1,0,0
BRDA:22,1,1,0
BRDA:25,2,0,0
BRDA:25,3,0,0
BRDA:25,3,1,0
BRDA:27,4,0,0
BRDA:27,4,1,0
BRDA:28,5,0,0
BRDA:28,5,1,0
BRDA:28,6,0,0
BRDA:28,6,1,0
BRDA:29,7,0,0
BRDA:29,7,1,0
BRDA:29,8,0,0
BRDA:29,8,1,0
BRDA:32,9,0,0
BRDA:32,9,1,0
BRDA:38,10,0,0
BRDA:46,11,0,0
BRDA:46,11,1,0
BRDA:49,12,0,0
BRDA:49,12,1,0
BRDA:58,13,0,0
BRDA:59,14,0,0
BRDA:65,15,0,0
BRDA:65,16,0,0
BRDA:65,16,1,0
BRDA:69,17,0,0
BRDA:69,17,1,0
BRDA:79,18,0,0
BRDA:79,18,1,0
BRDA:79,19,0,0
BRDA:79,19,1,0
BRDA:80,20,0,0
BRDA:80,21,0,0
BRDA:80,21,1,0
BRDA:82,22,0,0
BRDA:82,22,1,0
BRDA:82,23,0,0
BRDA:82,23,1,0
BRDA:82,24,0,0
BRDA:82,24,1,0
BRDA:91,25,0,0
BRDA:91,26,0,0
BRDA:91,26,1,0
BRDA:96,27,0,0
BRDA:96,27,1,0
BRDA:97,28,0,0
BRDA:97,28,1,0
BRDA:97,29,0,0
BRDA:97,29,1,0
BRDA:97,30,0,0
BRDA:97,30,1,0
BRDA:100,31,0,0
BRDA:105,32,0,0
BRDA:106,33,0,0
BRDA:106,33,1,0
BRDA:106,33,2,0
BRDA:106,33,3,0
BRDA:106,33,4,0
BRDA:106,33,5,0
BRDA:106,33,6,0
BRDA:106,33,7,0
BRDA:106,33,8,0
BRDA:106,33,9,0
BRDA:106,33,10,0
BRDA:106,33,11,0
BRDA:136,34,0,0
BRDA:136,34,1,0
BRDA:138,35,0,0
BRDA:138,35,1,0
BRDA:141,36,0,0
BRDA:141,36,1,0
BRDA:141,37,0,0
BRDA:141,37,1,0
BRDA:142,38,0,0
BRDA:142,38,1,0
BRDA:143,39,0,0
BRDA:143,39,1,0
BRDA:143,40,0,0
BRDA:143,40,1,0
BRDA:144,41,0,0
BRDA:144,41,1,0
BRDA:144,42,0,0
BRDA:144,42,1,0
BRDA:161,43,0,0
BRDA:161,43,1,0
BRDA:180,44,0,0
BRDA:180,44,1,0
BRF:90
BRH:0
end_of_record
TN:
SF:src/utils/state.ts
FN:8,(anonymous_0)
FN:10,(anonymous_1)
FN:11,(anonymous_2)
FN:16,(anonymous_3)
FN:18,(anonymous_4)
FN:26,(anonymous_5)
FN:28,(anonymous_6)
FN:41,(anonymous_7)
FN:42,(anonymous_8)
FN:42,(anonymous_9)
FN:50,(anonymous_10)
FN:52,(anonymous_11)
FNF:12
FNH:8
FNDA:9,(anonymous_0)
FNDA:9,(anonymous_1)
FNDA:0,(anonymous_2)
FNDA:0,(anonymous_3)
FNDA:0,(anonymous_4)
FNDA:9,(anonymous_5)
FNDA:9,(anonymous_6)
FNDA:9,(anonymous_7)
FNDA:9,(anonymous_8)
FNDA:0,(anonymous_9)
FNDA:9,(anonymous_10)
FNDA:9,(anonymous_11)
DA:8,1
DA:9,9
DA:10,9
DA:11,0
DA:16,0
DA:18,9
DA:26,1
DA:27,9
DA:28,9
DA:29,9
DA:30,0
DA:33,9
DA:41,1
DA:42,9
DA:50,1
DA:51,9
DA:52,9
DA:53,9
DA:54,0
DA:55,0
DA:58,9
LF:21
LH:16
BRDA:8,0,0,0
BRDA:10,1,0,9
BRDA:10,1,1,0
BRDA:10,1,2,0
BRDA:10,2,0,0
BRDA:10,2,1,0
BRDA:10,3,0,0
BRDA:10,3,1,0
BRDA:14,4,0,0
BRDA:14,4,1,0
BRDA:14,5,0,0
BRDA:14,5,1,0
BRDA:26,6,0,0
BRDA:29,7,0,0
BRDA:29,8,0,0
BRDA:29,8,1,9
BRDA:29,9,0,9
BRDA:29,9,1,9
BRDA:41,10,0,0
BRDA:42,11,0,0
BRDA:42,11,1,9
BRDA:42,12,0,9
BRDA:42,12,1,9
BRDA:50,13,0,0
BRDA:53,14,0,0
BRDA:53,15,0,0
BRDA:53,15,1,9
BRDA:53,16,0,9
BRDA:53,16,1,9
BRDA:54,17,0,0
BRDA:54,17,1,0
BRDA:54,18,0,0
BRDA:54,18,1,0
BRF:33
BRH:10
end_of_record
